This file contains any messages produced by compilers while
running configure, to aid debugging if configure makes a mistake.

It was created by configure, which was
generated by GNU Autoconf 2.59.  Invocation command line was

  $ ./configure --build=i686-linux --host=mips-linux --libdir=/home/temp/fredli/Main_OI_b4_PQA/apps/public/lib --with-libssl=/home/temp/fredli/Main_OI_b4_PQA/apps/public/wget-1.11.2/ --with-libmatrixssl-prefix=/home/temp/fredli/Main_OI_b4_PQA/apps/public/wget-1.11.2/ --without-libintl-prefix --disable-digest --disable-ntlm --disable-largefile --disable-nls --disable-FEATURE --disable-opie CC=mips-linux-uclibc-gcc -mips32r2 -msoft-float build_alias=i686-linux host_alias=mips-linux --no-create --no-recursion

## --------- ##
## Platform. ##
## --------- ##

hostname = mbjsbbcf06
uname -m = i686
uname -r = 2.6.9-89.ELsmp
uname -s = Linux
uname -v = #1 SMP Mon Apr 20 10:34:33 EDT 2009

/usr/bin/uname -p = unknown
/bin/uname -X     = unknown

/bin/arch              = i686
/usr/bin/arch -k       = unknown
/usr/convex/getsysinfo = unknown
hostinfo               = unknown
/bin/machine           = unknown
/usr/bin/oslevel       = unknown
/bin/universe          = unknown

PATH: /opt/trendchip/mips-linux-glibc-4.9.3/usr/bin
PATH: /mtktools/LSF/8/8.0/linux2.6-glibc2.3-x86/bin
PATH: /mtktools/LSF/8/8.0/linux2.6-glibc2.3-x86/etc
PATH: /mtkoss/android_sdk/5.1/x86_64/platform-tools
PATH: /mtkeda/ado/bin/rhel-4.8-i686
PATH: /opt/trendchip/mips-linux-3.4.6/bin
PATH: /opt/trendchip/mips-linux-uclibc/usr/bin
PATH: /opt/CodeSourcery/mips-4.2/bin
PATH: /mtkeda/perforce/linux26x86_2010.2
PATH: /mtkeda/perforce/linux26x86_2010.2/p4v/bin
PATH: /mtkeda/perforce/linux26x86_2014.1
PATH: /mtkeda/perforce/linux26x86_2014.1/p4v/bin
PATH: /mtkoss/lzop/1.03-rhel-4.8/i686
PATH: /mtkoss/cmake/2.8.3-linux/i686/bin
PATH: /mtkoss/ccache/3.1.4-rhel-4.8/i686/bin
PATH: /mtkoss/gcc/3.4.6/i686/bin
PATH: /mtkoss/python/2.6/i686/bin
PATH: /mtkoss/jdk/1.6.0_02/bin
PATH: /mtkeda/perforce/linux26x86_2010.2
PATH: /mtkeda/perforce/linux26x86_2010.2/p4v/bin
PATH: /mtkeda/perforce/linux26x86_2014.1
PATH: /mtkeda/perforce/linux26x86_2014.1/p4v/bin
PATH: /mtkeda/LSF/7.04/7.0/linux2.6-glibc2.3-x86/etc
PATH: /mtkeda/LSF/7.04/7.0/linux2.6-glibc2.3-x86/bin
PATH: /usr/lib/qt-3.3/bin
PATH: /usr/kerberos/bin
PATH: /usr/local/bin
PATH: /bin
PATH: /usr/bin
PATH: /mtkeda/IT/bin
PATH: /mtkeda/IT/sbin
PATH: /mtkeda/CI/MtkCheckStyle
PATH: /mtkeda/CI/MtkCheckStyle/MtkCheckStyle
PATH: /mtkeda/apb
PATH: /mtkeda/CI/MtkCheckStyle
PATH: /mtkeda/Utility/LM_daemon/Synopsys/11.6/Linux/amd64/bin


## ----------- ##
## Core tests. ##
## ----------- ##

configure:1404: configuring for GNU Wget 1.11.2
configure:1441: checking build system type
configure:1459: result: i686-pc-linux-gnu
configure:1467: checking host system type
configure:1481: result: mips-unknown-linux-gnu
configure:1561: checking whether make sets $(MAKE)
configure:1581: result: yes
configure:1604: checking for a BSD-compatible install
configure:1659: result: /usr/bin/install -c
configure:1683: checking for mips-linux-gcc
configure:1709: result: mips-linux-uclibc-gcc -mips32r2 -msoft-float
configure:1991: checking for C compiler version
configure:1994: mips-linux-uclibc-gcc -mips32r2 -msoft-float --version </dev/null >&5
mips-linux-uclibc-gcc (GCC) 4.3.4
Copyright (C) 2008 Free Software Foundation, Inc.
This is free software; see the source for copying conditions.  There is NO
warranty; not even for MERCHANTABILITY or FITNESS FOR A PARTICULAR PURPOSE.

configure:1997: $? = 0
configure:1999: mips-linux-uclibc-gcc -mips32r2 -msoft-float -v </dev/null >&5
Using built-in specs.
Target: mips-linux-uclibc
Configured with: /home/socsw_local/lino/toolchain/tc3262/buildroot-2009.11/output/toolchain/gcc-4.3.4/configure --prefix=/usr --build=i386-pc-linux-gnu --host=i386-pc-linux-gnu --target=mips-linux-uclibc --enable-languages=c,c++ --with-sysroot=/opt/trendchip/mips-linux-uclibc --with-build-time-tools=/opt/trendchip/mips-linux-uclibc/usr/mips-linux-uclibc/bin --disable-__cxa_atexit --enable-target-optspace --with-gnu-ld --disable-libssp --enable-tls --enable-shared --with-gmp=/home/socsw_local/lino/toolchain/tc3262/buildroot-2009.11/output/toolchain/gmp --with-mpfr=/home/socsw_local/lino/toolchain/tc3262/buildroot-2009.11/output/toolchain/mpfr --disable-nls --enable-threads --disable-multilib --disable-decimal-float --with-float=soft --with-abi=32 --with-tune=mips32r2
Thread model: posix
gcc version 4.3.4 (GCC) 
configure:2002: $? = 0
configure:2004: mips-linux-uclibc-gcc -mips32r2 -msoft-float -V </dev/null >&5
mips-linux-uclibc-gcc: '-V' must come at the start of the command line
configure:2007: $? = 1
configure:2030: checking for C compiler default output file name
configure:2033: mips-linux-uclibc-gcc -mips32r2 -msoft-float    conftest.c  >&5
configure:2036: $? = 0
configure:2082: result: a.out
configure:2087: checking whether the C compiler works
configure:2113: result: yes
configure:2120: checking whether we are cross compiling
configure:2122: result: yes
configure:2125: checking for suffix of executables
configure:2127: mips-linux-uclibc-gcc -mips32r2 -msoft-float -o conftest    conftest.c  >&5
configure:2130: $? = 0
configure:2155: result: 
configure:2161: checking for suffix of object files
configure:2182: mips-linux-uclibc-gcc -mips32r2 -msoft-float -c   conftest.c >&5
configure:2185: $? = 0
configure:2207: result: o
configure:2211: checking whether we are using the GNU C compiler
configure:2235: mips-linux-uclibc-gcc -mips32r2 -msoft-float -c   conftest.c >&5
configure:2241: $? = 0
configure:2245: test -z 
			 || test ! -s conftest.err
configure:2248: $? = 0
configure:2251: test -s conftest.o
configure:2254: $? = 0
configure:2267: result: yes
configure:2273: checking whether mips-linux-uclibc-gcc -mips32r2 -msoft-float accepts -g
configure:2294: mips-linux-uclibc-gcc -mips32r2 -msoft-float -c -g  conftest.c >&5
configure:2300: $? = 0
configure:2304: test -z 
			 || test ! -s conftest.err
configure:2307: $? = 0
configure:2310: test -s conftest.o
configure:2313: $? = 0
configure:2324: result: yes
configure:2341: checking for mips-linux-uclibc-gcc -mips32r2 -msoft-float option to accept ANSI C
configure:2411: mips-linux-uclibc-gcc -mips32r2 -msoft-float  -c   conftest.c >&5
configure:2417: $? = 0
configure:2421: test -z 
			 || test ! -s conftest.err
configure:2424: $? = 0
configure:2427: test -s conftest.o
configure:2430: $? = 0
configure:2448: result: none needed
configure:2466: mips-linux-uclibc-gcc -mips32r2 -msoft-float -c   conftest.c >&5
conftest.c:2: error: expected '=', ',', ';', 'asm' or '__attribute__' before 'me'
configure:2472: $? = 1
configure: failed program was:
| #ifndef __cplusplus
|   choke me
| #endif
configure:2611: checking how to run the C preprocessor
configure:2646: mips-linux-uclibc-gcc -mips32r2 -msoft-float -E  conftest.c
configure:2652: $? = 0
configure:2684: mips-linux-uclibc-gcc -mips32r2 -msoft-float -E  conftest.c
conftest.c:11:28: error: ac_nonexistent.h: No such file or directory
configure:2690: $? = 1
configure: failed program was:
| /* confdefs.h.  */
| 
| #define PACKAGE_NAME ""
| #define PACKAGE_TARNAME ""
| #define PACKAGE_VERSION ""
| #define PACKAGE_STRING ""
| #define PACKAGE_BUGREPORT ""
| #define OS_TYPE "linux-gnu"
| #define ENABLE_DEBUG 1
| /* end confdefs.h.  */
| #include <ac_nonexistent.h>
configure:2729: result: mips-linux-uclibc-gcc -mips32r2 -msoft-float -E
configure:2753: mips-linux-uclibc-gcc -mips32r2 -msoft-float -E  conftest.c
configure:2759: $? = 0
configure:2791: mips-linux-uclibc-gcc -mips32r2 -msoft-float -E  conftest.c
conftest.c:11:28: error: ac_nonexistent.h: No such file or directory
configure:2797: $? = 1
configure: failed program was:
| /* confdefs.h.  */
| 
| #define PACKAGE_NAME ""
| #define PACKAGE_TARNAME ""
| #define PACKAGE_VERSION ""
| #define PACKAGE_STRING ""
| #define PACKAGE_BUGREPORT ""
| #define OS_TYPE "linux-gnu"
| #define ENABLE_DEBUG 1
| /* end confdefs.h.  */
| #include <ac_nonexistent.h>
configure:2841: checking for egrep
configure:2851: result: grep -E
configure:2857: checking for AIX
configure:2879: result: no
configure:2898: checking for an ANSI C-conforming const
configure:2965: mips-linux-uclibc-gcc -mips32r2 -msoft-float -c  -O2 -Wall  conftest.c >&5
conftest.c: In function 'main':
conftest.c:38: warning: unused variable 's'
conftest.c:58: warning: unused variable 'foo'
conftest.c:25: warning: unused variable 'zero'
conftest.c:19: warning: unused variable 'x'
conftest.c:40: warning: 't' is used uninitialized in this function
conftest.c:55: warning: 'b' is used uninitialized in this function
configure:2971: $? = 0
configure:2975: test -z 
			 || test ! -s conftest.err
configure:2978: $? = 0
configure:2981: test -s conftest.o
configure:2984: $? = 0
configure:2995: result: yes
configure:3005: checking for inline
configure:3026: mips-linux-uclibc-gcc -mips32r2 -msoft-float -c  -O2 -Wall  conftest.c >&5
configure:3032: $? = 0
configure:3036: test -z 
			 || test ! -s conftest.err
configure:3039: $? = 0
configure:3042: test -s conftest.o
configure:3045: $? = 0
configure:3057: result: inline
configure:3076: checking for working volatile
configure:3099: mips-linux-uclibc-gcc -mips32r2 -msoft-float -c  -O2 -Wall  conftest.c >&5
conftest.c: In function 'main':
conftest.c:17: warning: unused variable 'y'
conftest.c:16: warning: unused variable 'x'
configure:3105: $? = 0
configure:3109: test -z 
			 || test ! -s conftest.err
configure:3112: $? = 0
configure:3115: test -s conftest.o
configure:3118: $? = 0
configure:3129: result: yes
configure:3140: checking for ANSI C header files
configure:3165: mips-linux-uclibc-gcc -mips32r2 -msoft-float -c  -O2 -Wall  conftest.c >&5
configure:3171: $? = 0
configure:3175: test -z 
			 || test ! -s conftest.err
configure:3178: $? = 0
configure:3181: test -s conftest.o
configure:3184: $? = 0
configure:3296: result: yes
configure:3685: checking for sys/types.h
configure:3701: mips-linux-uclibc-gcc -mips32r2 -msoft-float -c  -O2 -Wall  conftest.c >&5
configure:3707: $? = 0
configure:3711: test -z 
			 || test ! -s conftest.err
configure:3714: $? = 0
configure:3717: test -s conftest.o
configure:3720: $? = 0
configure:3731: result: yes
configure:3685: checking for sys/stat.h
configure:3701: mips-linux-uclibc-gcc -mips32r2 -msoft-float -c  -O2 -Wall  conftest.c >&5
configure:3707: $? = 0
configure:3711: test -z 
			 || test ! -s conftest.err
configure:3714: $? = 0
configure:3717: test -s conftest.o
configure:3720: $? = 0
configure:3731: result: yes
configure:3685: checking for stdlib.h
configure:3701: mips-linux-uclibc-gcc -mips32r2 -msoft-float -c  -O2 -Wall  conftest.c >&5
configure:3707: $? = 0
configure:3711: test -z 
			 || test ! -s conftest.err
configure:3714: $? = 0
configure:3717: test -s conftest.o
configure:3720: $? = 0
configure:3731: result: yes
configure:3685: checking for string.h
configure:3701: mips-linux-uclibc-gcc -mips32r2 -msoft-float -c  -O2 -Wall  conftest.c >&5
configure:3707: $? = 0
configure:3711: test -z 
			 || test ! -s conftest.err
configure:3714: $? = 0
configure:3717: test -s conftest.o
configure:3720: $? = 0
configure:3731: result: yes
configure:3685: checking for memory.h
configure:3701: mips-linux-uclibc-gcc -mips32r2 -msoft-float -c  -O2 -Wall  conftest.c >&5
configure:3707: $? = 0
configure:3711: test -z 
			 || test ! -s conftest.err
configure:3714: $? = 0
configure:3717: test -s conftest.o
configure:3720: $? = 0
configure:3731: result: yes
configure:3685: checking for strings.h
configure:3701: mips-linux-uclibc-gcc -mips32r2 -msoft-float -c  -O2 -Wall  conftest.c >&5
configure:3707: $? = 0
configure:3711: test -z 
			 || test ! -s conftest.err
configure:3714: $? = 0
configure:3717: test -s conftest.o
configure:3720: $? = 0
configure:3731: result: yes
configure:3685: checking for inttypes.h
configure:3701: mips-linux-uclibc-gcc -mips32r2 -msoft-float -c  -O2 -Wall  conftest.c >&5
configure:3707: $? = 0
configure:3711: test -z 
			 || test ! -s conftest.err
configure:3714: $? = 0
configure:3717: test -s conftest.o
configure:3720: $? = 0
configure:3731: result: yes
configure:3685: checking for stdint.h
configure:3701: mips-linux-uclibc-gcc -mips32r2 -msoft-float -c  -O2 -Wall  conftest.c >&5
configure:3707: $? = 0
configure:3711: test -z 
			 || test ! -s conftest.err
configure:3714: $? = 0
configure:3717: test -s conftest.o
configure:3720: $? = 0
configure:3731: result: yes
configure:3685: checking for unistd.h
configure:3701: mips-linux-uclibc-gcc -mips32r2 -msoft-float -c  -O2 -Wall  conftest.c >&5
configure:3707: $? = 0
configure:3711: test -z 
			 || test ! -s conftest.err
configure:3714: $? = 0
configure:3717: test -s conftest.o
configure:3720: $? = 0
configure:3731: result: yes
configure:3743: checking for off_t
configure:3767: mips-linux-uclibc-gcc -mips32r2 -msoft-float -c  -O2 -Wall  conftest.c >&5
configure:3773: $? = 0
configure:3777: test -z 
			 || test ! -s conftest.err
configure:3780: $? = 0
configure:3783: test -s conftest.o
configure:3786: $? = 0
configure:3797: result: yes
configure:3800: checking size of off_t
configure:3830: mips-linux-uclibc-gcc -mips32r2 -msoft-float -c  -O2 -Wall  conftest.c >&5
configure:3836: $? = 0
configure:3840: test -z 
			 || test ! -s conftest.err
configure:3843: $? = 0
configure:3846: test -s conftest.o
configure:3849: $? = 0
configure:3871: mips-linux-uclibc-gcc -mips32r2 -msoft-float -c  -O2 -Wall  conftest.c >&5
conftest.c: In function 'main':
conftest.c:58: error: size of array 'test_array' is negative
configure:3877: $? = 1
configure: failed program was:
| /* confdefs.h.  */
| 
| #define PACKAGE_NAME ""
| #define PACKAGE_TARNAME ""
| #define PACKAGE_VERSION ""
| #define PACKAGE_STRING ""
| #define PACKAGE_BUGREPORT ""
| #define OS_TYPE "linux-gnu"
| #define ENABLE_DEBUG 1
| #define STDC_HEADERS 1
| #define HAVE_SYS_TYPES_H 1
| #define HAVE_SYS_STAT_H 1
| #define HAVE_STDLIB_H 1
| #define HAVE_STRING_H 1
| #define HAVE_MEMORY_H 1
| #define HAVE_STRINGS_H 1
| #define HAVE_INTTYPES_H 1
| #define HAVE_STDINT_H 1
| #define HAVE_UNISTD_H 1
| /* end confdefs.h.  */
| #include <stdio.h>
| #if HAVE_SYS_TYPES_H
| # include <sys/types.h>
| #endif
| #if HAVE_SYS_STAT_H
| # include <sys/stat.h>
| #endif
| #if STDC_HEADERS
| # include <stdlib.h>
| # include <stddef.h>
| #else
| # if HAVE_STDLIB_H
| #  include <stdlib.h>
| # endif
| #endif
| #if HAVE_STRING_H
| # if !STDC_HEADERS && HAVE_MEMORY_H
| #  include <memory.h>
| # endif
| # include <string.h>
| #endif
| #if HAVE_STRINGS_H
| # include <strings.h>
| #endif
| #if HAVE_INTTYPES_H
| # include <inttypes.h>
| #else
| # if HAVE_STDINT_H
| #  include <stdint.h>
| # endif
| #endif
| #if HAVE_UNISTD_H
| # include <unistd.h>
| #endif
| int
| main ()
| {
| static int test_array [1 - 2 * !(((long) (sizeof (off_t))) <= 0)];
| test_array [0] = 0
| 
|   ;
|   return 0;
| }
configure:3871: mips-linux-uclibc-gcc -mips32r2 -msoft-float -c  -O2 -Wall  conftest.c >&5
conftest.c: In function 'main':
conftest.c:58: error: size of array 'test_array' is negative
configure:3877: $? = 1
configure: failed program was:
| /* confdefs.h.  */
| 
| #define PACKAGE_NAME ""
| #define PACKAGE_TARNAME ""
| #define PACKAGE_VERSION ""
| #define PACKAGE_STRING ""
| #define PACKAGE_BUGREPORT ""
| #define OS_TYPE "linux-gnu"
| #define ENABLE_DEBUG 1
| #define STDC_HEADERS 1
| #define HAVE_SYS_TYPES_H 1
| #define HAVE_SYS_STAT_H 1
| #define HAVE_STDLIB_H 1
| #define HAVE_STRING_H 1
| #define HAVE_MEMORY_H 1
| #define HAVE_STRINGS_H 1
| #define HAVE_INTTYPES_H 1
| #define HAVE_STDINT_H 1
| #define HAVE_UNISTD_H 1
| /* end confdefs.h.  */
| #include <stdio.h>
| #if HAVE_SYS_TYPES_H
| # include <sys/types.h>
| #endif
| #if HAVE_SYS_STAT_H
| # include <sys/stat.h>
| #endif
| #if STDC_HEADERS
| # include <stdlib.h>
| # include <stddef.h>
| #else
| # if HAVE_STDLIB_H
| #  include <stdlib.h>
| # endif
| #endif
| #if HAVE_STRING_H
| # if !STDC_HEADERS && HAVE_MEMORY_H
| #  include <memory.h>
| # endif
| # include <string.h>
| #endif
| #if HAVE_STRINGS_H
| # include <strings.h>
| #endif
| #if HAVE_INTTYPES_H
| # include <inttypes.h>
| #else
| # if HAVE_STDINT_H
| #  include <stdint.h>
| # endif
| #endif
| #if HAVE_UNISTD_H
| # include <unistd.h>
| #endif
| int
| main ()
| {
| static int test_array [1 - 2 * !(((long) (sizeof (off_t))) <= 1)];
| test_array [0] = 0
| 
|   ;
|   return 0;
| }
configure:3871: mips-linux-uclibc-gcc -mips32r2 -msoft-float -c  -O2 -Wall  conftest.c >&5
conftest.c: In function 'main':
conftest.c:58: error: size of array 'test_array' is negative
configure:3877: $? = 1
configure: failed program was:
| /* confdefs.h.  */
| 
| #define PACKAGE_NAME ""
| #define PACKAGE_TARNAME ""
| #define PACKAGE_VERSION ""
| #define PACKAGE_STRING ""
| #define PACKAGE_BUGREPORT ""
| #define OS_TYPE "linux-gnu"
| #define ENABLE_DEBUG 1
| #define STDC_HEADERS 1
| #define HAVE_SYS_TYPES_H 1
| #define HAVE_SYS_STAT_H 1
| #define HAVE_STDLIB_H 1
| #define HAVE_STRING_H 1
| #define HAVE_MEMORY_H 1
| #define HAVE_STRINGS_H 1
| #define HAVE_INTTYPES_H 1
| #define HAVE_STDINT_H 1
| #define HAVE_UNISTD_H 1
| /* end confdefs.h.  */
| #include <stdio.h>
| #if HAVE_SYS_TYPES_H
| # include <sys/types.h>
| #endif
| #if HAVE_SYS_STAT_H
| # include <sys/stat.h>
| #endif
| #if STDC_HEADERS
| # include <stdlib.h>
| # include <stddef.h>
| #else
| # if HAVE_STDLIB_H
| #  include <stdlib.h>
| # endif
| #endif
| #if HAVE_STRING_H
| # if !STDC_HEADERS && HAVE_MEMORY_H
| #  include <memory.h>
| # endif
| # include <string.h>
| #endif
| #if HAVE_STRINGS_H
| # include <strings.h>
| #endif
| #if HAVE_INTTYPES_H
| # include <inttypes.h>
| #else
| # if HAVE_STDINT_H
| #  include <stdint.h>
| # endif
| #endif
| #if HAVE_UNISTD_H
| # include <unistd.h>
| #endif
| int
| main ()
| {
| static int test_array [1 - 2 * !(((long) (sizeof (off_t))) <= 3)];
| test_array [0] = 0
| 
|   ;
|   return 0;
| }
configure:3871: mips-linux-uclibc-gcc -mips32r2 -msoft-float -c  -O2 -Wall  conftest.c >&5
configure:3877: $? = 0
configure:3881: test -z 
			 || test ! -s conftest.err
configure:3884: $? = 0
configure:3887: test -s conftest.o
configure:3890: $? = 0
configure:4034: mips-linux-uclibc-gcc -mips32r2 -msoft-float -c  -O2 -Wall  conftest.c >&5
configure:4040: $? = 0
configure:4044: test -z 
			 || test ! -s conftest.err
configure:4047: $? = 0
configure:4050: test -s conftest.o
configure:4053: $? = 0
configure:4034: mips-linux-uclibc-gcc -mips32r2 -msoft-float -c  -O2 -Wall  conftest.c >&5
configure:4040: $? = 0
configure:4044: test -z 
			 || test ! -s conftest.err
configure:4047: $? = 0
configure:4050: test -s conftest.o
configure:4053: $? = 0
configure:4150: result: 4
configure:4158: checking for stdbool.h that conforms to C99
configure:4211: mips-linux-uclibc-gcc -mips32r2 -msoft-float -c  -O2 -Wall  conftest.c >&5
conftest.c:49: warning: the address of 's' will always evaluate as 'true'
conftest.c: In function 'main':
conftest.c:58: warning: the address of 'a' will always evaluate as 'true'
conftest.c:58: warning: the address of 'b' will always evaluate as 'true'
conftest.c:58: warning: the address of 'c' will always evaluate as 'true'
conftest.c:58: warning: the address of 'd' will always evaluate as 'true'
conftest.c:58: warning: the address of 'f' will always evaluate as 'true'
conftest.c:58: warning: the address of 'g' will always evaluate as 'true'
conftest.c:58: warning: the address of 'h' will always evaluate as 'true'
conftest.c:58: warning: the address of 'i' will always evaluate as 'true'
configure:4217: $? = 0
configure:4221: test -z 
			 || test ! -s conftest.err
configure:4224: $? = 0
configure:4227: test -s conftest.o
configure:4230: $? = 0
configure:4241: result: yes
configure:4243: checking for _Bool
configure:4267: mips-linux-uclibc-gcc -mips32r2 -msoft-float -c  -O2 -Wall  conftest.c >&5
configure:4273: $? = 0
configure:4277: test -z 
			 || test ! -s conftest.err
configure:4280: $? = 0
configure:4283: test -s conftest.o
configure:4286: $? = 0
configure:4297: result: yes
configure:4322: checking for unistd.h
configure:4327: result: yes
configure:4331: checking sys/time.h usability
configure:4343: mips-linux-uclibc-gcc -mips32r2 -msoft-float -c  -O2 -Wall  conftest.c >&5
configure:4349: $? = 0
configure:4353: test -z 
			 || test ! -s conftest.err
configure:4356: $? = 0
configure:4359: test -s conftest.o
configure:4362: $? = 0
configure:4372: result: yes
configure:4376: checking sys/time.h presence
configure:4386: mips-linux-uclibc-gcc -mips32r2 -msoft-float -E  conftest.c
configure:4392: $? = 0
configure:4412: result: yes
configure:4447: checking for sys/time.h
configure:4454: result: yes
configure:4485: checking termios.h usability
configure:4497: mips-linux-uclibc-gcc -mips32r2 -msoft-float -c  -O2 -Wall  conftest.c >&5
configure:4503: $? = 0
configure:4507: test -z 
			 || test ! -s conftest.err
configure:4510: $? = 0
configure:4513: test -s conftest.o
configure:4516: $? = 0
configure:4526: result: yes
configure:4530: checking termios.h presence
configure:4540: mips-linux-uclibc-gcc -mips32r2 -msoft-float -E  conftest.c
configure:4546: $? = 0
configure:4566: result: yes
configure:4601: checking for termios.h
configure:4608: result: yes
configure:4485: checking sys/ioctl.h usability
configure:4497: mips-linux-uclibc-gcc -mips32r2 -msoft-float -c  -O2 -Wall  conftest.c >&5
configure:4503: $? = 0
configure:4507: test -z 
			 || test ! -s conftest.err
configure:4510: $? = 0
configure:4513: test -s conftest.o
configure:4516: $? = 0
configure:4526: result: yes
configure:4530: checking sys/ioctl.h presence
configure:4540: mips-linux-uclibc-gcc -mips32r2 -msoft-float -E  conftest.c
configure:4546: $? = 0
configure:4566: result: yes
configure:4601: checking for sys/ioctl.h
configure:4608: result: yes
configure:4485: checking sys/select.h usability
configure:4497: mips-linux-uclibc-gcc -mips32r2 -msoft-float -c  -O2 -Wall  conftest.c >&5
configure:4503: $? = 0
configure:4507: test -z 
			 || test ! -s conftest.err
configure:4510: $? = 0
configure:4513: test -s conftest.o
configure:4516: $? = 0
configure:4526: result: yes
configure:4530: checking sys/select.h presence
configure:4540: mips-linux-uclibc-gcc -mips32r2 -msoft-float -E  conftest.c
configure:4546: $? = 0
configure:4566: result: yes
configure:4601: checking for sys/select.h
configure:4608: result: yes
configure:4485: checking utime.h usability
configure:4497: mips-linux-uclibc-gcc -mips32r2 -msoft-float -c  -O2 -Wall  conftest.c >&5
configure:4503: $? = 0
configure:4507: test -z 
			 || test ! -s conftest.err
configure:4510: $? = 0
configure:4513: test -s conftest.o
configure:4516: $? = 0
configure:4526: result: yes
configure:4530: checking utime.h presence
configure:4540: mips-linux-uclibc-gcc -mips32r2 -msoft-float -E  conftest.c
configure:4546: $? = 0
configure:4566: result: yes
configure:4601: checking for utime.h
configure:4608: result: yes
configure:4485: checking sys/utime.h usability
configure:4497: mips-linux-uclibc-gcc -mips32r2 -msoft-float -c  -O2 -Wall  conftest.c >&5
conftest.c:64:23: error: sys/utime.h: No such file or directory
configure:4503: $? = 1
configure: failed program was:
| /* confdefs.h.  */
| 
| #define PACKAGE_NAME ""
| #define PACKAGE_TARNAME ""
| #define PACKAGE_VERSION ""
| #define PACKAGE_STRING ""
| #define PACKAGE_BUGREPORT ""
| #define OS_TYPE "linux-gnu"
| #define ENABLE_DEBUG 1
| #define STDC_HEADERS 1
| #define HAVE_SYS_TYPES_H 1
| #define HAVE_SYS_STAT_H 1
| #define HAVE_STDLIB_H 1
| #define HAVE_STRING_H 1
| #define HAVE_MEMORY_H 1
| #define HAVE_STRINGS_H 1
| #define HAVE_INTTYPES_H 1
| #define HAVE_STDINT_H 1
| #define HAVE_UNISTD_H 1
| #define SIZEOF_OFF_T 4
| #define HAVE__BOOL 1
| #define HAVE_STDBOOL_H 1
| #define HAVE_UNISTD_H 1
| #define HAVE_SYS_TIME_H 1
| #define HAVE_TERMIOS_H 1
| #define HAVE_SYS_IOCTL_H 1
| #define HAVE_SYS_SELECT_H 1
| #define HAVE_UTIME_H 1
| /* end confdefs.h.  */
| #include <stdio.h>
| #if HAVE_SYS_TYPES_H
| # include <sys/types.h>
| #endif
| #if HAVE_SYS_STAT_H
| # include <sys/stat.h>
| #endif
| #if STDC_HEADERS
| # include <stdlib.h>
| # include <stddef.h>
| #else
| # if HAVE_STDLIB_H
| #  include <stdlib.h>
| # endif
| #endif
| #if HAVE_STRING_H
| # if !STDC_HEADERS && HAVE_MEMORY_H
| #  include <memory.h>
| # endif
| # include <string.h>
| #endif
| #if HAVE_STRINGS_H
| # include <strings.h>
| #endif
| #if HAVE_INTTYPES_H
| # include <inttypes.h>
| #else
| # if HAVE_STDINT_H
| #  include <stdint.h>
| # endif
| #endif
| #if HAVE_UNISTD_H
| # include <unistd.h>
| #endif
| #include <sys/utime.h>
configure:4526: result: no
configure:4530: checking sys/utime.h presence
configure:4540: mips-linux-uclibc-gcc -mips32r2 -msoft-float -E  conftest.c
conftest.c:30:23: error: sys/utime.h: No such file or directory
configure:4546: $? = 1
configure: failed program was:
| /* confdefs.h.  */
| 
| #define PACKAGE_NAME ""
| #define PACKAGE_TARNAME ""
| #define PACKAGE_VERSION ""
| #define PACKAGE_STRING ""
| #define PACKAGE_BUGREPORT ""
| #define OS_TYPE "linux-gnu"
| #define ENABLE_DEBUG 1
| #define STDC_HEADERS 1
| #define HAVE_SYS_TYPES_H 1
| #define HAVE_SYS_STAT_H 1
| #define HAVE_STDLIB_H 1
| #define HAVE_STRING_H 1
| #define HAVE_MEMORY_H 1
| #define HAVE_STRINGS_H 1
| #define HAVE_INTTYPES_H 1
| #define HAVE_STDINT_H 1
| #define HAVE_UNISTD_H 1
| #define SIZEOF_OFF_T 4
| #define HAVE__BOOL 1
| #define HAVE_STDBOOL_H 1
| #define HAVE_UNISTD_H 1
| #define HAVE_SYS_TIME_H 1
| #define HAVE_TERMIOS_H 1
| #define HAVE_SYS_IOCTL_H 1
| #define HAVE_SYS_SELECT_H 1
| #define HAVE_UTIME_H 1
| /* end confdefs.h.  */
| #include <sys/utime.h>
configure:4566: result: no
configure:4601: checking for sys/utime.h
configure:4608: result: no
configure:4629: checking for stdint.h
configure:4634: result: yes
configure:4629: checking for inttypes.h
configure:4634: result: yes
configure:4638: checking pwd.h usability
configure:4650: mips-linux-uclibc-gcc -mips32r2 -msoft-float -c  -O2 -Wall  conftest.c >&5
configure:4656: $? = 0
configure:4660: test -z 
			 || test ! -s conftest.err
configure:4663: $? = 0
configure:4666: test -s conftest.o
configure:4669: $? = 0
configure:4679: result: yes
configure:4683: checking pwd.h presence
configure:4693: mips-linux-uclibc-gcc -mips32r2 -msoft-float -E  conftest.c
configure:4699: $? = 0
configure:4719: result: yes
configure:4754: checking for pwd.h
configure:4761: result: yes
configure:4638: checking wchar.h usability
configure:4650: mips-linux-uclibc-gcc -mips32r2 -msoft-float -c  -O2 -Wall  conftest.c >&5
configure:4656: $? = 0
configure:4660: test -z 
			 || test ! -s conftest.err
configure:4663: $? = 0
configure:4666: test -s conftest.o
configure:4669: $? = 0
configure:4679: result: yes
configure:4683: checking wchar.h presence
configure:4693: mips-linux-uclibc-gcc -mips32r2 -msoft-float -E  conftest.c
configure:4699: $? = 0
configure:4719: result: yes
configure:4754: checking for wchar.h
configure:4761: result: yes
configure:4775: checking for short
configure:4799: mips-linux-uclibc-gcc -mips32r2 -msoft-float -c  -O2 -Wall  conftest.c >&5
configure:4805: $? = 0
configure:4809: test -z 
			 || test ! -s conftest.err
configure:4812: $? = 0
configure:4815: test -s conftest.o
configure:4818: $? = 0
configure:4829: result: yes
configure:4832: checking size of short
configure:4862: mips-linux-uclibc-gcc -mips32r2 -msoft-float -c  -O2 -Wall  conftest.c >&5
configure:4868: $? = 0
configure:4872: test -z 
			 || test ! -s conftest.err
configure:4875: $? = 0
configure:4878: test -s conftest.o
configure:4881: $? = 0
configure:4903: mips-linux-uclibc-gcc -mips32r2 -msoft-float -c  -O2 -Wall  conftest.c >&5
conftest.c: In function 'main':
conftest.c:71: error: size of array 'test_array' is negative
configure:4909: $? = 1
configure: failed program was:
| /* confdefs.h.  */
| 
| #define PACKAGE_NAME ""
| #define PACKAGE_TARNAME ""
| #define PACKAGE_VERSION ""
| #define PACKAGE_STRING ""
| #define PACKAGE_BUGREPORT ""
| #define OS_TYPE "linux-gnu"
| #define ENABLE_DEBUG 1
| #define STDC_HEADERS 1
| #define HAVE_SYS_TYPES_H 1
| #define HAVE_SYS_STAT_H 1
| #define HAVE_STDLIB_H 1
| #define HAVE_STRING_H 1
| #define HAVE_MEMORY_H 1
| #define HAVE_STRINGS_H 1
| #define HAVE_INTTYPES_H 1
| #define HAVE_STDINT_H 1
| #define HAVE_UNISTD_H 1
| #define SIZEOF_OFF_T 4
| #define HAVE__BOOL 1
| #define HAVE_STDBOOL_H 1
| #define HAVE_UNISTD_H 1
| #define HAVE_SYS_TIME_H 1
| #define HAVE_TERMIOS_H 1
| #define HAVE_SYS_IOCTL_H 1
| #define HAVE_SYS_SELECT_H 1
| #define HAVE_UTIME_H 1
| #define HAVE_STDINT_H 1
| #define HAVE_INTTYPES_H 1
| #define HAVE_PWD_H 1
| #define HAVE_WCHAR_H 1
| /* end confdefs.h.  */
| #include <stdio.h>
| #if HAVE_SYS_TYPES_H
| # include <sys/types.h>
| #endif
| #if HAVE_SYS_STAT_H
| # include <sys/stat.h>
| #endif
| #if STDC_HEADERS
| # include <stdlib.h>
| # include <stddef.h>
| #else
| # if HAVE_STDLIB_H
| #  include <stdlib.h>
| # endif
| #endif
| #if HAVE_STRING_H
| # if !STDC_HEADERS && HAVE_MEMORY_H
| #  include <memory.h>
| # endif
| # include <string.h>
| #endif
| #if HAVE_STRINGS_H
| # include <strings.h>
| #endif
| #if HAVE_INTTYPES_H
| # include <inttypes.h>
| #else
| # if HAVE_STDINT_H
| #  include <stdint.h>
| # endif
| #endif
| #if HAVE_UNISTD_H
| # include <unistd.h>
| #endif
| int
| main ()
| {
| static int test_array [1 - 2 * !(((long) (sizeof (short))) <= 0)];
| test_array [0] = 0
| 
|   ;
|   return 0;
| }
configure:4903: mips-linux-uclibc-gcc -mips32r2 -msoft-float -c  -O2 -Wall  conftest.c >&5
conftest.c: In function 'main':
conftest.c:71: error: size of array 'test_array' is negative
configure:4909: $? = 1
configure: failed program was:
| /* confdefs.h.  */
| 
| #define PACKAGE_NAME ""
| #define PACKAGE_TARNAME ""
| #define PACKAGE_VERSION ""
| #define PACKAGE_STRING ""
| #define PACKAGE_BUGREPORT ""
| #define OS_TYPE "linux-gnu"
| #define ENABLE_DEBUG 1
| #define STDC_HEADERS 1
| #define HAVE_SYS_TYPES_H 1
| #define HAVE_SYS_STAT_H 1
| #define HAVE_STDLIB_H 1
| #define HAVE_STRING_H 1
| #define HAVE_MEMORY_H 1
| #define HAVE_STRINGS_H 1
| #define HAVE_INTTYPES_H 1
| #define HAVE_STDINT_H 1
| #define HAVE_UNISTD_H 1
| #define SIZEOF_OFF_T 4
| #define HAVE__BOOL 1
| #define HAVE_STDBOOL_H 1
| #define HAVE_UNISTD_H 1
| #define HAVE_SYS_TIME_H 1
| #define HAVE_TERMIOS_H 1
| #define HAVE_SYS_IOCTL_H 1
| #define HAVE_SYS_SELECT_H 1
| #define HAVE_UTIME_H 1
| #define HAVE_STDINT_H 1
| #define HAVE_INTTYPES_H 1
| #define HAVE_PWD_H 1
| #define HAVE_WCHAR_H 1
| /* end confdefs.h.  */
| #include <stdio.h>
| #if HAVE_SYS_TYPES_H
| # include <sys/types.h>
| #endif
| #if HAVE_SYS_STAT_H
| # include <sys/stat.h>
| #endif
| #if STDC_HEADERS
| # include <stdlib.h>
| # include <stddef.h>
| #else
| # if HAVE_STDLIB_H
| #  include <stdlib.h>
| # endif
| #endif
| #if HAVE_STRING_H
| # if !STDC_HEADERS && HAVE_MEMORY_H
| #  include <memory.h>
| # endif
| # include <string.h>
| #endif
| #if HAVE_STRINGS_H
| # include <strings.h>
| #endif
| #if HAVE_INTTYPES_H
| # include <inttypes.h>
| #else
| # if HAVE_STDINT_H
| #  include <stdint.h>
| # endif
| #endif
| #if HAVE_UNISTD_H
| # include <unistd.h>
| #endif
| int
| main ()
| {
| static int test_array [1 - 2 * !(((long) (sizeof (short))) <= 1)];
| test_array [0] = 0
| 
|   ;
|   return 0;
| }
configure:4903: mips-linux-uclibc-gcc -mips32r2 -msoft-float -c  -O2 -Wall  conftest.c >&5
configure:4909: $? = 0
configure:4913: test -z 
			 || test ! -s conftest.err
configure:4916: $? = 0
configure:4919: test -s conftest.o
configure:4922: $? = 0
configure:5066: mips-linux-uclibc-gcc -mips32r2 -msoft-float -c  -O2 -Wall  conftest.c >&5
configure:5072: $? = 0
configure:5076: test -z 
			 || test ! -s conftest.err
configure:5079: $? = 0
configure:5082: test -s conftest.o
configure:5085: $? = 0
configure:5182: result: 2
configure:5189: checking for int
configure:5213: mips-linux-uclibc-gcc -mips32r2 -msoft-float -c  -O2 -Wall  conftest.c >&5
configure:5219: $? = 0
configure:5223: test -z 
			 || test ! -s conftest.err
configure:5226: $? = 0
configure:5229: test -s conftest.o
configure:5232: $? = 0
configure:5243: result: yes
configure:5246: checking size of int
configure:5276: mips-linux-uclibc-gcc -mips32r2 -msoft-float -c  -O2 -Wall  conftest.c >&5
configure:5282: $? = 0
configure:5286: test -z 
			 || test ! -s conftest.err
configure:5289: $? = 0
configure:5292: test -s conftest.o
configure:5295: $? = 0
configure:5317: mips-linux-uclibc-gcc -mips32r2 -msoft-float -c  -O2 -Wall  conftest.c >&5
conftest.c: In function 'main':
conftest.c:72: error: size of array 'test_array' is negative
configure:5323: $? = 1
configure: failed program was:
| /* confdefs.h.  */
| 
| #define PACKAGE_NAME ""
| #define PACKAGE_TARNAME ""
| #define PACKAGE_VERSION ""
| #define PACKAGE_STRING ""
| #define PACKAGE_BUGREPORT ""
| #define OS_TYPE "linux-gnu"
| #define ENABLE_DEBUG 1
| #define STDC_HEADERS 1
| #define HAVE_SYS_TYPES_H 1
| #define HAVE_SYS_STAT_H 1
| #define HAVE_STDLIB_H 1
| #define HAVE_STRING_H 1
| #define HAVE_MEMORY_H 1
| #define HAVE_STRINGS_H 1
| #define HAVE_INTTYPES_H 1
| #define HAVE_STDINT_H 1
| #define HAVE_UNISTD_H 1
| #define SIZEOF_OFF_T 4
| #define HAVE__BOOL 1
| #define HAVE_STDBOOL_H 1
| #define HAVE_UNISTD_H 1
| #define HAVE_SYS_TIME_H 1
| #define HAVE_TERMIOS_H 1
| #define HAVE_SYS_IOCTL_H 1
| #define HAVE_SYS_SELECT_H 1
| #define HAVE_UTIME_H 1
| #define HAVE_STDINT_H 1
| #define HAVE_INTTYPES_H 1
| #define HAVE_PWD_H 1
| #define HAVE_WCHAR_H 1
| #define SIZEOF_SHORT 2
| /* end confdefs.h.  */
| #include <stdio.h>
| #if HAVE_SYS_TYPES_H
| # include <sys/types.h>
| #endif
| #if HAVE_SYS_STAT_H
| # include <sys/stat.h>
| #endif
| #if STDC_HEADERS
| # include <stdlib.h>
| # include <stddef.h>
| #else
| # if HAVE_STDLIB_H
| #  include <stdlib.h>
| # endif
| #endif
| #if HAVE_STRING_H
| # if !STDC_HEADERS && HAVE_MEMORY_H
| #  include <memory.h>
| # endif
| # include <string.h>
| #endif
| #if HAVE_STRINGS_H
| # include <strings.h>
| #endif
| #if HAVE_INTTYPES_H
| # include <inttypes.h>
| #else
| # if HAVE_STDINT_H
| #  include <stdint.h>
| # endif
| #endif
| #if HAVE_UNISTD_H
| # include <unistd.h>
| #endif
| int
| main ()
| {
| static int test_array [1 - 2 * !(((long) (sizeof (int))) <= 0)];
| test_array [0] = 0
| 
|   ;
|   return 0;
| }
configure:5317: mips-linux-uclibc-gcc -mips32r2 -msoft-float -c  -O2 -Wall  conftest.c >&5
conftest.c: In function 'main':
conftest.c:72: error: size of array 'test_array' is negative
configure:5323: $? = 1
configure: failed program was:
| /* confdefs.h.  */
| 
| #define PACKAGE_NAME ""
| #define PACKAGE_TARNAME ""
| #define PACKAGE_VERSION ""
| #define PACKAGE_STRING ""
| #define PACKAGE_BUGREPORT ""
| #define OS_TYPE "linux-gnu"
| #define ENABLE_DEBUG 1
| #define STDC_HEADERS 1
| #define HAVE_SYS_TYPES_H 1
| #define HAVE_SYS_STAT_H 1
| #define HAVE_STDLIB_H 1
| #define HAVE_STRING_H 1
| #define HAVE_MEMORY_H 1
| #define HAVE_STRINGS_H 1
| #define HAVE_INTTYPES_H 1
| #define HAVE_STDINT_H 1
| #define HAVE_UNISTD_H 1
| #define SIZEOF_OFF_T 4
| #define HAVE__BOOL 1
| #define HAVE_STDBOOL_H 1
| #define HAVE_UNISTD_H 1
| #define HAVE_SYS_TIME_H 1
| #define HAVE_TERMIOS_H 1
| #define HAVE_SYS_IOCTL_H 1
| #define HAVE_SYS_SELECT_H 1
| #define HAVE_UTIME_H 1
| #define HAVE_STDINT_H 1
| #define HAVE_INTTYPES_H 1
| #define HAVE_PWD_H 1
| #define HAVE_WCHAR_H 1
| #define SIZEOF_SHORT 2
| /* end confdefs.h.  */
| #include <stdio.h>
| #if HAVE_SYS_TYPES_H
| # include <sys/types.h>
| #endif
| #if HAVE_SYS_STAT_H
| # include <sys/stat.h>
| #endif
| #if STDC_HEADERS
| # include <stdlib.h>
| # include <stddef.h>
| #else
| # if HAVE_STDLIB_H
| #  include <stdlib.h>
| # endif
| #endif
| #if HAVE_STRING_H
| # if !STDC_HEADERS && HAVE_MEMORY_H
| #  include <memory.h>
| # endif
| # include <string.h>
| #endif
| #if HAVE_STRINGS_H
| # include <strings.h>
| #endif
| #if HAVE_INTTYPES_H
| # include <inttypes.h>
| #else
| # if HAVE_STDINT_H
| #  include <stdint.h>
| # endif
| #endif
| #if HAVE_UNISTD_H
| # include <unistd.h>
| #endif
| int
| main ()
| {
| static int test_array [1 - 2 * !(((long) (sizeof (int))) <= 1)];
| test_array [0] = 0
| 
|   ;
|   return 0;
| }
configure:5317: mips-linux-uclibc-gcc -mips32r2 -msoft-float -c  -O2 -Wall  conftest.c >&5
conftest.c: In function 'main':
conftest.c:72: error: size of array 'test_array' is negative
configure:5323: $? = 1
configure: failed program was:
| /* confdefs.h.  */
| 
| #define PACKAGE_NAME ""
| #define PACKAGE_TARNAME ""
| #define PACKAGE_VERSION ""
| #define PACKAGE_STRING ""
| #define PACKAGE_BUGREPORT ""
| #define OS_TYPE "linux-gnu"
| #define ENABLE_DEBUG 1
| #define STDC_HEADERS 1
| #define HAVE_SYS_TYPES_H 1
| #define HAVE_SYS_STAT_H 1
| #define HAVE_STDLIB_H 1
| #define HAVE_STRING_H 1
| #define HAVE_MEMORY_H 1
| #define HAVE_STRINGS_H 1
| #define HAVE_INTTYPES_H 1
| #define HAVE_STDINT_H 1
| #define HAVE_UNISTD_H 1
| #define SIZEOF_OFF_T 4
| #define HAVE__BOOL 1
| #define HAVE_STDBOOL_H 1
| #define HAVE_UNISTD_H 1
| #define HAVE_SYS_TIME_H 1
| #define HAVE_TERMIOS_H 1
| #define HAVE_SYS_IOCTL_H 1
| #define HAVE_SYS_SELECT_H 1
| #define HAVE_UTIME_H 1
| #define HAVE_STDINT_H 1
| #define HAVE_INTTYPES_H 1
| #define HAVE_PWD_H 1
| #define HAVE_WCHAR_H 1
| #define SIZEOF_SHORT 2
| /* end confdefs.h.  */
| #include <stdio.h>
| #if HAVE_SYS_TYPES_H
| # include <sys/types.h>
| #endif
| #if HAVE_SYS_STAT_H
| # include <sys/stat.h>
| #endif
| #if STDC_HEADERS
| # include <stdlib.h>
| # include <stddef.h>
| #else
| # if HAVE_STDLIB_H
| #  include <stdlib.h>
| # endif
| #endif
| #if HAVE_STRING_H
| # if !STDC_HEADERS && HAVE_MEMORY_H
| #  include <memory.h>
| # endif
| # include <string.h>
| #endif
| #if HAVE_STRINGS_H
| # include <strings.h>
| #endif
| #if HAVE_INTTYPES_H
| # include <inttypes.h>
| #else
| # if HAVE_STDINT_H
| #  include <stdint.h>
| # endif
| #endif
| #if HAVE_UNISTD_H
| # include <unistd.h>
| #endif
| int
| main ()
| {
| static int test_array [1 - 2 * !(((long) (sizeof (int))) <= 3)];
| test_array [0] = 0
| 
|   ;
|   return 0;
| }
configure:5317: mips-linux-uclibc-gcc -mips32r2 -msoft-float -c  -O2 -Wall  conftest.c >&5
configure:5323: $? = 0
configure:5327: test -z 
			 || test ! -s conftest.err
configure:5330: $? = 0
configure:5333: test -s conftest.o
configure:5336: $? = 0
configure:5480: mips-linux-uclibc-gcc -mips32r2 -msoft-float -c  -O2 -Wall  conftest.c >&5
configure:5486: $? = 0
configure:5490: test -z 
			 || test ! -s conftest.err
configure:5493: $? = 0
configure:5496: test -s conftest.o
configure:5499: $? = 0
configure:5480: mips-linux-uclibc-gcc -mips32r2 -msoft-float -c  -O2 -Wall  conftest.c >&5
configure:5486: $? = 0
configure:5490: test -z 
			 || test ! -s conftest.err
configure:5493: $? = 0
configure:5496: test -s conftest.o
configure:5499: $? = 0
configure:5596: result: 4
configure:5603: checking for long
configure:5627: mips-linux-uclibc-gcc -mips32r2 -msoft-float -c  -O2 -Wall  conftest.c >&5
configure:5633: $? = 0
configure:5637: test -z 
			 || test ! -s conftest.err
configure:5640: $? = 0
configure:5643: test -s conftest.o
configure:5646: $? = 0
configure:5657: result: yes
configure:5660: checking size of long
configure:5690: mips-linux-uclibc-gcc -mips32r2 -msoft-float -c  -O2 -Wall  conftest.c >&5
configure:5696: $? = 0
configure:5700: test -z 
			 || test ! -s conftest.err
configure:5703: $? = 0
configure:5706: test -s conftest.o
configure:5709: $? = 0
configure:5731: mips-linux-uclibc-gcc -mips32r2 -msoft-float -c  -O2 -Wall  conftest.c >&5
conftest.c: In function 'main':
conftest.c:73: error: size of array 'test_array' is negative
configure:5737: $? = 1
configure: failed program was:
| /* confdefs.h.  */
| 
| #define PACKAGE_NAME ""
| #define PACKAGE_TARNAME ""
| #define PACKAGE_VERSION ""
| #define PACKAGE_STRING ""
| #define PACKAGE_BUGREPORT ""
| #define OS_TYPE "linux-gnu"
| #define ENABLE_DEBUG 1
| #define STDC_HEADERS 1
| #define HAVE_SYS_TYPES_H 1
| #define HAVE_SYS_STAT_H 1
| #define HAVE_STDLIB_H 1
| #define HAVE_STRING_H 1
| #define HAVE_MEMORY_H 1
| #define HAVE_STRINGS_H 1
| #define HAVE_INTTYPES_H 1
| #define HAVE_STDINT_H 1
| #define HAVE_UNISTD_H 1
| #define SIZEOF_OFF_T 4
| #define HAVE__BOOL 1
| #define HAVE_STDBOOL_H 1
| #define HAVE_UNISTD_H 1
| #define HAVE_SYS_TIME_H 1
| #define HAVE_TERMIOS_H 1
| #define HAVE_SYS_IOCTL_H 1
| #define HAVE_SYS_SELECT_H 1
| #define HAVE_UTIME_H 1
| #define HAVE_STDINT_H 1
| #define HAVE_INTTYPES_H 1
| #define HAVE_PWD_H 1
| #define HAVE_WCHAR_H 1
| #define SIZEOF_SHORT 2
| #define SIZEOF_INT 4
| /* end confdefs.h.  */
| #include <stdio.h>
| #if HAVE_SYS_TYPES_H
| # include <sys/types.h>
| #endif
| #if HAVE_SYS_STAT_H
| # include <sys/stat.h>
| #endif
| #if STDC_HEADERS
| # include <stdlib.h>
| # include <stddef.h>
| #else
| # if HAVE_STDLIB_H
| #  include <stdlib.h>
| # endif
| #endif
| #if HAVE_STRING_H
| # if !STDC_HEADERS && HAVE_MEMORY_H
| #  include <memory.h>
| # endif
| # include <string.h>
| #endif
| #if HAVE_STRINGS_H
| # include <strings.h>
| #endif
| #if HAVE_INTTYPES_H
| # include <inttypes.h>
| #else
| # if HAVE_STDINT_H
| #  include <stdint.h>
| # endif
| #endif
| #if HAVE_UNISTD_H
| # include <unistd.h>
| #endif
| int
| main ()
| {
| static int test_array [1 - 2 * !(((long) (sizeof (long))) <= 0)];
| test_array [0] = 0
| 
|   ;
|   return 0;
| }
configure:5731: mips-linux-uclibc-gcc -mips32r2 -msoft-float -c  -O2 -Wall  conftest.c >&5
conftest.c: In function 'main':
conftest.c:73: error: size of array 'test_array' is negative
configure:5737: $? = 1
configure: failed program was:
| /* confdefs.h.  */
| 
| #define PACKAGE_NAME ""
| #define PACKAGE_TARNAME ""
| #define PACKAGE_VERSION ""
| #define PACKAGE_STRING ""
| #define PACKAGE_BUGREPORT ""
| #define OS_TYPE "linux-gnu"
| #define ENABLE_DEBUG 1
| #define STDC_HEADERS 1
| #define HAVE_SYS_TYPES_H 1
| #define HAVE_SYS_STAT_H 1
| #define HAVE_STDLIB_H 1
| #define HAVE_STRING_H 1
| #define HAVE_MEMORY_H 1
| #define HAVE_STRINGS_H 1
| #define HAVE_INTTYPES_H 1
| #define HAVE_STDINT_H 1
| #define HAVE_UNISTD_H 1
| #define SIZEOF_OFF_T 4
| #define HAVE__BOOL 1
| #define HAVE_STDBOOL_H 1
| #define HAVE_UNISTD_H 1
| #define HAVE_SYS_TIME_H 1
| #define HAVE_TERMIOS_H 1
| #define HAVE_SYS_IOCTL_H 1
| #define HAVE_SYS_SELECT_H 1
| #define HAVE_UTIME_H 1
| #define HAVE_STDINT_H 1
| #define HAVE_INTTYPES_H 1
| #define HAVE_PWD_H 1
| #define HAVE_WCHAR_H 1
| #define SIZEOF_SHORT 2
| #define SIZEOF_INT 4
| /* end confdefs.h.  */
| #include <stdio.h>
| #if HAVE_SYS_TYPES_H
| # include <sys/types.h>
| #endif
| #if HAVE_SYS_STAT_H
| # include <sys/stat.h>
| #endif
| #if STDC_HEADERS
| # include <stdlib.h>
| # include <stddef.h>
| #else
| # if HAVE_STDLIB_H
| #  include <stdlib.h>
| # endif
| #endif
| #if HAVE_STRING_H
| # if !STDC_HEADERS && HAVE_MEMORY_H
| #  include <memory.h>
| # endif
| # include <string.h>
| #endif
| #if HAVE_STRINGS_H
| # include <strings.h>
| #endif
| #if HAVE_INTTYPES_H
| # include <inttypes.h>
| #else
| # if HAVE_STDINT_H
| #  include <stdint.h>
| # endif
| #endif
| #if HAVE_UNISTD_H
| # include <unistd.h>
| #endif
| int
| main ()
| {
| static int test_array [1 - 2 * !(((long) (sizeof (long))) <= 1)];
| test_array [0] = 0
| 
|   ;
|   return 0;
| }
configure:5731: mips-linux-uclibc-gcc -mips32r2 -msoft-float -c  -O2 -Wall  conftest.c >&5
conftest.c: In function 'main':
conftest.c:73: error: size of array 'test_array' is negative
configure:5737: $? = 1
configure: failed program was:
| /* confdefs.h.  */
| 
| #define PACKAGE_NAME ""
| #define PACKAGE_TARNAME ""
| #define PACKAGE_VERSION ""
| #define PACKAGE_STRING ""
| #define PACKAGE_BUGREPORT ""
| #define OS_TYPE "linux-gnu"
| #define ENABLE_DEBUG 1
| #define STDC_HEADERS 1
| #define HAVE_SYS_TYPES_H 1
| #define HAVE_SYS_STAT_H 1
| #define HAVE_STDLIB_H 1
| #define HAVE_STRING_H 1
| #define HAVE_MEMORY_H 1
| #define HAVE_STRINGS_H 1
| #define HAVE_INTTYPES_H 1
| #define HAVE_STDINT_H 1
| #define HAVE_UNISTD_H 1
| #define SIZEOF_OFF_T 4
| #define HAVE__BOOL 1
| #define HAVE_STDBOOL_H 1
| #define HAVE_UNISTD_H 1
| #define HAVE_SYS_TIME_H 1
| #define HAVE_TERMIOS_H 1
| #define HAVE_SYS_IOCTL_H 1
| #define HAVE_SYS_SELECT_H 1
| #define HAVE_UTIME_H 1
| #define HAVE_STDINT_H 1
| #define HAVE_INTTYPES_H 1
| #define HAVE_PWD_H 1
| #define HAVE_WCHAR_H 1
| #define SIZEOF_SHORT 2
| #define SIZEOF_INT 4
| /* end confdefs.h.  */
| #include <stdio.h>
| #if HAVE_SYS_TYPES_H
| # include <sys/types.h>
| #endif
| #if HAVE_SYS_STAT_H
| # include <sys/stat.h>
| #endif
| #if STDC_HEADERS
| # include <stdlib.h>
| # include <stddef.h>
| #else
| # if HAVE_STDLIB_H
| #  include <stdlib.h>
| # endif
| #endif
| #if HAVE_STRING_H
| # if !STDC_HEADERS && HAVE_MEMORY_H
| #  include <memory.h>
| # endif
| # include <string.h>
| #endif
| #if HAVE_STRINGS_H
| # include <strings.h>
| #endif
| #if HAVE_INTTYPES_H
| # include <inttypes.h>
| #else
| # if HAVE_STDINT_H
| #  include <stdint.h>
| # endif
| #endif
| #if HAVE_UNISTD_H
| # include <unistd.h>
| #endif
| int
| main ()
| {
| static int test_array [1 - 2 * !(((long) (sizeof (long))) <= 3)];
| test_array [0] = 0
| 
|   ;
|   return 0;
| }
configure:5731: mips-linux-uclibc-gcc -mips32r2 -msoft-float -c  -O2 -Wall  conftest.c >&5
configure:5737: $? = 0
configure:5741: test -z 
			 || test ! -s conftest.err
configure:5744: $? = 0
configure:5747: test -s conftest.o
configure:5750: $? = 0
configure:5894: mips-linux-uclibc-gcc -mips32r2 -msoft-float -c  -O2 -Wall  conftest.c >&5
configure:5900: $? = 0
configure:5904: test -z 
			 || test ! -s conftest.err
configure:5907: $? = 0
configure:5910: test -s conftest.o
configure:5913: $? = 0
configure:5894: mips-linux-uclibc-gcc -mips32r2 -msoft-float -c  -O2 -Wall  conftest.c >&5
configure:5900: $? = 0
configure:5904: test -z 
			 || test ! -s conftest.err
configure:5907: $? = 0
configure:5910: test -s conftest.o
configure:5913: $? = 0
configure:6010: result: 4
configure:6017: checking for long long
configure:6041: mips-linux-uclibc-gcc -mips32r2 -msoft-float -c  -O2 -Wall  conftest.c >&5
configure:6047: $? = 0
configure:6051: test -z 
			 || test ! -s conftest.err
configure:6054: $? = 0
configure:6057: test -s conftest.o
configure:6060: $? = 0
configure:6071: result: yes
configure:6074: checking size of long long
configure:6104: mips-linux-uclibc-gcc -mips32r2 -msoft-float -c  -O2 -Wall  conftest.c >&5
configure:6110: $? = 0
configure:6114: test -z 
			 || test ! -s conftest.err
configure:6117: $? = 0
configure:6120: test -s conftest.o
configure:6123: $? = 0
configure:6145: mips-linux-uclibc-gcc -mips32r2 -msoft-float -c  -O2 -Wall  conftest.c >&5
conftest.c: In function 'main':
conftest.c:74: error: size of array 'test_array' is negative
configure:6151: $? = 1
configure: failed program was:
| /* confdefs.h.  */
| 
| #define PACKAGE_NAME ""
| #define PACKAGE_TARNAME ""
| #define PACKAGE_VERSION ""
| #define PACKAGE_STRING ""
| #define PACKAGE_BUGREPORT ""
| #define OS_TYPE "linux-gnu"
| #define ENABLE_DEBUG 1
| #define STDC_HEADERS 1
| #define HAVE_SYS_TYPES_H 1
| #define HAVE_SYS_STAT_H 1
| #define HAVE_STDLIB_H 1
| #define HAVE_STRING_H 1
| #define HAVE_MEMORY_H 1
| #define HAVE_STRINGS_H 1
| #define HAVE_INTTYPES_H 1
| #define HAVE_STDINT_H 1
| #define HAVE_UNISTD_H 1
| #define SIZEOF_OFF_T 4
| #define HAVE__BOOL 1
| #define HAVE_STDBOOL_H 1
| #define HAVE_UNISTD_H 1
| #define HAVE_SYS_TIME_H 1
| #define HAVE_TERMIOS_H 1
| #define HAVE_SYS_IOCTL_H 1
| #define HAVE_SYS_SELECT_H 1
| #define HAVE_UTIME_H 1
| #define HAVE_STDINT_H 1
| #define HAVE_INTTYPES_H 1
| #define HAVE_PWD_H 1
| #define HAVE_WCHAR_H 1
| #define SIZEOF_SHORT 2
| #define SIZEOF_INT 4
| #define SIZEOF_LONG 4
| /* end confdefs.h.  */
| #include <stdio.h>
| #if HAVE_SYS_TYPES_H
| # include <sys/types.h>
| #endif
| #if HAVE_SYS_STAT_H
| # include <sys/stat.h>
| #endif
| #if STDC_HEADERS
| # include <stdlib.h>
| # include <stddef.h>
| #else
| # if HAVE_STDLIB_H
| #  include <stdlib.h>
| # endif
| #endif
| #if HAVE_STRING_H
| # if !STDC_HEADERS && HAVE_MEMORY_H
| #  include <memory.h>
| # endif
| # include <string.h>
| #endif
| #if HAVE_STRINGS_H
| # include <strings.h>
| #endif
| #if HAVE_INTTYPES_H
| # include <inttypes.h>
| #else
| # if HAVE_STDINT_H
| #  include <stdint.h>
| # endif
| #endif
| #if HAVE_UNISTD_H
| # include <unistd.h>
| #endif
| int
| main ()
| {
| static int test_array [1 - 2 * !(((long) (sizeof (long long))) <= 0)];
| test_array [0] = 0
| 
|   ;
|   return 0;
| }
configure:6145: mips-linux-uclibc-gcc -mips32r2 -msoft-float -c  -O2 -Wall  conftest.c >&5
conftest.c: In function 'main':
conftest.c:74: error: size of array 'test_array' is negative
configure:6151: $? = 1
configure: failed program was:
| /* confdefs.h.  */
| 
| #define PACKAGE_NAME ""
| #define PACKAGE_TARNAME ""
| #define PACKAGE_VERSION ""
| #define PACKAGE_STRING ""
| #define PACKAGE_BUGREPORT ""
| #define OS_TYPE "linux-gnu"
| #define ENABLE_DEBUG 1
| #define STDC_HEADERS 1
| #define HAVE_SYS_TYPES_H 1
| #define HAVE_SYS_STAT_H 1
| #define HAVE_STDLIB_H 1
| #define HAVE_STRING_H 1
| #define HAVE_MEMORY_H 1
| #define HAVE_STRINGS_H 1
| #define HAVE_INTTYPES_H 1
| #define HAVE_STDINT_H 1
| #define HAVE_UNISTD_H 1
| #define SIZEOF_OFF_T 4
| #define HAVE__BOOL 1
| #define HAVE_STDBOOL_H 1
| #define HAVE_UNISTD_H 1
| #define HAVE_SYS_TIME_H 1
| #define HAVE_TERMIOS_H 1
| #define HAVE_SYS_IOCTL_H 1
| #define HAVE_SYS_SELECT_H 1
| #define HAVE_UTIME_H 1
| #define HAVE_STDINT_H 1
| #define HAVE_INTTYPES_H 1
| #define HAVE_PWD_H 1
| #define HAVE_WCHAR_H 1
| #define SIZEOF_SHORT 2
| #define SIZEOF_INT 4
| #define SIZEOF_LONG 4
| /* end confdefs.h.  */
| #include <stdio.h>
| #if HAVE_SYS_TYPES_H
| # include <sys/types.h>
| #endif
| #if HAVE_SYS_STAT_H
| # include <sys/stat.h>
| #endif
| #if STDC_HEADERS
| # include <stdlib.h>
| # include <stddef.h>
| #else
| # if HAVE_STDLIB_H
| #  include <stdlib.h>
| # endif
| #endif
| #if HAVE_STRING_H
| # if !STDC_HEADERS && HAVE_MEMORY_H
| #  include <memory.h>
| # endif
| # include <string.h>
| #endif
| #if HAVE_STRINGS_H
| # include <strings.h>
| #endif
| #if HAVE_INTTYPES_H
| # include <inttypes.h>
| #else
| # if HAVE_STDINT_H
| #  include <stdint.h>
| # endif
| #endif
| #if HAVE_UNISTD_H
| # include <unistd.h>
| #endif
| int
| main ()
| {
| static int test_array [1 - 2 * !(((long) (sizeof (long long))) <= 1)];
| test_array [0] = 0
| 
|   ;
|   return 0;
| }
configure:6145: mips-linux-uclibc-gcc -mips32r2 -msoft-float -c  -O2 -Wall  conftest.c >&5
conftest.c: In function 'main':
conftest.c:74: error: size of array 'test_array' is negative
configure:6151: $? = 1
configure: failed program was:
| /* confdefs.h.  */
| 
| #define PACKAGE_NAME ""
| #define PACKAGE_TARNAME ""
| #define PACKAGE_VERSION ""
| #define PACKAGE_STRING ""
| #define PACKAGE_BUGREPORT ""
| #define OS_TYPE "linux-gnu"
| #define ENABLE_DEBUG 1
| #define STDC_HEADERS 1
| #define HAVE_SYS_TYPES_H 1
| #define HAVE_SYS_STAT_H 1
| #define HAVE_STDLIB_H 1
| #define HAVE_STRING_H 1
| #define HAVE_MEMORY_H 1
| #define HAVE_STRINGS_H 1
| #define HAVE_INTTYPES_H 1
| #define HAVE_STDINT_H 1
| #define HAVE_UNISTD_H 1
| #define SIZEOF_OFF_T 4
| #define HAVE__BOOL 1
| #define HAVE_STDBOOL_H 1
| #define HAVE_UNISTD_H 1
| #define HAVE_SYS_TIME_H 1
| #define HAVE_TERMIOS_H 1
| #define HAVE_SYS_IOCTL_H 1
| #define HAVE_SYS_SELECT_H 1
| #define HAVE_UTIME_H 1
| #define HAVE_STDINT_H 1
| #define HAVE_INTTYPES_H 1
| #define HAVE_PWD_H 1
| #define HAVE_WCHAR_H 1
| #define SIZEOF_SHORT 2
| #define SIZEOF_INT 4
| #define SIZEOF_LONG 4
| /* end confdefs.h.  */
| #include <stdio.h>
| #if HAVE_SYS_TYPES_H
| # include <sys/types.h>
| #endif
| #if HAVE_SYS_STAT_H
| # include <sys/stat.h>
| #endif
| #if STDC_HEADERS
| # include <stdlib.h>
| # include <stddef.h>
| #else
| # if HAVE_STDLIB_H
| #  include <stdlib.h>
| # endif
| #endif
| #if HAVE_STRING_H
| # if !STDC_HEADERS && HAVE_MEMORY_H
| #  include <memory.h>
| # endif
| # include <string.h>
| #endif
| #if HAVE_STRINGS_H
| # include <strings.h>
| #endif
| #if HAVE_INTTYPES_H
| # include <inttypes.h>
| #else
| # if HAVE_STDINT_H
| #  include <stdint.h>
| # endif
| #endif
| #if HAVE_UNISTD_H
| # include <unistd.h>
| #endif
| int
| main ()
| {
| static int test_array [1 - 2 * !(((long) (sizeof (long long))) <= 3)];
| test_array [0] = 0
| 
|   ;
|   return 0;
| }
configure:6145: mips-linux-uclibc-gcc -mips32r2 -msoft-float -c  -O2 -Wall  conftest.c >&5
conftest.c: In function 'main':
conftest.c:74: error: size of array 'test_array' is negative
configure:6151: $? = 1
configure: failed program was:
| /* confdefs.h.  */
| 
| #define PACKAGE_NAME ""
| #define PACKAGE_TARNAME ""
| #define PACKAGE_VERSION ""
| #define PACKAGE_STRING ""
| #define PACKAGE_BUGREPORT ""
| #define OS_TYPE "linux-gnu"
| #define ENABLE_DEBUG 1
| #define STDC_HEADERS 1
| #define HAVE_SYS_TYPES_H 1
| #define HAVE_SYS_STAT_H 1
| #define HAVE_STDLIB_H 1
| #define HAVE_STRING_H 1
| #define HAVE_MEMORY_H 1
| #define HAVE_STRINGS_H 1
| #define HAVE_INTTYPES_H 1
| #define HAVE_STDINT_H 1
| #define HAVE_UNISTD_H 1
| #define SIZEOF_OFF_T 4
| #define HAVE__BOOL 1
| #define HAVE_STDBOOL_H 1
| #define HAVE_UNISTD_H 1
| #define HAVE_SYS_TIME_H 1
| #define HAVE_TERMIOS_H 1
| #define HAVE_SYS_IOCTL_H 1
| #define HAVE_SYS_SELECT_H 1
| #define HAVE_UTIME_H 1
| #define HAVE_STDINT_H 1
| #define HAVE_INTTYPES_H 1
| #define HAVE_PWD_H 1
| #define HAVE_WCHAR_H 1
| #define SIZEOF_SHORT 2
| #define SIZEOF_INT 4
| #define SIZEOF_LONG 4
| /* end confdefs.h.  */
| #include <stdio.h>
| #if HAVE_SYS_TYPES_H
| # include <sys/types.h>
| #endif
| #if HAVE_SYS_STAT_H
| # include <sys/stat.h>
| #endif
| #if STDC_HEADERS
| # include <stdlib.h>
| # include <stddef.h>
| #else
| # if HAVE_STDLIB_H
| #  include <stdlib.h>
| # endif
| #endif
| #if HAVE_STRING_H
| # if !STDC_HEADERS && HAVE_MEMORY_H
| #  include <memory.h>
| # endif
| # include <string.h>
| #endif
| #if HAVE_STRINGS_H
| # include <strings.h>
| #endif
| #if HAVE_INTTYPES_H
| # include <inttypes.h>
| #else
| # if HAVE_STDINT_H
| #  include <stdint.h>
| # endif
| #endif
| #if HAVE_UNISTD_H
| # include <unistd.h>
| #endif
| int
| main ()
| {
| static int test_array [1 - 2 * !(((long) (sizeof (long long))) <= 7)];
| test_array [0] = 0
| 
|   ;
|   return 0;
| }
configure:6145: mips-linux-uclibc-gcc -mips32r2 -msoft-float -c  -O2 -Wall  conftest.c >&5
configure:6151: $? = 0
configure:6155: test -z 
			 || test ! -s conftest.err
configure:6158: $? = 0
configure:6161: test -s conftest.o
configure:6164: $? = 0
configure:6308: mips-linux-uclibc-gcc -mips32r2 -msoft-float -c  -O2 -Wall  conftest.c >&5
configure:6314: $? = 0
configure:6318: test -z 
			 || test ! -s conftest.err
configure:6321: $? = 0
configure:6324: test -s conftest.o
configure:6327: $? = 0
configure:6308: mips-linux-uclibc-gcc -mips32r2 -msoft-float -c  -O2 -Wall  conftest.c >&5
configure:6314: $? = 0
configure:6318: test -z 
			 || test ! -s conftest.err
configure:6321: $? = 0
configure:6324: test -s conftest.o
configure:6327: $? = 0
configure:6308: mips-linux-uclibc-gcc -mips32r2 -msoft-float -c  -O2 -Wall  conftest.c >&5
configure:6314: $? = 0
configure:6318: test -z 
			 || test ! -s conftest.err
configure:6321: $? = 0
configure:6324: test -s conftest.o
configure:6327: $? = 0
configure:6424: result: 8
configure:6431: checking for void *
configure:6455: mips-linux-uclibc-gcc -mips32r2 -msoft-float -c  -O2 -Wall  conftest.c >&5
configure:6461: $? = 0
configure:6465: test -z 
			 || test ! -s conftest.err
configure:6468: $? = 0
configure:6471: test -s conftest.o
configure:6474: $? = 0
configure:6485: result: yes
configure:6488: checking size of void *
configure:6518: mips-linux-uclibc-gcc -mips32r2 -msoft-float -c  -O2 -Wall  conftest.c >&5
configure:6524: $? = 0
configure:6528: test -z 
			 || test ! -s conftest.err
configure:6531: $? = 0
configure:6534: test -s conftest.o
configure:6537: $? = 0
configure:6559: mips-linux-uclibc-gcc -mips32r2 -msoft-float -c  -O2 -Wall  conftest.c >&5
conftest.c: In function 'main':
conftest.c:75: error: size of array 'test_array' is negative
configure:6565: $? = 1
configure: failed program was:
| /* confdefs.h.  */
| 
| #define PACKAGE_NAME ""
| #define PACKAGE_TARNAME ""
| #define PACKAGE_VERSION ""
| #define PACKAGE_STRING ""
| #define PACKAGE_BUGREPORT ""
| #define OS_TYPE "linux-gnu"
| #define ENABLE_DEBUG 1
| #define STDC_HEADERS 1
| #define HAVE_SYS_TYPES_H 1
| #define HAVE_SYS_STAT_H 1
| #define HAVE_STDLIB_H 1
| #define HAVE_STRING_H 1
| #define HAVE_MEMORY_H 1
| #define HAVE_STRINGS_H 1
| #define HAVE_INTTYPES_H 1
| #define HAVE_STDINT_H 1
| #define HAVE_UNISTD_H 1
| #define SIZEOF_OFF_T 4
| #define HAVE__BOOL 1
| #define HAVE_STDBOOL_H 1
| #define HAVE_UNISTD_H 1
| #define HAVE_SYS_TIME_H 1
| #define HAVE_TERMIOS_H 1
| #define HAVE_SYS_IOCTL_H 1
| #define HAVE_SYS_SELECT_H 1
| #define HAVE_UTIME_H 1
| #define HAVE_STDINT_H 1
| #define HAVE_INTTYPES_H 1
| #define HAVE_PWD_H 1
| #define HAVE_WCHAR_H 1
| #define SIZEOF_SHORT 2
| #define SIZEOF_INT 4
| #define SIZEOF_LONG 4
| #define SIZEOF_LONG_LONG 8
| /* end confdefs.h.  */
| #include <stdio.h>
| #if HAVE_SYS_TYPES_H
| # include <sys/types.h>
| #endif
| #if HAVE_SYS_STAT_H
| # include <sys/stat.h>
| #endif
| #if STDC_HEADERS
| # include <stdlib.h>
| # include <stddef.h>
| #else
| # if HAVE_STDLIB_H
| #  include <stdlib.h>
| # endif
| #endif
| #if HAVE_STRING_H
| # if !STDC_HEADERS && HAVE_MEMORY_H
| #  include <memory.h>
| # endif
| # include <string.h>
| #endif
| #if HAVE_STRINGS_H
| # include <strings.h>
| #endif
| #if HAVE_INTTYPES_H
| # include <inttypes.h>
| #else
| # if HAVE_STDINT_H
| #  include <stdint.h>
| # endif
| #endif
| #if HAVE_UNISTD_H
| # include <unistd.h>
| #endif
| int
| main ()
| {
| static int test_array [1 - 2 * !(((long) (sizeof (void *))) <= 0)];
| test_array [0] = 0
| 
|   ;
|   return 0;
| }
configure:6559: mips-linux-uclibc-gcc -mips32r2 -msoft-float -c  -O2 -Wall  conftest.c >&5
conftest.c: In function 'main':
conftest.c:75: error: size of array 'test_array' is negative
configure:6565: $? = 1
configure: failed program was:
| /* confdefs.h.  */
| 
| #define PACKAGE_NAME ""
| #define PACKAGE_TARNAME ""
| #define PACKAGE_VERSION ""
| #define PACKAGE_STRING ""
| #define PACKAGE_BUGREPORT ""
| #define OS_TYPE "linux-gnu"
| #define ENABLE_DEBUG 1
| #define STDC_HEADERS 1
| #define HAVE_SYS_TYPES_H 1
| #define HAVE_SYS_STAT_H 1
| #define HAVE_STDLIB_H 1
| #define HAVE_STRING_H 1
| #define HAVE_MEMORY_H 1
| #define HAVE_STRINGS_H 1
| #define HAVE_INTTYPES_H 1
| #define HAVE_STDINT_H 1
| #define HAVE_UNISTD_H 1
| #define SIZEOF_OFF_T 4
| #define HAVE__BOOL 1
| #define HAVE_STDBOOL_H 1
| #define HAVE_UNISTD_H 1
| #define HAVE_SYS_TIME_H 1
| #define HAVE_TERMIOS_H 1
| #define HAVE_SYS_IOCTL_H 1
| #define HAVE_SYS_SELECT_H 1
| #define HAVE_UTIME_H 1
| #define HAVE_STDINT_H 1
| #define HAVE_INTTYPES_H 1
| #define HAVE_PWD_H 1
| #define HAVE_WCHAR_H 1
| #define SIZEOF_SHORT 2
| #define SIZEOF_INT 4
| #define SIZEOF_LONG 4
| #define SIZEOF_LONG_LONG 8
| /* end confdefs.h.  */
| #include <stdio.h>
| #if HAVE_SYS_TYPES_H
| # include <sys/types.h>
| #endif
| #if HAVE_SYS_STAT_H
| # include <sys/stat.h>
| #endif
| #if STDC_HEADERS
| # include <stdlib.h>
| # include <stddef.h>
| #else
| # if HAVE_STDLIB_H
| #  include <stdlib.h>
| # endif
| #endif
| #if HAVE_STRING_H
| # if !STDC_HEADERS && HAVE_MEMORY_H
| #  include <memory.h>
| # endif
| # include <string.h>
| #endif
| #if HAVE_STRINGS_H
| # include <strings.h>
| #endif
| #if HAVE_INTTYPES_H
| # include <inttypes.h>
| #else
| # if HAVE_STDINT_H
| #  include <stdint.h>
| # endif
| #endif
| #if HAVE_UNISTD_H
| # include <unistd.h>
| #endif
| int
| main ()
| {
| static int test_array [1 - 2 * !(((long) (sizeof (void *))) <= 1)];
| test_array [0] = 0
| 
|   ;
|   return 0;
| }
configure:6559: mips-linux-uclibc-gcc -mips32r2 -msoft-float -c  -O2 -Wall  conftest.c >&5
conftest.c: In function 'main':
conftest.c:75: error: size of array 'test_array' is negative
configure:6565: $? = 1
configure: failed program was:
| /* confdefs.h.  */
| 
| #define PACKAGE_NAME ""
| #define PACKAGE_TARNAME ""
| #define PACKAGE_VERSION ""
| #define PACKAGE_STRING ""
| #define PACKAGE_BUGREPORT ""
| #define OS_TYPE "linux-gnu"
| #define ENABLE_DEBUG 1
| #define STDC_HEADERS 1
| #define HAVE_SYS_TYPES_H 1
| #define HAVE_SYS_STAT_H 1
| #define HAVE_STDLIB_H 1
| #define HAVE_STRING_H 1
| #define HAVE_MEMORY_H 1
| #define HAVE_STRINGS_H 1
| #define HAVE_INTTYPES_H 1
| #define HAVE_STDINT_H 1
| #define HAVE_UNISTD_H 1
| #define SIZEOF_OFF_T 4
| #define HAVE__BOOL 1
| #define HAVE_STDBOOL_H 1
| #define HAVE_UNISTD_H 1
| #define HAVE_SYS_TIME_H 1
| #define HAVE_TERMIOS_H 1
| #define HAVE_SYS_IOCTL_H 1
| #define HAVE_SYS_SELECT_H 1
| #define HAVE_UTIME_H 1
| #define HAVE_STDINT_H 1
| #define HAVE_INTTYPES_H 1
| #define HAVE_PWD_H 1
| #define HAVE_WCHAR_H 1
| #define SIZEOF_SHORT 2
| #define SIZEOF_INT 4
| #define SIZEOF_LONG 4
| #define SIZEOF_LONG_LONG 8
| /* end confdefs.h.  */
| #include <stdio.h>
| #if HAVE_SYS_TYPES_H
| # include <sys/types.h>
| #endif
| #if HAVE_SYS_STAT_H
| # include <sys/stat.h>
| #endif
| #if STDC_HEADERS
| # include <stdlib.h>
| # include <stddef.h>
| #else
| # if HAVE_STDLIB_H
| #  include <stdlib.h>
| # endif
| #endif
| #if HAVE_STRING_H
| # if !STDC_HEADERS && HAVE_MEMORY_H
| #  include <memory.h>
| # endif
| # include <string.h>
| #endif
| #if HAVE_STRINGS_H
| # include <strings.h>
| #endif
| #if HAVE_INTTYPES_H
| # include <inttypes.h>
| #else
| # if HAVE_STDINT_H
| #  include <stdint.h>
| # endif
| #endif
| #if HAVE_UNISTD_H
| # include <unistd.h>
| #endif
| int
| main ()
| {
| static int test_array [1 - 2 * !(((long) (sizeof (void *))) <= 3)];
| test_array [0] = 0
| 
|   ;
|   return 0;
| }
configure:6559: mips-linux-uclibc-gcc -mips32r2 -msoft-float -c  -O2 -Wall  conftest.c >&5
configure:6565: $? = 0
configure:6569: test -z 
			 || test ! -s conftest.err
configure:6572: $? = 0
configure:6575: test -s conftest.o
configure:6578: $? = 0
configure:6722: mips-linux-uclibc-gcc -mips32r2 -msoft-float -c  -O2 -Wall  conftest.c >&5
configure:6728: $? = 0
configure:6732: test -z 
			 || test ! -s conftest.err
configure:6735: $? = 0
configure:6738: test -s conftest.o
configure:6741: $? = 0
configure:6722: mips-linux-uclibc-gcc -mips32r2 -msoft-float -c  -O2 -Wall  conftest.c >&5
configure:6728: $? = 0
configure:6732: test -z 
			 || test ! -s conftest.err
configure:6735: $? = 0
configure:6738: test -s conftest.o
configure:6741: $? = 0
configure:6838: result: 4
configure:6846: checking for size_t
configure:6870: mips-linux-uclibc-gcc -mips32r2 -msoft-float -c  -O2 -Wall  conftest.c >&5
configure:6876: $? = 0
configure:6880: test -z 
			 || test ! -s conftest.err
configure:6883: $? = 0
configure:6886: test -s conftest.o
configure:6889: $? = 0
configure:6900: result: yes
configure:6912: checking for pid_t
configure:6936: mips-linux-uclibc-gcc -mips32r2 -msoft-float -c  -O2 -Wall  conftest.c >&5
configure:6942: $? = 0
configure:6946: test -z 
			 || test ! -s conftest.err
configure:6949: $? = 0
configure:6952: test -s conftest.o
configure:6955: $? = 0
configure:6966: result: yes
configure:6978: checking for uint32_t
configure:7002: mips-linux-uclibc-gcc -mips32r2 -msoft-float -c  -O2 -Wall  conftest.c >&5
configure:7008: $? = 0
configure:7012: test -z 
			 || test ! -s conftest.err
configure:7015: $? = 0
configure:7018: test -s conftest.o
configure:7021: $? = 0
configure:7032: result: yes
configure:7042: checking for uintptr_t
configure:7066: mips-linux-uclibc-gcc -mips32r2 -msoft-float -c  -O2 -Wall  conftest.c >&5
configure:7072: $? = 0
configure:7076: test -z 
			 || test ! -s conftest.err
configure:7079: $? = 0
configure:7082: test -s conftest.o
configure:7085: $? = 0
configure:7096: result: yes
configure:7106: checking for intptr_t
configure:7130: mips-linux-uclibc-gcc -mips32r2 -msoft-float -c  -O2 -Wall  conftest.c >&5
configure:7136: $? = 0
configure:7140: test -z 
			 || test ! -s conftest.err
configure:7143: $? = 0
configure:7146: test -s conftest.o
configure:7149: $? = 0
configure:7160: result: yes
configure:7170: checking for int64_t
configure:7194: mips-linux-uclibc-gcc -mips32r2 -msoft-float -c  -O2 -Wall  conftest.c >&5
configure:7200: $? = 0
configure:7204: test -z 
			 || test ! -s conftest.err
configure:7207: $? = 0
configure:7210: test -s conftest.o
configure:7213: $? = 0
configure:7224: result: yes
configure:7235: checking for sig_atomic_t
configure:7267: mips-linux-uclibc-gcc -mips32r2 -msoft-float -c  -O2 -Wall  conftest.c >&5
configure:7273: $? = 0
configure:7277: test -z 
			 || test ! -s conftest.err
configure:7280: $? = 0
configure:7283: test -s conftest.o
configure:7286: $? = 0
configure:7297: result: yes
configure:7311: checking for working alloca.h
configure:7332: mips-linux-uclibc-gcc -mips32r2 -msoft-float -o conftest  -O2 -Wall   conftest.c  >&5
conftest.c: In function 'main':
conftest.c:48: warning: unused variable 'p'
configure:7338: $? = 0
configure:7342: test -z 
			 || test ! -s conftest.err
configure:7345: $? = 0
configure:7348: test -s conftest
configure:7351: $? = 0
configure:7363: result: yes
configure:7373: checking for alloca
configure:7414: mips-linux-uclibc-gcc -mips32r2 -msoft-float -o conftest  -O2 -Wall   conftest.c  >&5
conftest.c: In function 'main':
conftest.c:69: warning: unused variable 'p'
configure:7420: $? = 0
configure:7424: test -z 
			 || test ! -s conftest.err
configure:7427: $? = 0
configure:7430: test -s conftest
configure:7433: $? = 0
configure:7445: result: yes
configure:7674: checking for stdlib.h
configure:7679: result: yes
configure:7674: checking for unistd.h
configure:7679: result: yes
configure:7823: checking for getpagesize
configure:7880: mips-linux-uclibc-gcc -mips32r2 -msoft-float -o conftest  -O2 -Wall   conftest.c  >&5
configure:7886: $? = 0
configure:7890: test -z 
			 || test ! -s conftest.err
configure:7893: $? = 0
configure:7896: test -s conftest
configure:7899: $? = 0
configure:7911: result: yes
configure:7921: checking for working mmap
configure:8085: result: no
configure:8096: checking for _LARGEFILE_SOURCE value needed for large files
configure:8119: mips-linux-uclibc-gcc -mips32r2 -msoft-float -c  -O2 -Wall  conftest.c >&5
conftest.c: In function 'main':
conftest.c:53: error: 'fseeko' undeclared (first use in this function)
conftest.c:53: error: (Each undeclared identifier is reported only once
conftest.c:53: error: for each function it appears in.)
configure:8125: $? = 1
configure: failed program was:
| /* confdefs.h.  */
| 
| #define PACKAGE_NAME ""
| #define PACKAGE_TARNAME ""
| #define PACKAGE_VERSION ""
| #define PACKAGE_STRING ""
| #define PACKAGE_BUGREPORT ""
| #define OS_TYPE "linux-gnu"
| #define ENABLE_DEBUG 1
| #define STDC_HEADERS 1
| #define HAVE_SYS_TYPES_H 1
| #define HAVE_SYS_STAT_H 1
| #define HAVE_STDLIB_H 1
| #define HAVE_STRING_H 1
| #define HAVE_MEMORY_H 1
| #define HAVE_STRINGS_H 1
| #define HAVE_INTTYPES_H 1
| #define HAVE_STDINT_H 1
| #define HAVE_UNISTD_H 1
| #define SIZEOF_OFF_T 4
| #define HAVE__BOOL 1
| #define HAVE_STDBOOL_H 1
| #define HAVE_UNISTD_H 1
| #define HAVE_SYS_TIME_H 1
| #define HAVE_TERMIOS_H 1
| #define HAVE_SYS_IOCTL_H 1
| #define HAVE_SYS_SELECT_H 1
| #define HAVE_UTIME_H 1
| #define HAVE_STDINT_H 1
| #define HAVE_INTTYPES_H 1
| #define HAVE_PWD_H 1
| #define HAVE_WCHAR_H 1
| #define SIZEOF_SHORT 2
| #define SIZEOF_INT 4
| #define SIZEOF_LONG 4
| #define SIZEOF_LONG_LONG 8
| #define SIZEOF_VOID_P 4
| #define HAVE_UINT32_T 1
| #define HAVE_UINTPTR_T 1
| #define HAVE_INTPTR_T 1
| #define HAVE_INT64_T 1
| #define HAVE_SIG_ATOMIC_T 1
| #define HAVE_ALLOCA_H 1
| #define HAVE_ALLOCA 1
| #define HAVE_STDLIB_H 1
| #define HAVE_UNISTD_H 1
| #define HAVE_GETPAGESIZE 1
| /* end confdefs.h.  */
| #include <stdio.h>
| int
| main ()
| {
| return !fseeko;
|   ;
|   return 0;
| }
configure:8164: mips-linux-uclibc-gcc -mips32r2 -msoft-float -c  -O2 -Wall  conftest.c >&5
conftest.c: In function 'main':
conftest.c:54: warning: the address of 'fseeko' will always evaluate as 'true'
configure:8170: $? = 0
configure:8174: test -z 
			 || test ! -s conftest.err
configure:8177: $? = 0
configure:8180: test -s conftest.o
configure:8183: $? = 0
configure:8195: result: 1
configure:8209: checking for fseeko
configure:8230: mips-linux-uclibc-gcc -mips32r2 -msoft-float -o conftest  -O2 -Wall   conftest.c  >&5
conftest.c: In function 'main':
conftest.c:54: warning: the address of 'fseeko' will always evaluate as 'true'
configure:8236: $? = 0
configure:8240: test -z 
			 || test ! -s conftest.err
configure:8243: $? = 0
configure:8246: test -s conftest
configure:8249: $? = 0
configure:8261: result: yes
configure:8280: checking for strptime
configure:8337: mips-linux-uclibc-gcc -mips32r2 -msoft-float -o conftest  -O2 -Wall   conftest.c  >&5
configure:8343: $? = 0
configure:8347: test -z 
			 || test ! -s conftest.err
configure:8350: $? = 0
configure:8353: test -s conftest
configure:8356: $? = 0
configure:8368: result: yes
configure:8280: checking for timegm
configure:8337: mips-linux-uclibc-gcc -mips32r2 -msoft-float -o conftest  -O2 -Wall   conftest.c  >&5
configure:8343: $? = 0
configure:8347: test -z 
			 || test ! -s conftest.err
configure:8350: $? = 0
configure:8353: test -s conftest
configure:8356: $? = 0
configure:8368: result: yes
configure:8280: checking for snprintf
configure:8337: mips-linux-uclibc-gcc -mips32r2 -msoft-float -o conftest  -O2 -Wall   conftest.c  >&5
conftest.c:77: warning: conflicting types for built-in function 'snprintf'
configure:8343: $? = 0
configure:8347: test -z 
			 || test ! -s conftest.err
configure:8350: $? = 0
configure:8353: test -s conftest
configure:8356: $? = 0
configure:8368: result: yes
configure:8280: checking for vsnprintf
configure:8337: mips-linux-uclibc-gcc -mips32r2 -msoft-float -o conftest  -O2 -Wall   conftest.c  >&5
conftest.c:78: warning: conflicting types for built-in function 'vsnprintf'
configure:8343: $? = 0
configure:8347: test -z 
			 || test ! -s conftest.err
configure:8350: $? = 0
configure:8353: test -s conftest
configure:8356: $? = 0
configure:8368: result: yes
configure:8280: checking for vasprintf
configure:8337: mips-linux-uclibc-gcc -mips32r2 -msoft-float -o conftest  -O2 -Wall   conftest.c  >&5
configure:8343: $? = 0
configure:8347: test -z 
			 || test ! -s conftest.err
configure:8350: $? = 0
configure:8353: test -s conftest
configure:8356: $? = 0
configure:8368: result: yes
configure:8280: checking for drand48
configure:8337: mips-linux-uclibc-gcc -mips32r2 -msoft-float -o conftest  -O2 -Wall   conftest.c  >&5
configure:8343: $? = 0
configure:8347: test -z 
			 || test ! -s conftest.err
configure:8350: $? = 0
configure:8353: test -s conftest
configure:8356: $? = 0
configure:8368: result: yes
configure:8389: checking for strtoll
configure:8446: mips-linux-uclibc-gcc -mips32r2 -msoft-float -o conftest  -O2 -Wall   conftest.c  >&5
configure:8452: $? = 0
configure:8456: test -z 
			 || test ! -s conftest.err
configure:8459: $? = 0
configure:8462: test -s conftest
configure:8465: $? = 0
configure:8477: result: yes
configure:8389: checking for usleep
configure:8446: mips-linux-uclibc-gcc -mips32r2 -msoft-float -o conftest  -O2 -Wall   conftest.c  >&5
configure:8452: $? = 0
configure:8456: test -z 
			 || test ! -s conftest.err
configure:8459: $? = 0
configure:8462: test -s conftest
configure:8465: $? = 0
configure:8477: result: yes
configure:8389: checking for ftello
configure:8446: mips-linux-uclibc-gcc -mips32r2 -msoft-float -o conftest  -O2 -Wall   conftest.c  >&5
configure:8452: $? = 0
configure:8456: test -z 
			 || test ! -s conftest.err
configure:8459: $? = 0
configure:8462: test -s conftest
configure:8465: $? = 0
configure:8477: result: yes
configure:8389: checking for sigblock
configure:8446: mips-linux-uclibc-gcc -mips32r2 -msoft-float -o conftest  -O2 -Wall   conftest.c  >&5
configure:8452: $? = 0
configure:8456: test -z 
			 || test ! -s conftest.err
configure:8459: $? = 0
configure:8462: test -s conftest
configure:8465: $? = 0
configure:8477: result: yes
configure:8389: checking for sigsetjmp
configure:8446: mips-linux-uclibc-gcc -mips32r2 -msoft-float -o conftest  -O2 -Wall   conftest.c  >&5
/tmp/ccqLOnF7.o: In function `main':
conftest.c:(.text+0x10): undefined reference to `sigsetjmp'
/tmp/ccqLOnF7.o:(.data.rel+0x0): undefined reference to `sigsetjmp'
collect2: ld returned 1 exit status
configure:8452: $? = 1
configure: failed program was:
| /* confdefs.h.  */
| 
| #define PACKAGE_NAME ""
| #define PACKAGE_TARNAME ""
| #define PACKAGE_VERSION ""
| #define PACKAGE_STRING ""
| #define PACKAGE_BUGREPORT ""
| #define OS_TYPE "linux-gnu"
| #define ENABLE_DEBUG 1
| #define STDC_HEADERS 1
| #define HAVE_SYS_TYPES_H 1
| #define HAVE_SYS_STAT_H 1
| #define HAVE_STDLIB_H 1
| #define HAVE_STRING_H 1
| #define HAVE_MEMORY_H 1
| #define HAVE_STRINGS_H 1
| #define HAVE_INTTYPES_H 1
| #define HAVE_STDINT_H 1
| #define HAVE_UNISTD_H 1
| #define SIZEOF_OFF_T 4
| #define HAVE__BOOL 1
| #define HAVE_STDBOOL_H 1
| #define HAVE_UNISTD_H 1
| #define HAVE_SYS_TIME_H 1
| #define HAVE_TERMIOS_H 1
| #define HAVE_SYS_IOCTL_H 1
| #define HAVE_SYS_SELECT_H 1
| #define HAVE_UTIME_H 1
| #define HAVE_STDINT_H 1
| #define HAVE_INTTYPES_H 1
| #define HAVE_PWD_H 1
| #define HAVE_WCHAR_H 1
| #define SIZEOF_SHORT 2
| #define SIZEOF_INT 4
| #define SIZEOF_LONG 4
| #define SIZEOF_LONG_LONG 8
| #define SIZEOF_VOID_P 4
| #define HAVE_UINT32_T 1
| #define HAVE_UINTPTR_T 1
| #define HAVE_INTPTR_T 1
| #define HAVE_INT64_T 1
| #define HAVE_SIG_ATOMIC_T 1
| #define HAVE_ALLOCA_H 1
| #define HAVE_ALLOCA 1
| #define HAVE_STDLIB_H 1
| #define HAVE_UNISTD_H 1
| #define HAVE_GETPAGESIZE 1
| #define _LARGEFILE_SOURCE 1
| #define HAVE_FSEEKO 1
| #define HAVE_STRPTIME 1
| #define HAVE_TIMEGM 1
| #define HAVE_SNPRINTF 1
| #define HAVE_VSNPRINTF 1
| #define HAVE_VASPRINTF 1
| #define HAVE_DRAND48 1
| #define HAVE_STRTOLL 1
| #define HAVE_USLEEP 1
| #define HAVE_FTELLO 1
| #define HAVE_SIGBLOCK 1
| /* end confdefs.h.  */
| /* Define sigsetjmp to an innocuous variant, in case <limits.h> declares sigsetjmp.
|    For example, HP-UX 11i <limits.h> declares gettimeofday.  */
| #define sigsetjmp innocuous_sigsetjmp
| 
| /* System header to define __stub macros and hopefully few prototypes,
|     which can conflict with char sigsetjmp (); below.
|     Prefer <limits.h> to <assert.h> if __STDC__ is defined, since
|     <limits.h> exists even on freestanding compilers.  */
| 
| #ifdef __STDC__
| # include <limits.h>
| #else
| # include <assert.h>
| #endif
| 
| #undef sigsetjmp
| 
| /* Override any gcc2 internal prototype to avoid an error.  */
| #ifdef __cplusplus
| extern "C"
| {
| #endif
| /* We use char because int might match the return type of a gcc2
|    builtin and then its argument prototype would still apply.  */
| char sigsetjmp ();
| /* The GNU C library defines this for functions which it implements
|     to always fail with ENOSYS.  Some functions are actually named
|     something starting with __ and the normal name is an alias.  */
| #if defined (__stub_sigsetjmp) || defined (__stub___sigsetjmp)
| choke me
| #else
| char (*f) () = sigsetjmp;
| #endif
| #ifdef __cplusplus
| }
| #endif
| 
| int
| main ()
| {
| return f != sigsetjmp;
|   ;
|   return 0;
| }
configure:8477: result: no
configure:8389: checking for memrchr
configure:8446: mips-linux-uclibc-gcc -mips32r2 -msoft-float -o conftest  -O2 -Wall   conftest.c  >&5
configure:8452: $? = 0
configure:8456: test -z 
			 || test ! -s conftest.err
configure:8459: $? = 0
configure:8462: test -s conftest
configure:8465: $? = 0
configure:8477: result: yes
configure:8389: checking for wcwidth
configure:8446: mips-linux-uclibc-gcc -mips32r2 -msoft-float -o conftest  -O2 -Wall   conftest.c  >&5
configure:8452: $? = 0
configure:8456: test -z 
			 || test ! -s conftest.err
configure:8459: $? = 0
configure:8462: test -s conftest
configure:8465: $? = 0
configure:8477: result: yes
configure:8389: checking for mbtowc
configure:8446: mips-linux-uclibc-gcc -mips32r2 -msoft-float -o conftest  -O2 -Wall   conftest.c  >&5
configure:8452: $? = 0
configure:8456: test -z 
			 || test ! -s conftest.err
configure:8459: $? = 0
configure:8462: test -s conftest
configure:8465: $? = 0
configure:8477: result: yes
configure:8515: checking for struct utimbuf
configure:8548: mips-linux-uclibc-gcc -mips32r2 -msoft-float -c  -O2 -Wall  conftest.c >&5
configure:8554: $? = 0
configure:8558: test -z 
			 || test ! -s conftest.err
configure:8561: $? = 0
configure:8564: test -s conftest.o
configure:8567: $? = 0
configure:8578: result: yes
configure:8591: checking for socklen_t
configure:8601: mips-linux-uclibc-gcc -mips32r2 -msoft-float -c  -O2 -Wall  conftest.c >&5
configure:8607: $? = 0
configure:8611: test -z 
			 || test ! -s conftest.err
configure:8614: $? = 0
configure:8617: test -s conftest.o
configure:8620: $? = 0
configure:8622: result: socklen_t
configure:8687: checking for working fnmatch.h
configure:8694: mips-linux-uclibc-gcc -mips32r2 -msoft-float -c  -O2 -Wall  conftest.c >&5
configure:8700: $? = 0
configure:8704: test -z 
			 || test ! -s conftest.err
configure:8707: $? = 0
configure:8710: test -s conftest.o
configure:8713: $? = 0
configure:8716: result: yes
configure:8740: checking for nanosleep
configure:8797: mips-linux-uclibc-gcc -mips32r2 -msoft-float -o conftest  -O2 -Wall   conftest.c  >&5
configure:8803: $? = 0
configure:8807: test -z 
			 || test ! -s conftest.err
configure:8810: $? = 0
configure:8813: test -s conftest
configure:8816: $? = 0
configure:8828: result: yes
configure:9000: checking for clock_gettime
configure:9057: mips-linux-uclibc-gcc -mips32r2 -msoft-float -o conftest  -O2 -Wall   conftest.c  >&5
configure:9063: $? = 0
configure:9067: test -z 
			 || test ! -s conftest.err
configure:9070: $? = 0
configure:9073: test -s conftest
configure:9076: $? = 0
configure:9088: result: yes
configure:9182: checking for gethostbyname
configure:9239: mips-linux-uclibc-gcc -mips32r2 -msoft-float -o conftest  -O2 -Wall   conftest.c  >&5
configure:9245: $? = 0
configure:9249: test -z 
			 || test ! -s conftest.err
configure:9252: $? = 0
configure:9255: test -s conftest
configure:9258: $? = 0
configure:9270: result: yes
configure:9288: checking for inet_ntoa
configure:9345: mips-linux-uclibc-gcc -mips32r2 -msoft-float -o conftest  -O2 -Wall   conftest.c  >&5
configure:9351: $? = 0
configure:9355: test -z 
			 || test ! -s conftest.err
configure:9358: $? = 0
configure:9361: test -s conftest
configure:9364: $? = 0
configure:9376: result: yes
configure:9468: checking for socket in -lsocket
configure:9498: mips-linux-uclibc-gcc -mips32r2 -msoft-float -o conftest  -O2 -Wall   conftest.c -lsocket   >&5
/mtkeda/bbn/trendchip/mips-linux-uclibc/usr/bin/../lib/gcc/mips-linux-uclibc/4.3.4/../../../../mips-linux-uclibc/bin/ld: cannot find -lsocket
collect2: ld returned 1 exit status
configure:9504: $? = 1
configure: failed program was:
| /* confdefs.h.  */
| 
| #define PACKAGE_NAME ""
| #define PACKAGE_TARNAME ""
| #define PACKAGE_VERSION ""
| #define PACKAGE_STRING ""
| #define PACKAGE_BUGREPORT ""
| #define OS_TYPE "linux-gnu"
| #define ENABLE_DEBUG 1
| #define STDC_HEADERS 1
| #define HAVE_SYS_TYPES_H 1
| #define HAVE_SYS_STAT_H 1
| #define HAVE_STDLIB_H 1
| #define HAVE_STRING_H 1
| #define HAVE_MEMORY_H 1
| #define HAVE_STRINGS_H 1
| #define HAVE_INTTYPES_H 1
| #define HAVE_STDINT_H 1
| #define HAVE_UNISTD_H 1
| #define SIZEOF_OFF_T 4
| #define HAVE__BOOL 1
| #define HAVE_STDBOOL_H 1
| #define HAVE_UNISTD_H 1
| #define HAVE_SYS_TIME_H 1
| #define HAVE_TERMIOS_H 1
| #define HAVE_SYS_IOCTL_H 1
| #define HAVE_SYS_SELECT_H 1
| #define HAVE_UTIME_H 1
| #define HAVE_STDINT_H 1
| #define HAVE_INTTYPES_H 1
| #define HAVE_PWD_H 1
| #define HAVE_WCHAR_H 1
| #define SIZEOF_SHORT 2
| #define SIZEOF_INT 4
| #define SIZEOF_LONG 4
| #define SIZEOF_LONG_LONG 8
| #define SIZEOF_VOID_P 4
| #define HAVE_UINT32_T 1
| #define HAVE_UINTPTR_T 1
| #define HAVE_INTPTR_T 1
| #define HAVE_INT64_T 1
| #define HAVE_SIG_ATOMIC_T 1
| #define HAVE_ALLOCA_H 1
| #define HAVE_ALLOCA 1
| #define HAVE_STDLIB_H 1
| #define HAVE_UNISTD_H 1
| #define HAVE_GETPAGESIZE 1
| #define _LARGEFILE_SOURCE 1
| #define HAVE_FSEEKO 1
| #define HAVE_STRPTIME 1
| #define HAVE_TIMEGM 1
| #define HAVE_SNPRINTF 1
| #define HAVE_VSNPRINTF 1
| #define HAVE_VASPRINTF 1
| #define HAVE_DRAND48 1
| #define HAVE_STRTOLL 1
| #define HAVE_USLEEP 1
| #define HAVE_FTELLO 1
| #define HAVE_SIGBLOCK 1
| #define HAVE_MEMRCHR 1
| #define HAVE_WCWIDTH 1
| #define HAVE_MBTOWC 1
| #define HAVE_STRCASECMP 1
| #define HAVE_STRNCASECMP 1
| #define HAVE_STRDUP 1
| #define HAVE_ISATTY 1
| #define HAVE_SYMLINK 1
| #define HAVE_STRUCT_UTIMBUF 1
| #define HAVE_WORKING_FNMATCH_H 1
| #define HAVE_NANOSLEEP 1
| #define HAVE_CLOCK_GETTIME 1
| #define HAVE_GETHOSTBYNAME 1
| #define HAVE_INET_NTOA 1
| /* end confdefs.h.  */
| 
| /* Override any gcc2 internal prototype to avoid an error.  */
| #ifdef __cplusplus
| extern "C"
| #endif
| /* We use char because int might match the return type of a gcc2
|    builtin and then its argument prototype would still apply.  */
| char socket ();
| int
| main ()
| {
| socket ();
|   ;
|   return 0;
| }
configure:9530: result: no
configure:9543: checking for getopt_long
configure:9600: mips-linux-uclibc-gcc -mips32r2 -msoft-float -o conftest  -O2 -Wall   conftest.c  >&5
configure:9606: $? = 0
configure:9610: test -z 
			 || test ! -s conftest.err
configure:9613: $? = 0
configure:9616: test -s conftest
configure:9619: $? = 0
configure:9631: result: yes
configure:10830: checking for dlopen in -ldl
configure:10860: mips-linux-uclibc-gcc -mips32r2 -msoft-float -o conftest  -O2 -Wall   conftest.c -ldl   >&5
configure:10866: $? = 0
configure:10870: test -z 
			 || test ! -s conftest.err
configure:10873: $? = 0
configure:10876: test -s conftest
configure:10879: $? = 0
configure:10892: result: yes
configure:11391: checking for libssl
configure:11423: mips-linux-uclibc-gcc -mips32r2 -msoft-float -o conftest  -O2 -Wall   conftest.c -ldl  -lssl -lcrypto >&5
conftest.c:77:29: error: openssl/ssl.h: No such file or directory
conftest.c:78:30: error: openssl/x509.h: No such file or directory
conftest.c:79:29: error: openssl/err.h: No such file or directory
conftest.c:80:30: error: openssl/rand.h: No such file or directory
conftest.c:81:29: error: openssl/des.h: No such file or directory
conftest.c:82:29: error: openssl/md4.h: No such file or directory
conftest.c:83:29: error: openssl/md5.h: No such file or directory
conftest.c: In function 'main':
conftest.c:88: warning: implicit declaration of function 'SSL_library_init'
configure:11429: $? = 1
configure: failed program was:
| /* confdefs.h.  */
| 
| #define PACKAGE_NAME ""
| #define PACKAGE_TARNAME ""
| #define PACKAGE_VERSION ""
| #define PACKAGE_STRING ""
| #define PACKAGE_BUGREPORT ""
| #define OS_TYPE "linux-gnu"
| #define ENABLE_DEBUG 1
| #define STDC_HEADERS 1
| #define HAVE_SYS_TYPES_H 1
| #define HAVE_SYS_STAT_H 1
| #define HAVE_STDLIB_H 1
| #define HAVE_STRING_H 1
| #define HAVE_MEMORY_H 1
| #define HAVE_STRINGS_H 1
| #define HAVE_INTTYPES_H 1
| #define HAVE_STDINT_H 1
| #define HAVE_UNISTD_H 1
| #define SIZEOF_OFF_T 4
| #define HAVE__BOOL 1
| #define HAVE_STDBOOL_H 1
| #define HAVE_UNISTD_H 1
| #define HAVE_SYS_TIME_H 1
| #define HAVE_TERMIOS_H 1
| #define HAVE_SYS_IOCTL_H 1
| #define HAVE_SYS_SELECT_H 1
| #define HAVE_UTIME_H 1
| #define HAVE_STDINT_H 1
| #define HAVE_INTTYPES_H 1
| #define HAVE_PWD_H 1
| #define HAVE_WCHAR_H 1
| #define SIZEOF_SHORT 2
| #define SIZEOF_INT 4
| #define SIZEOF_LONG 4
| #define SIZEOF_LONG_LONG 8
| #define SIZEOF_VOID_P 4
| #define HAVE_UINT32_T 1
| #define HAVE_UINTPTR_T 1
| #define HAVE_INTPTR_T 1
| #define HAVE_INT64_T 1
| #define HAVE_SIG_ATOMIC_T 1
| #define HAVE_ALLOCA_H 1
| #define HAVE_ALLOCA 1
| #define HAVE_STDLIB_H 1
| #define HAVE_UNISTD_H 1
| #define HAVE_GETPAGESIZE 1
| #define _LARGEFILE_SOURCE 1
| #define HAVE_FSEEKO 1
| #define HAVE_STRPTIME 1
| #define HAVE_TIMEGM 1
| #define HAVE_SNPRINTF 1
| #define HAVE_VSNPRINTF 1
| #define HAVE_VASPRINTF 1
| #define HAVE_DRAND48 1
| #define HAVE_STRTOLL 1
| #define HAVE_USLEEP 1
| #define HAVE_FTELLO 1
| #define HAVE_SIGBLOCK 1
| #define HAVE_MEMRCHR 1
| #define HAVE_WCWIDTH 1
| #define HAVE_MBTOWC 1
| #define HAVE_STRCASECMP 1
| #define HAVE_STRNCASECMP 1
| #define HAVE_STRDUP 1
| #define HAVE_ISATTY 1
| #define HAVE_SYMLINK 1
| #define HAVE_STRUCT_UTIMBUF 1
| #define HAVE_WORKING_FNMATCH_H 1
| #define HAVE_NANOSLEEP 1
| #define HAVE_CLOCK_GETTIME 1
| #define HAVE_GETHOSTBYNAME 1
| #define HAVE_INET_NTOA 1
| #define HAVE_LIBDL 1
| /* end confdefs.h.  */
| 
|     #include <openssl/ssl.h>
|     #include <openssl/x509.h>
|     #include <openssl/err.h>
|     #include <openssl/rand.h>
|     #include <openssl/des.h>
|     #include <openssl/md4.h>
|     #include <openssl/md5.h>
| 
| int
| main ()
| {
| SSL_library_init ()
|   ;
|   return 0;
| }
configure:11456: result: no
configure:11953: checking for getaddrinfo
configure:12010: mips-linux-uclibc-gcc -mips32r2 -msoft-float -o conftest  -O2 -Wall   conftest.c -ldl  >&5
configure:12016: $? = 0
configure:12020: test -z 
			 || test ! -s conftest.err
configure:12023: $? = 0
configure:12026: test -s conftest
configure:12029: $? = 0
configure:12041: result: yes
configure:12061: checking for INET6 protocol support
configure:12085: mips-linux-uclibc-gcc -mips32r2 -msoft-float -E  conftest.c
configure:12091: $? = 0
configure:12117: result: yes
configure:12135: checking for struct sockaddr_in6
configure:12164: mips-linux-uclibc-gcc -mips32r2 -msoft-float -c  -O2 -Wall  conftest.c >&5
configure:12170: $? = 0
configure:12174: test -z 
			 || test ! -s conftest.err
configure:12177: $? = 0
configure:12180: test -s conftest.o
configure:12183: $? = 0
configure:12194: result: yes
configure:12224: checking for struct sockaddr_storage
configure:12252: mips-linux-uclibc-gcc -mips32r2 -msoft-float -c  -O2 -Wall  conftest.c >&5
configure:12258: $? = 0
configure:12262: test -z 
			 || test ! -s conftest.err
configure:12265: $? = 0
configure:12268: test -s conftest.o
configure:12271: $? = 0
configure:12282: result: yes
configure:12299: checking for struct sockaddr_in6.sin6_scope_id
configure:12327: mips-linux-uclibc-gcc -mips32r2 -msoft-float -c  -O2 -Wall  conftest.c >&5
configure:12333: $? = 0
configure:12337: test -z 
			 || test ! -s conftest.err
configure:12340: $? = 0
configure:12343: test -s conftest.o
configure:12346: $? = 0
configure:12408: result: yes
configure:12442: Enabling support for IPv6.
configure:12453: checking whether NLS is requested
configure:12462: result: no
configure:12979: checking for makeinfo
configure:12995: found /usr/bin/makeinfo
configure:13005: result: makeinfo
configure:13022: checking for perl5
configure:13055: result: no
configure:13022: checking for perl
configure:13040: found /usr/local/bin/perl
configure:13052: result: /usr/local/bin/perl
configure:13065: checking for pod2man
configure:13083: found /usr/bin/pod2man
configure:13096: result: /usr/bin/pod2man
configure:13216: creating ./config.status

## ---------------- ##
## Cache variables. ##
## ---------------- ##

ac_cv_build=i686-pc-linux-gnu
ac_cv_build_alias=i686-linux
ac_cv_c_compiler_gnu=yes
ac_cv_c_const=yes
ac_cv_c_inline=inline
ac_cv_c_volatile=yes
ac_cv_env_CC_set=set
ac_cv_env_CC_value='mips-linux-uclibc-gcc -mips32r2 -msoft-float'
ac_cv_env_CFLAGS_set=
ac_cv_env_CFLAGS_value=
ac_cv_env_CPPFLAGS_set=
ac_cv_env_CPPFLAGS_value=
ac_cv_env_CPP_set=
ac_cv_env_CPP_value=
ac_cv_env_LDFLAGS_set=
ac_cv_env_LDFLAGS_value=
ac_cv_env_build_alias_set=set
ac_cv_env_build_alias_value=i686-linux
ac_cv_env_host_alias_set=set
ac_cv_env_host_alias_value=mips-linux
ac_cv_env_target_alias_set=
ac_cv_env_target_alias_value=
ac_cv_exeext=
ac_cv_func_alloca_works=yes
ac_cv_func_clock_gettime=yes
ac_cv_func_drand48=yes
ac_cv_func_fseeko=yes
ac_cv_func_ftello=yes
ac_cv_func_getaddrinfo=yes
ac_cv_func_gethostbyname=yes
ac_cv_func_getopt_long=yes
ac_cv_func_getpagesize=yes
ac_cv_func_inet_ntoa=yes
ac_cv_func_mbtowc=yes
ac_cv_func_memrchr=yes
ac_cv_func_mmap_fixed_mapped=no
ac_cv_func_nanosleep=yes
ac_cv_func_sigblock=yes
ac_cv_func_sigsetjmp=no
ac_cv_func_snprintf=yes
ac_cv_func_strptime=yes
ac_cv_func_strtoll=yes
ac_cv_func_timegm=yes
ac_cv_func_usleep=yes
ac_cv_func_vasprintf=yes
ac_cv_func_vsnprintf=yes
ac_cv_func_wcwidth=yes
ac_cv_header_inttypes_h=yes
ac_cv_header_memory_h=yes
ac_cv_header_pwd_h=yes
ac_cv_header_stdbool_h=yes
ac_cv_header_stdc=yes
ac_cv_header_stdint_h=yes
ac_cv_header_stdlib_h=yes
ac_cv_header_string_h=yes
ac_cv_header_strings_h=yes
ac_cv_header_sys_ioctl_h=yes
ac_cv_header_sys_select_h=yes
ac_cv_header_sys_stat_h=yes
ac_cv_header_sys_time_h=yes
ac_cv_header_sys_types_h=yes
ac_cv_header_sys_utime_h=no
ac_cv_header_termios_h=yes
ac_cv_header_unistd_h=yes
ac_cv_header_utime_h=yes
ac_cv_header_wchar_h=yes
ac_cv_host=mips-unknown-linux-gnu
ac_cv_host_alias=mips-linux
ac_cv_lib_dl_dlopen=yes
ac_cv_lib_socket_socket=no
ac_cv_libssl=no
ac_cv_member_struct_sockaddr_in6_sin6_scope_id=yes
ac_cv_objext=o
ac_cv_path_PERL=/usr/local/bin/perl
ac_cv_path_POD2MAN=/usr/bin/pod2man
ac_cv_path_install='/usr/bin/install -c'
ac_cv_prog_CC='mips-linux-uclibc-gcc -mips32r2 -msoft-float'
ac_cv_prog_CPP='mips-linux-uclibc-gcc -mips32r2 -msoft-float -E'
ac_cv_prog_MAKEINFO=makeinfo
ac_cv_prog_cc_g=yes
ac_cv_prog_cc_stdc=
ac_cv_prog_egrep='grep -E'
ac_cv_prog_make_make_set=yes
ac_cv_sizeof_int=4
ac_cv_sizeof_long=4
ac_cv_sizeof_long_long=8
ac_cv_sizeof_off_t=4
ac_cv_sizeof_short=2
ac_cv_sizeof_void_p=4
ac_cv_sys_largefile_source=1
ac_cv_type__Bool=yes
ac_cv_type_int=yes
ac_cv_type_int64_t=yes
ac_cv_type_intptr_t=yes
ac_cv_type_long=yes
ac_cv_type_long_long=yes
ac_cv_type_off_t=yes
ac_cv_type_pid_t=yes
ac_cv_type_short=yes
ac_cv_type_sig_atomic_t=yes
ac_cv_type_size_t=yes
ac_cv_type_struct_sockaddr_in6=yes
ac_cv_type_struct_sockaddr_storage=yes
ac_cv_type_struct_utimbuf=yes
ac_cv_type_uint32_t=yes
ac_cv_type_uintptr_t=yes
ac_cv_type_void_p=yes
ac_cv_working_alloca_h=yes
wget_cv_proto_inet6=yes

## ----------------- ##
## Output variables. ##
## ----------------- ##

ALLOCA=''
CATALOGS=''
CATOBJEXT=''
CC='mips-linux-uclibc-gcc -mips32r2 -msoft-float'
CFLAGS=' -O2 -Wall'
COMMENT_IF_NO_POD2MAN=''
CPP='mips-linux-uclibc-gcc -mips32r2 -msoft-float -E'
CPPFLAGS=''
DATADIRNAME=''
DEFS='-DHAVE_CONFIG_H'
ECHO_C=''
ECHO_N='-n'
ECHO_T=''
EGREP='grep -E'
EXEEXT=''
GETOPT_OBJ=''
GMOFILES=''
GMSGFMT=''
HAVE_LIBGNUTLS=''
HAVE_LIBMATRIXSSL=''
HAVE_LIBSSL='no'
HAVE_NLS='no'
INSTALL_DATA='${INSTALL} -m 644'
INSTALL_PROGRAM='${INSTALL}'
INSTALL_SCRIPT='${INSTALL}'
INSTOBJEXT=''
INTLLIBS=''
LDFLAGS=''
LIBGNUTLS=''
LIBMATRIXSSL=''
LIBOBJS=''
LIBS='-ldl '
LIBSSL=''
LTLIBGNUTLS=''
LTLIBMATRIXSSL=''
LTLIBOBJS=''
LTLIBSSL=''
MAKEINFO='makeinfo'
MD5_OBJ=''
MSGFMT=''
NTLM_OBJ=''
OBJEXT='o'
OPIE_OBJ=''
PACKAGE='wget'
PACKAGE_BUGREPORT=''
PACKAGE_NAME=''
PACKAGE_STRING=''
PACKAGE_TARNAME=''
PACKAGE_VERSION=''
PATH_SEPARATOR=':'
PERL='/usr/local/bin/perl'
POD2MAN='/usr/bin/pod2man'
POFILES=''
SET_MAKE=''
SHELL='/bin/sh'
SSL_OBJ=''
USE_NLS='no'
VERSION='1.11.2'
XGETTEXT=''
ac_ct_CC=''
bindir='${exec_prefix}/bin'
build='i686-pc-linux-gnu'
build_alias='i686-linux'
build_cpu='i686'
build_os='linux-gnu'
build_vendor='pc'
datadir='${prefix}/share'
exec_prefix='${prefix}'
host='mips-unknown-linux-gnu'
host_alias='mips-linux'
host_cpu='mips'
host_os='linux-gnu'
host_vendor='unknown'
includedir='${prefix}/include'
infodir='${prefix}/info'
libdir='/home/temp/fredli/Main_OI_b4_PQA/apps/public/lib'
libexecdir='${exec_prefix}/libexec'
localstatedir='${prefix}/var'
mandir='${prefix}/man'
oldincludedir='/usr/include'
prefix='/usr/local'
program_transform_name='s,x,x,'
sbindir='${exec_prefix}/sbin'
sharedstatedir='${prefix}/com'
sysconfdir='${prefix}/etc'
target_alias=''

## ----------- ##
## confdefs.h. ##
## ----------- ##

#define ENABLE_DEBUG 1
#define ENABLE_IPV6 1
#define HAVE_ALLOCA 1
#define HAVE_ALLOCA_H 1
#define HAVE_CLOCK_GETTIME 1
#define HAVE_DRAND48 1
#define HAVE_FSEEKO 1
#define HAVE_FTELLO 1
#define HAVE_GETADDRINFO 1
#define HAVE_GETHOSTBYNAME 1
#define HAVE_GETPAGESIZE 1
#define HAVE_INET_NTOA 1
#define HAVE_INT64_T 1
#define HAVE_INTPTR_T 1
#define HAVE_INTTYPES_H 1
#define HAVE_INTTYPES_H 1
#define HAVE_ISATTY 1
#define HAVE_LIBDL 1
#define HAVE_MBTOWC 1
#define HAVE_MD5 1
#define HAVE_MEMORY_H 1
#define HAVE_MEMRCHR 1
#define HAVE_NANOSLEEP 1
#define HAVE_PWD_H 1
#define HAVE_SIGBLOCK 1
#define HAVE_SIG_ATOMIC_T 1
#define HAVE_SNPRINTF 1
#define HAVE_SOCKADDR_IN6_SCOPE_ID 1
#define HAVE_STDBOOL_H 1
#define HAVE_STDINT_H 1
#define HAVE_STDINT_H 1
#define HAVE_STDLIB_H 1
#define HAVE_STDLIB_H 1
#define HAVE_STRCASECMP 1
#define HAVE_STRDUP 1
#define HAVE_STRINGS_H 1
#define HAVE_STRING_H 1
#define HAVE_STRNCASECMP 1
#define HAVE_STRPTIME 1
#define HAVE_STRTOLL 1
#define HAVE_STRUCT_SOCKADDR_IN6 1
#define HAVE_STRUCT_SOCKADDR_STORAGE 1
#define HAVE_STRUCT_UTIMBUF 1
#define HAVE_SYMLINK 1
#define HAVE_SYS_IOCTL_H 1
#define HAVE_SYS_SELECT_H 1
#define HAVE_SYS_STAT_H 1
#define HAVE_SYS_TIME_H 1
#define HAVE_SYS_TYPES_H 1
#define HAVE_TERMIOS_H 1
#define HAVE_TIMEGM 1
#define HAVE_UINT32_T 1
#define HAVE_UINTPTR_T 1
#define HAVE_UNISTD_H 1
#define HAVE_UNISTD_H 1
#define HAVE_UNISTD_H 1
#define HAVE_USLEEP 1
#define HAVE_UTIME_H 1
#define HAVE_VASPRINTF 1
#define HAVE_VSNPRINTF 1
#define HAVE_WCHAR_H 1
#define HAVE_WCWIDTH 1
#define HAVE_WORKING_FNMATCH_H 1
#define HAVE__BOOL 1
#define OS_TYPE "linux-gnu"
#define PACKAGE_BUGREPORT ""
#define PACKAGE_NAME ""
#define PACKAGE_STRING ""
#define PACKAGE_TARNAME ""
#define PACKAGE_VERSION ""
#define SIZEOF_INT 4
#define SIZEOF_LONG 4
#define SIZEOF_LONG_LONG 8
#define SIZEOF_OFF_T 4
#define SIZEOF_SHORT 2
#define SIZEOF_VOID_P 4
#define STDC_HEADERS 1
#define _LARGEFILE_SOURCE 1

configure: exit 0

## ---------------------- ##
## Running config.status. ##
## ---------------------- ##

This file was extended by config.status, which was
generated by GNU Autoconf 2.59.  Invocation command line was

  CONFIG_FILES    = 
  CONFIG_HEADERS  = 
  CONFIG_LINKS    = 
  CONFIG_COMMANDS = 
  $ ./config.status 

on mbjsbbcf06

config.status:705: creating Makefile
config.status:705: creating src/Makefile
config.status:705: creating doc/Makefile
config.status:705: creating util/Makefile
config.status:705: creating po/Makefile.in
config.status:705: creating tests/Makefile
config.status:705: creating tests/WgetTest.pm
config.status:705: creating windows/Makefile
config.status:705: creating stamp-h
config.status:813: creating src/config.h
config.status:1235: executing default commands
