This file contains any messages produced by compilers while
running configure, to aid debugging if configure makes a mistake.

It was created by libupnp configure 1.3.1, which was
generated by GNU Autoconf 2.59.  Invocation command line was

  $ ./configure --host=mips-linux CFLAGS=-g -O2 -Wall -mips1

## --------- ##
## Platform. ##
## --------- ##

hostname = debian
uname -m = i686
uname -r = 3.2.0-4-686-pae
uname -s = Linux
uname -v = #1 SMP Debian 3.2.68-1+deb7u6

/usr/bin/uname -p = unknown
/bin/uname -X     = unknown

/bin/arch              = unknown
/usr/bin/arch -k       = unknown
/usr/convex/getsysinfo = unknown
hostinfo               = unknown
/bin/machine           = unknown
/usr/bin/oslevel       = unknown
/bin/universe          = unknown

PATH: /opt/trendchip/mips-linux-glibc-4.9.3/usr/bin
PATH: /usr/local/sbin
PATH: /usr/local/bin
PATH: /usr/sbin
PATH: /usr/bin
PATH: /sbin
PATH: /bin


## ----------- ##
## Core tests. ##
## ----------- ##

configure:1591: checking for a BSD-compatible install
configure:1646: result: /usr/bin/install -c
configure:1657: checking whether build environment is sane
configure:1700: result: yes
configure:1765: checking for gawk
configure:1781: found /opt/trendchip/mips-linux-glibc-4.9.3/usr/bin/gawk
configure:1791: result: gawk
configure:1801: checking whether make sets $(MAKE)
configure:1821: result: yes
configure:1897: checking for mips-linux-strip
configure:1923: result: mips-buildroot-linux-gnu-strip
configure:2035: checking for --enable-debug
configure:2043: result: no
configure:2085: checking for --enable-client
configure:2093: result: yes
configure:2115: checking for --enable-device
configure:2123: result: yes
configure:2148: checking for --enable-webserver
configure:2156: result: yes
configure:2189: checking for --enable-tools
configure:2197: result: yes
configure:2230: checking for mips-linux-gcc
configure:2256: result: mips-buildroot-linux-gnu-gcc -mips32r2 -msoft-float
configure:2538: checking for C compiler version
configure:2541: mips-buildroot-linux-gnu-gcc -mips32r2 -msoft-float --version </dev/null >&5
mips-buildroot-linux-gnu-gcc (Buildroot 2015.08.1) 4.9.3
Copyright (C) 2015 Free Software Foundation, Inc.
This is free software; see the source for copying conditions.  There is NO
warranty; not even for MERCHANTABILITY or FITNESS FOR A PARTICULAR PURPOSE.

configure:2544: $? = 0
configure:2546: mips-buildroot-linux-gnu-gcc -mips32r2 -msoft-float -v </dev/null >&5
Using built-in specs.
COLLECT_GCC=mips-buildroot-linux-gnu-gcc
COLLECT_LTO_WRAPPER=/opt/trendchip/mips-linux-glibc-4.9.3/usr/libexec/gcc/mips-buildroot-linux-gnu/4.9.3/lto-wrapper
Target: mips-buildroot-linux-gnu
Configured with: ./configure --prefix=/opt/trendchip/mips-linux-glibc-4.9.3/usr --sysconfdir=/opt/trendchip/mips-linux-glibc-4.9.3/etc --enable-static --target=mips-buildroot-linux-gnu --with-sysroot=/opt/trendchip/mips-linux-glibc-4.9.3/usr/mips-buildroot-linux-gnu/sysroot --disable-__cxa_atexit --with-gnu-ld --disable-libssp --disable-multilib --with-gmp=/opt/trendchip/mips-linux-glibc-4.9.3/usr --with-mpfr=/opt/trendchip/mips-linux-glibc-4.9.3/usr --with-pkgversion='Buildroot 2015.08.1' --with-bugurl=http://bugs.buildroot.net/ --disable-libquadmath --enable-tls --disable-libmudflap --enable-threads --with-mpc=/opt/trendchip/mips-linux-glibc-4.9.3/usr --without-isl --without-cloog --with-float=soft --disable-decimal-float --with-arch=mips32r2 --with-abi=32 --enable-languages=c,c++ --enable-poison-system-directories --with-build-time-tools=/opt/trendchip/mips-linux-glibc-4.9.3/usr/mips-buildroot-linux-gnu/bin --enable-shared --disable-libgomp
Thread model: posix
gcc version 4.9.3 (Buildroot 2015.08.1) 
configure:2549: $? = 0
configure:2551: mips-buildroot-linux-gnu-gcc -mips32r2 -msoft-float -V </dev/null >&5
mips-buildroot-linux-gnu-gcc: error: unrecognized command line option '-V'
mips-buildroot-linux-gnu-gcc: fatal error: no input files
compilation terminated.
configure:2554: $? = 1
configure:2577: checking for C compiler default output file name
configure:2580: mips-buildroot-linux-gnu-gcc -mips32r2 -msoft-float -g -O2 -Wall -mips1   conftest.c  >&5
configure:2583: $? = 0
configure:2629: result: a.out
configure:2634: checking whether the C compiler works
configure:2640: ./a.out
./configure: line 2641: ./a.out: cannot execute binary file
configure:2643: $? = 126
configure:2660: result: yes
configure:2667: checking whether we are cross compiling
configure:2669: result: yes
configure:2672: checking for suffix of executables
configure:2674: mips-buildroot-linux-gnu-gcc -mips32r2 -msoft-float -o conftest -g -O2 -Wall -mips1   conftest.c  >&5
configure:2677: $? = 0
configure:2702: result: 
configure:2708: checking for suffix of object files
configure:2729: mips-buildroot-linux-gnu-gcc -mips32r2 -msoft-float -c -g -O2 -Wall -mips1  conftest.c >&5
configure:2732: $? = 0
configure:2754: result: o
configure:2758: checking whether we are using the GNU C compiler
configure:2782: mips-buildroot-linux-gnu-gcc -mips32r2 -msoft-float -c -g -O2 -Wall -mips1  conftest.c >&5
configure:2788: $? = 0
configure:2792: test -z 
			 || test ! -s conftest.err
configure:2795: $? = 0
configure:2798: test -s conftest.o
configure:2801: $? = 0
configure:2814: result: yes
configure:2820: checking whether mips-buildroot-linux-gnu-gcc -mips32r2 -msoft-float accepts -g
configure:2841: mips-buildroot-linux-gnu-gcc -mips32r2 -msoft-float -c -g  conftest.c >&5
configure:2847: $? = 0
configure:2851: test -z 
			 || test ! -s conftest.err
configure:2854: $? = 0
configure:2857: test -s conftest.o
configure:2860: $? = 0
configure:2871: result: yes
configure:2888: checking for mips-buildroot-linux-gnu-gcc -mips32r2 -msoft-float option to accept ANSI C
configure:2958: mips-buildroot-linux-gnu-gcc -mips32r2 -msoft-float  -c -g -O2 -Wall -mips1  conftest.c >&5
configure:2964: $? = 0
configure:2968: test -z 
			 || test ! -s conftest.err
configure:2971: $? = 0
configure:2974: test -s conftest.o
configure:2977: $? = 0
configure:2995: result: none needed
configure:3013: mips-buildroot-linux-gnu-gcc -mips32r2 -msoft-float -c -g -O2 -Wall -mips1  conftest.c >&5
conftest.c:2:3: error: unknown type name 'choke'
   choke me
   ^
conftest.c:2:3: error: expected '=', ',', ';', 'asm' or '__attribute__' at end of input
configure:3019: $? = 1
configure: failed program was:
| #ifndef __cplusplus
|   choke me
| #endif
configure:3163: checking for style of include used by make
configure:3191: result: GNU
configure:3219: checking dependency style of mips-buildroot-linux-gnu-gcc -mips32r2 -msoft-float
configure:3309: result: gcc3
configure:3327: checking whether mips-buildroot-linux-gnu-gcc -mips32r2 -msoft-float and cc understand -c and -o together
configure:3357: mips-buildroot-linux-gnu-gcc -mips32r2 -msoft-float -c conftest.c -o conftest.o >&5
configure:3360: $? = 0
configure:3362: mips-buildroot-linux-gnu-gcc -mips32r2 -msoft-float -c conftest.c -o conftest.o >&5
configure:3365: $? = 0
configure:3372: cc -c conftest.c >&5
configure:3375: $? = 0
configure:3378: cc -c conftest.c -o conftest.o >&5
configure:3381: $? = 0
configure:3383: cc -c conftest.c -o conftest.o >&5
configure:3386: $? = 0
configure:3404: result: yes
configure:3507: checking build system type
configure:3525: result: i686-pc-linux-gnu
configure:3533: checking host system type
configure:3547: result: mips-unknown-linux-gnu
configure:3555: checking for a sed that does not truncate output
configure:3609: result: /bin/sed
configure:3612: checking for egrep
configure:3622: result: grep -E
configure:3638: checking for ld used by mips-buildroot-linux-gnu-gcc -mips32r2 -msoft-float
configure:3705: result: mips-buildroot-linux-gnu-ld
configure:3714: checking if the linker (mips-buildroot-linux-gnu-ld) is GNU ld
configure:3729: result: yes
configure:3734: checking for mips-buildroot-linux-gnu-ld option to reload object files
configure:3741: result: -r
configure:3750: checking for BSD-compatible nm
configure:3792: result: /opt/trendchip/mips-linux-glibc-4.9.3/usr/bin/mips-linux-nm -B
configure:3796: checking whether ln -s works
configure:3800: result: yes
configure:3807: checking how to recognise dependent libraries
configure:3990: result: pass_all
configure:4209: checking how to run the C preprocessor
configure:4244: mips-buildroot-linux-gnu-gcc -mips32r2 -msoft-float -E  conftest.c
configure:4250: $? = 0
configure:4282: mips-buildroot-linux-gnu-gcc -mips32r2 -msoft-float -E  conftest.c
conftest.c:21:28: fatal error: ac_nonexistent.h: No such file or directory
 #include <ac_nonexistent.h>
                            ^
compilation terminated.
configure:4288: $? = 1
configure: failed program was:
| /* confdefs.h.  */
| 
| #define PACKAGE_NAME "libupnp"
| #define PACKAGE_TARNAME "libupnp"
| #define PACKAGE_VERSION "1.6.18"
| #define PACKAGE_STRING "libupnp 1.6.18"
| #define PACKAGE_BUGREPORT "r3mi@users.sourceforge.net"
| #define PACKAGE "libupnp"
| #define VERSION "1.6.18"
| #define UPNP_VERSION_STRING "1.6.18"
| #define UPNP_VERSION_MAJOR 1
| #define UPNP_VERSION_MINOR 6
| #define UPNP_VERSION_PATCH 18
| #define NO_DEBUG 1
| #define NDEBUG 1
| #define UPNP_HAVE_CLIENT 1
| #define UPNP_HAVE_DEVICE 1
| #define UPNP_HAVE_WEBSERVER 1
| #define UPNP_HAVE_TOOLS 1
| /* end confdefs.h.  */
| #include <ac_nonexistent.h>
configure:4327: result: mips-buildroot-linux-gnu-gcc -mips32r2 -msoft-float -E
configure:4351: mips-buildroot-linux-gnu-gcc -mips32r2 -msoft-float -E  conftest.c
configure:4357: $? = 0
configure:4389: mips-buildroot-linux-gnu-gcc -mips32r2 -msoft-float -E  conftest.c
conftest.c:21:28: fatal error: ac_nonexistent.h: No such file or directory
 #include <ac_nonexistent.h>
                            ^
compilation terminated.
configure:4395: $? = 1
configure: failed program was:
| /* confdefs.h.  */
| 
| #define PACKAGE_NAME "libupnp"
| #define PACKAGE_TARNAME "libupnp"
| #define PACKAGE_VERSION "1.6.18"
| #define PACKAGE_STRING "libupnp 1.6.18"
| #define PACKAGE_BUGREPORT "r3mi@users.sourceforge.net"
| #define PACKAGE "libupnp"
| #define VERSION "1.6.18"
| #define UPNP_VERSION_STRING "1.6.18"
| #define UPNP_VERSION_MAJOR 1
| #define UPNP_VERSION_MINOR 6
| #define UPNP_VERSION_PATCH 18
| #define NO_DEBUG 1
| #define NDEBUG 1
| #define UPNP_HAVE_CLIENT 1
| #define UPNP_HAVE_DEVICE 1
| #define UPNP_HAVE_WEBSERVER 1
| #define UPNP_HAVE_TOOLS 1
| /* end confdefs.h.  */
| #include <ac_nonexistent.h>
configure:4439: checking for ANSI C header files
configure:4464: mips-buildroot-linux-gnu-gcc -mips32r2 -msoft-float -c -g -O2 -Wall -mips1  conftest.c >&5
configure:4470: $? = 0
configure:4474: test -z 
			 || test ! -s conftest.err
configure:4477: $? = 0
configure:4480: test -s conftest.o
configure:4483: $? = 0
configure:4595: result: yes
configure:4619: checking for sys/types.h
configure:4635: mips-buildroot-linux-gnu-gcc -mips32r2 -msoft-float -c -g -O2 -Wall -mips1  conftest.c >&5
configure:4641: $? = 0
configure:4645: test -z 
			 || test ! -s conftest.err
configure:4648: $? = 0
configure:4651: test -s conftest.o
configure:4654: $? = 0
configure:4665: result: yes
configure:4619: checking for sys/stat.h
configure:4635: mips-buildroot-linux-gnu-gcc -mips32r2 -msoft-float -c -g -O2 -Wall -mips1  conftest.c >&5
configure:4641: $? = 0
configure:4645: test -z 
			 || test ! -s conftest.err
configure:4648: $? = 0
configure:4651: test -s conftest.o
configure:4654: $? = 0
configure:4665: result: yes
configure:4619: checking for stdlib.h
configure:4635: mips-buildroot-linux-gnu-gcc -mips32r2 -msoft-float -c -g -O2 -Wall -mips1  conftest.c >&5
configure:4641: $? = 0
configure:4645: test -z 
			 || test ! -s conftest.err
configure:4648: $? = 0
configure:4651: test -s conftest.o
configure:4654: $? = 0
configure:4665: result: yes
configure:4619: checking for string.h
configure:4635: mips-buildroot-linux-gnu-gcc -mips32r2 -msoft-float -c -g -O2 -Wall -mips1  conftest.c >&5
configure:4641: $? = 0
configure:4645: test -z 
			 || test ! -s conftest.err
configure:4648: $? = 0
configure:4651: test -s conftest.o
configure:4654: $? = 0
configure:4665: result: yes
configure:4619: checking for memory.h
configure:4635: mips-buildroot-linux-gnu-gcc -mips32r2 -msoft-float -c -g -O2 -Wall -mips1  conftest.c >&5
configure:4641: $? = 0
configure:4645: test -z 
			 || test ! -s conftest.err
configure:4648: $? = 0
configure:4651: test -s conftest.o
configure:4654: $? = 0
configure:4665: result: yes
configure:4619: checking for strings.h
configure:4635: mips-buildroot-linux-gnu-gcc -mips32r2 -msoft-float -c -g -O2 -Wall -mips1  conftest.c >&5
configure:4641: $? = 0
configure:4645: test -z 
			 || test ! -s conftest.err
configure:4648: $? = 0
configure:4651: test -s conftest.o
configure:4654: $? = 0
configure:4665: result: yes
configure:4619: checking for inttypes.h
configure:4635: mips-buildroot-linux-gnu-gcc -mips32r2 -msoft-float -c -g -O2 -Wall -mips1  conftest.c >&5
configure:4641: $? = 0
configure:4645: test -z 
			 || test ! -s conftest.err
configure:4648: $? = 0
configure:4651: test -s conftest.o
configure:4654: $? = 0
configure:4665: result: yes
configure:4619: checking for stdint.h
configure:4635: mips-buildroot-linux-gnu-gcc -mips32r2 -msoft-float -c -g -O2 -Wall -mips1  conftest.c >&5
configure:4641: $? = 0
configure:4645: test -z 
			 || test ! -s conftest.err
configure:4648: $? = 0
configure:4651: test -s conftest.o
configure:4654: $? = 0
configure:4665: result: yes
configure:4619: checking for unistd.h
configure:4635: mips-buildroot-linux-gnu-gcc -mips32r2 -msoft-float -c -g -O2 -Wall -mips1  conftest.c >&5
configure:4641: $? = 0
configure:4645: test -z 
			 || test ! -s conftest.err
configure:4648: $? = 0
configure:4651: test -s conftest.o
configure:4654: $? = 0
configure:4665: result: yes
configure:4691: checking dlfcn.h usability
configure:4703: mips-buildroot-linux-gnu-gcc -mips32r2 -msoft-float -c -g -O2 -Wall -mips1  conftest.c >&5
configure:4709: $? = 0
configure:4713: test -z 
			 || test ! -s conftest.err
configure:4716: $? = 0
configure:4719: test -s conftest.o
configure:4722: $? = 0
configure:4732: result: yes
configure:4736: checking dlfcn.h presence
configure:4746: mips-buildroot-linux-gnu-gcc -mips32r2 -msoft-float -E  conftest.c
configure:4752: $? = 0
configure:4772: result: yes
configure:4807: checking for dlfcn.h
configure:4814: result: yes
configure:4837: checking for mips-linux-mips-buildroot-linux-gnu-g++
configure:4866: result: no
configure:4837: checking for mips-linux--mips32r2
configure:4866: result: no
configure:4837: checking for mips-linux--msoft-float
configure:4866: result: no
configure:4837: checking for mips-linux-g++
configure:4853: found /opt/trendchip/mips-linux-glibc-4.9.3/usr/bin/mips-linux-g++
configure:4863: result: mips-linux-g++
configure:4921: checking for C++ compiler version
configure:4924: mips-linux-g++ --version </dev/null >&5
mips-linux-g++ (Buildroot 2015.08.1) 4.9.3
Copyright (C) 2015 Free Software Foundation, Inc.
This is free software; see the source for copying conditions.  There is NO
warranty; not even for MERCHANTABILITY or FITNESS FOR A PARTICULAR PURPOSE.

configure:4927: $? = 0
configure:4929: mips-linux-g++ -v </dev/null >&5
Using built-in specs.
COLLECT_GCC=mips-linux-g++
COLLECT_LTO_WRAPPER=/opt/trendchip/mips-linux-glibc-4.9.3/usr/libexec/gcc/mips-buildroot-linux-gnu/4.9.3/lto-wrapper
Target: mips-buildroot-linux-gnu
Configured with: ./configure --prefix=/opt/trendchip/mips-linux-glibc-4.9.3/usr --sysconfdir=/opt/trendchip/mips-linux-glibc-4.9.3/etc --enable-static --target=mips-buildroot-linux-gnu --with-sysroot=/opt/trendchip/mips-linux-glibc-4.9.3/usr/mips-buildroot-linux-gnu/sysroot --disable-__cxa_atexit --with-gnu-ld --disable-libssp --disable-multilib --with-gmp=/opt/trendchip/mips-linux-glibc-4.9.3/usr --with-mpfr=/opt/trendchip/mips-linux-glibc-4.9.3/usr --with-pkgversion='Buildroot 2015.08.1' --with-bugurl=http://bugs.buildroot.net/ --disable-libquadmath --enable-tls --disable-libmudflap --enable-threads --with-mpc=/opt/trendchip/mips-linux-glibc-4.9.3/usr --without-isl --without-cloog --with-float=soft --disable-decimal-float --with-arch=mips32r2 --with-abi=32 --enable-languages=c,c++ --enable-poison-system-directories --with-build-time-tools=/opt/trendchip/mips-linux-glibc-4.9.3/usr/mips-buildroot-linux-gnu/bin --enable-shared --disable-libgomp
Thread model: posix
gcc version 4.9.3 (Buildroot 2015.08.1) 
configure:4932: $? = 0
configure:4934: mips-linux-g++ -V </dev/null >&5
mips-linux-g++: error: unrecognized command line option '-V'
mips-linux-g++: fatal error: no input files
compilation terminated.
configure:4937: $? = 1
configure:4940: checking whether we are using the GNU C++ compiler
configure:4964: mips-linux-g++ -c   conftest.cc >&5
configure:4970: $? = 0
configure:4974: test -z 
			 || test ! -s conftest.err
configure:4977: $? = 0
configure:4980: test -s conftest.o
configure:4983: $? = 0
configure:4996: result: yes
configure:5002: checking whether mips-linux-g++ accepts -g
configure:5023: mips-linux-g++ -c -g  conftest.cc >&5
configure:5029: $? = 0
configure:5033: test -z 
			 || test ! -s conftest.err
configure:5036: $? = 0
configure:5039: test -s conftest.o
configure:5042: $? = 0
configure:5053: result: yes
configure:5095: mips-linux-g++ -c -g -O2  conftest.cc >&5
configure:5101: $? = 0
configure:5105: test -z 
			 || test ! -s conftest.err
configure:5108: $? = 0
configure:5111: test -s conftest.o
configure:5114: $? = 0
configure:5140: mips-linux-g++ -c -g -O2  conftest.cc >&5
conftest.cc: In function 'int main()':
conftest.cc:36:9: error: 'exit' was not declared in this scope
 exit (42);
         ^
configure:5146: $? = 1
configure: failed program was:
| /* confdefs.h.  */
| 
| #define PACKAGE_NAME "libupnp"
| #define PACKAGE_TARNAME "libupnp"
| #define PACKAGE_VERSION "1.6.18"
| #define PACKAGE_STRING "libupnp 1.6.18"
| #define PACKAGE_BUGREPORT "r3mi@users.sourceforge.net"
| #define PACKAGE "libupnp"
| #define VERSION "1.6.18"
| #define UPNP_VERSION_STRING "1.6.18"
| #define UPNP_VERSION_MAJOR 1
| #define UPNP_VERSION_MINOR 6
| #define UPNP_VERSION_PATCH 18
| #define NO_DEBUG 1
| #define NDEBUG 1
| #define UPNP_HAVE_CLIENT 1
| #define UPNP_HAVE_DEVICE 1
| #define UPNP_HAVE_WEBSERVER 1
| #define UPNP_HAVE_TOOLS 1
| #define STDC_HEADERS 1
| #define HAVE_SYS_TYPES_H 1
| #define HAVE_SYS_STAT_H 1
| #define HAVE_STDLIB_H 1
| #define HAVE_STRING_H 1
| #define HAVE_MEMORY_H 1
| #define HAVE_STRINGS_H 1
| #define HAVE_INTTYPES_H 1
| #define HAVE_STDINT_H 1
| #define HAVE_UNISTD_H 1
| #define HAVE_DLFCN_H 1
| /* end confdefs.h.  */
| 
| int
| main ()
| {
| exit (42);
|   ;
|   return 0;
| }
configure:5095: mips-linux-g++ -c -g -O2  conftest.cc >&5
conftest.cc:32:40: error: 'void std::exit(int)' should have been declared inside 'std'
 extern "C" void std::exit (int) throw (); using std::exit;
                                        ^
configure:5101: $? = 1
configure: failed program was:
| /* confdefs.h.  */
| 
| #define PACKAGE_NAME "libupnp"
| #define PACKAGE_TARNAME "libupnp"
| #define PACKAGE_VERSION "1.6.18"
| #define PACKAGE_STRING "libupnp 1.6.18"
| #define PACKAGE_BUGREPORT "r3mi@users.sourceforge.net"
| #define PACKAGE "libupnp"
| #define VERSION "1.6.18"
| #define UPNP_VERSION_STRING "1.6.18"
| #define UPNP_VERSION_MAJOR 1
| #define UPNP_VERSION_MINOR 6
| #define UPNP_VERSION_PATCH 18
| #define NO_DEBUG 1
| #define NDEBUG 1
| #define UPNP_HAVE_CLIENT 1
| #define UPNP_HAVE_DEVICE 1
| #define UPNP_HAVE_WEBSERVER 1
| #define UPNP_HAVE_TOOLS 1
| #define STDC_HEADERS 1
| #define HAVE_SYS_TYPES_H 1
| #define HAVE_SYS_STAT_H 1
| #define HAVE_STDLIB_H 1
| #define HAVE_STRING_H 1
| #define HAVE_MEMORY_H 1
| #define HAVE_STRINGS_H 1
| #define HAVE_INTTYPES_H 1
| #define HAVE_STDINT_H 1
| #define HAVE_UNISTD_H 1
| #define HAVE_DLFCN_H 1
| /* end confdefs.h.  */
| extern "C" void std::exit (int) throw (); using std::exit;
| #include <stdlib.h>
| int
| main ()
| {
| exit (42);
|   ;
|   return 0;
| }
configure:5095: mips-linux-g++ -c -g -O2  conftest.cc >&5
conftest.cc:32:31: error: 'void std::exit(int)' should have been declared inside 'std'
 extern "C" void std::exit (int); using std::exit;
                               ^
In file included from conftest.cc:33:0:
/opt/trendchip/mips-linux-glibc-4.9.3/usr/mips-buildroot-linux-gnu/sysroot/usr/include/stdlib.h:543:70: error: declaration of 'void std::exit(int) throw ()' has a different exception specifier
 extern void exit (int __status) __THROW __attribute__ ((__noreturn__));
                                                                      ^
conftest.cc:32:17: error: from previous declaration 'void std::exit(int)'
 extern "C" void std::exit (int); using std::exit;
                 ^
configure:5101: $? = 1
configure: failed program was:
| /* confdefs.h.  */
| 
| #define PACKAGE_NAME "libupnp"
| #define PACKAGE_TARNAME "libupnp"
| #define PACKAGE_VERSION "1.6.18"
| #define PACKAGE_STRING "libupnp 1.6.18"
| #define PACKAGE_BUGREPORT "r3mi@users.sourceforge.net"
| #define PACKAGE "libupnp"
| #define VERSION "1.6.18"
| #define UPNP_VERSION_STRING "1.6.18"
| #define UPNP_VERSION_MAJOR 1
| #define UPNP_VERSION_MINOR 6
| #define UPNP_VERSION_PATCH 18
| #define NO_DEBUG 1
| #define NDEBUG 1
| #define UPNP_HAVE_CLIENT 1
| #define UPNP_HAVE_DEVICE 1
| #define UPNP_HAVE_WEBSERVER 1
| #define UPNP_HAVE_TOOLS 1
| #define STDC_HEADERS 1
| #define HAVE_SYS_TYPES_H 1
| #define HAVE_SYS_STAT_H 1
| #define HAVE_STDLIB_H 1
| #define HAVE_STRING_H 1
| #define HAVE_MEMORY_H 1
| #define HAVE_STRINGS_H 1
| #define HAVE_INTTYPES_H 1
| #define HAVE_STDINT_H 1
| #define HAVE_UNISTD_H 1
| #define HAVE_DLFCN_H 1
| /* end confdefs.h.  */
| extern "C" void std::exit (int); using std::exit;
| #include <stdlib.h>
| int
| main ()
| {
| exit (42);
|   ;
|   return 0;
| }
configure:5095: mips-linux-g++ -c -g -O2  conftest.cc >&5
configure:5101: $? = 0
configure:5105: test -z 
			 || test ! -s conftest.err
configure:5108: $? = 0
configure:5111: test -s conftest.o
configure:5114: $? = 0
configure:5140: mips-linux-g++ -c -g -O2  conftest.cc >&5
configure:5146: $? = 0
configure:5150: test -z 
			 || test ! -s conftest.err
configure:5153: $? = 0
configure:5156: test -s conftest.o
configure:5159: $? = 0
configure:5184: checking dependency style of mips-linux-g++
configure:5274: result: gcc3
configure:5296: checking how to run the C++ preprocessor
configure:5327: mips-linux-g++ -E  conftest.cc
configure:5333: $? = 0
configure:5365: mips-linux-g++ -E  conftest.cc
conftest.cc:35:28: fatal error: ac_nonexistent.h: No such file or directory
 #include <ac_nonexistent.h>
                            ^
compilation terminated.
configure:5371: $? = 1
configure: failed program was:
| /* confdefs.h.  */
| 
| #define PACKAGE_NAME "libupnp"
| #define PACKAGE_TARNAME "libupnp"
| #define PACKAGE_VERSION "1.6.18"
| #define PACKAGE_STRING "libupnp 1.6.18"
| #define PACKAGE_BUGREPORT "r3mi@users.sourceforge.net"
| #define PACKAGE "libupnp"
| #define VERSION "1.6.18"
| #define UPNP_VERSION_STRING "1.6.18"
| #define UPNP_VERSION_MAJOR 1
| #define UPNP_VERSION_MINOR 6
| #define UPNP_VERSION_PATCH 18
| #define NO_DEBUG 1
| #define NDEBUG 1
| #define UPNP_HAVE_CLIENT 1
| #define UPNP_HAVE_DEVICE 1
| #define UPNP_HAVE_WEBSERVER 1
| #define UPNP_HAVE_TOOLS 1
| #define STDC_HEADERS 1
| #define HAVE_SYS_TYPES_H 1
| #define HAVE_SYS_STAT_H 1
| #define HAVE_STDLIB_H 1
| #define HAVE_STRING_H 1
| #define HAVE_MEMORY_H 1
| #define HAVE_STRINGS_H 1
| #define HAVE_INTTYPES_H 1
| #define HAVE_STDINT_H 1
| #define HAVE_UNISTD_H 1
| #define HAVE_DLFCN_H 1
| #ifdef __cplusplus
| extern "C" void exit (int) throw ();
| #endif
| /* end confdefs.h.  */
| #include <ac_nonexistent.h>
configure:5410: result: mips-linux-g++ -E
configure:5434: mips-linux-g++ -E  conftest.cc
configure:5440: $? = 0
configure:5472: mips-linux-g++ -E  conftest.cc
conftest.cc:35:28: fatal error: ac_nonexistent.h: No such file or directory
 #include <ac_nonexistent.h>
                            ^
compilation terminated.
configure:5478: $? = 1
configure: failed program was:
| /* confdefs.h.  */
| 
| #define PACKAGE_NAME "libupnp"
| #define PACKAGE_TARNAME "libupnp"
| #define PACKAGE_VERSION "1.6.18"
| #define PACKAGE_STRING "libupnp 1.6.18"
| #define PACKAGE_BUGREPORT "r3mi@users.sourceforge.net"
| #define PACKAGE "libupnp"
| #define VERSION "1.6.18"
| #define UPNP_VERSION_STRING "1.6.18"
| #define UPNP_VERSION_MAJOR 1
| #define UPNP_VERSION_MINOR 6
| #define UPNP_VERSION_PATCH 18
| #define NO_DEBUG 1
| #define NDEBUG 1
| #define UPNP_HAVE_CLIENT 1
| #define UPNP_HAVE_DEVICE 1
| #define UPNP_HAVE_WEBSERVER 1
| #define UPNP_HAVE_TOOLS 1
| #define STDC_HEADERS 1
| #define HAVE_SYS_TYPES_H 1
| #define HAVE_SYS_STAT_H 1
| #define HAVE_STDLIB_H 1
| #define HAVE_STRING_H 1
| #define HAVE_MEMORY_H 1
| #define HAVE_STRINGS_H 1
| #define HAVE_INTTYPES_H 1
| #define HAVE_STDINT_H 1
| #define HAVE_UNISTD_H 1
| #define HAVE_DLFCN_H 1
| #ifdef __cplusplus
| extern "C" void exit (int) throw ();
| #endif
| /* end confdefs.h.  */
| #include <ac_nonexistent.h>
configure:5531: checking for mips-linux-g77
configure:5560: result: no
configure:5531: checking for mips-linux-f77
configure:5560: result: no
configure:5531: checking for mips-linux-xlf
configure:5560: result: no
configure:5531: checking for mips-linux-frt
configure:5560: result: no
configure:5531: checking for mips-linux-pgf77
configure:5560: result: no
configure:5531: checking for mips-linux-fort77
configure:5560: result: no
configure:5531: checking for mips-linux-fl32
configure:5560: result: no
configure:5531: checking for mips-linux-af77
configure:5560: result: no
configure:5531: checking for mips-linux-f90
configure:5560: result: no
configure:5531: checking for mips-linux-xlf90
configure:5560: result: no
configure:5531: checking for mips-linux-pgf90
configure:5560: result: no
configure:5531: checking for mips-linux-epcf90
configure:5560: result: no
configure:5531: checking for mips-linux-f95
configure:5560: result: no
configure:5531: checking for mips-linux-fort
configure:5560: result: no
configure:5531: checking for mips-linux-xlf95
configure:5560: result: no
configure:5531: checking for mips-linux-ifc
configure:5560: result: no
configure:5531: checking for mips-linux-efc
configure:5560: result: no
configure:5531: checking for mips-linux-pgf95
configure:5560: result: no
configure:5531: checking for mips-linux-lf95
configure:5560: result: no
configure:5531: checking for mips-linux-gfortran
configure:5560: result: no
configure:5573: checking for g77
configure:5602: result: no
configure:5573: checking for f77
configure:5602: result: no
configure:5573: checking for xlf
configure:5602: result: no
configure:5573: checking for frt
configure:5602: result: no
configure:5573: checking for pgf77
configure:5602: result: no
configure:5573: checking for fort77
configure:5602: result: no
configure:5573: checking for fl32
configure:5602: result: no
configure:5573: checking for af77
configure:5602: result: no
configure:5573: checking for f90
configure:5602: result: no
configure:5573: checking for xlf90
configure:5602: result: no
configure:5573: checking for pgf90
configure:5602: result: no
configure:5573: checking for epcf90
configure:5602: result: no
configure:5573: checking for f95
configure:5602: result: no
configure:5573: checking for fort
configure:5602: result: no
configure:5573: checking for xlf95
configure:5602: result: no
configure:5573: checking for ifc
configure:5602: result: no
configure:5573: checking for efc
configure:5602: result: no
configure:5573: checking for pgf95
configure:5602: result: no
configure:5573: checking for lf95
configure:5602: result: no
configure:5573: checking for gfortran
configure:5602: result: no
configure:5614: checking for Fortran 77 compiler version
configure:5617:  --version </dev/null >&5
./configure: line 5618: --version: command not found
configure:5620: $? = 127
configure:5622:  -v </dev/null >&5
./configure: line 5623: -v: command not found
configure:5625: $? = 127
configure:5627:  -V </dev/null >&5
./configure: line 5628: -V: command not found
configure:5630: $? = 127
configure:5638: checking whether we are using the GNU Fortran 77 compiler
configure:5652:  -c  conftest.F >&5
./configure: line 5653: -c: command not found
configure:5658: $? = 127
configure: failed program was:
|       program main
| #ifndef __GNUC__
|        choke me
| #endif
| 
|       end
configure:5684: result: no
configure:5690: checking whether  accepts -g
configure:5702:  -c -g conftest.f >&5
./configure: line 5703: -c: command not found
configure:5708: $? = 127
configure: failed program was:
|       program main
| 
|       end
configure:5733: result: no
configure:5763: checking the maximum length of command line arguments
configure:5828: result: 32768
configure:5839: checking command to parse /opt/trendchip/mips-linux-glibc-4.9.3/usr/bin/mips-linux-nm -B output from mips-buildroot-linux-gnu-gcc -mips32r2 -msoft-float object
configure:5928: mips-buildroot-linux-gnu-gcc -mips32r2 -msoft-float -c -g -O2 -Wall -mips1  conftest.c >&5
configure:5931: $? = 0
configure:5935: /opt/trendchip/mips-linux-glibc-4.9.3/usr/bin/mips-linux-nm -B conftest.o \| sed -n -e 's/^.*[ 	]\([ABCDGIRSTW][ABCDGIRSTW]*\)[ 	][ 	]*\(\)\([_A-Za-z][_A-Za-z0-9]*\)$/\1 \2\3 \3/p' \> conftest.nm
configure:5938: $? = 0
configure:5990: mips-buildroot-linux-gnu-gcc -mips32r2 -msoft-float -o conftest -g -O2 -Wall -mips1   conftest.c conftstm.o >&5
configure:5993: $? = 0
configure:6031: result: ok
configure:6035: checking for objdir
configure:6050: result: .libs
configure:6102: checking for mips-linux-ar
configure:6128: result: mips-buildroot-linux-gnu-ar
configure:6182: checking for mips-linux-ranlib
configure:6198: found /opt/trendchip/mips-linux-glibc-4.9.3/usr/bin/mips-linux-ranlib
configure:6208: result: mips-linux-ranlib
configure:6262: checking for mips-linux-strip
configure:6288: result: mips-buildroot-linux-gnu-strip
configure:6589: checking if mips-buildroot-linux-gnu-gcc -mips32r2 -msoft-float static flag  works
configure:6612: result: yes
configure:6630: checking if mips-buildroot-linux-gnu-gcc -mips32r2 -msoft-float supports -fno-rtti -fno-exceptions
configure:6648: mips-buildroot-linux-gnu-gcc -mips32r2 -msoft-float -c -g -O2 -Wall -mips1  -fno-rtti -fno-exceptions conftest.c >&5
cc1: warning: command line option '-fno-rtti' is valid for C++/ObjC++ but not for C
configure:6652: $? = 0
configure:6663: result: no
configure:6678: checking for mips-buildroot-linux-gnu-gcc -mips32r2 -msoft-float option to produce PIC
configure:6855: result: -fPIC
configure:6863: checking if mips-buildroot-linux-gnu-gcc -mips32r2 -msoft-float PIC flag -fPIC works
configure:6881: mips-buildroot-linux-gnu-gcc -mips32r2 -msoft-float -c -g -O2 -Wall -mips1  -fPIC -DPIC conftest.c >&5
configure:6885: $? = 0
configure:6896: result: yes
configure:6920: checking if mips-buildroot-linux-gnu-gcc -mips32r2 -msoft-float supports -c -o file.o
configure:6941: mips-buildroot-linux-gnu-gcc -mips32r2 -msoft-float -c -g -O2 -Wall -mips1  -o out/conftest2.o conftest.c >&5
configure:6945: $? = 0
configure:6965: result: yes
configure:6991: checking whether the mips-buildroot-linux-gnu-gcc -mips32r2 -msoft-float linker (mips-buildroot-linux-gnu-ld) supports shared libraries
configure:7839: result: yes
configure:7865: checking whether -lc should be explicitly linked in
configure:7870: mips-buildroot-linux-gnu-gcc -mips32r2 -msoft-float -c -g -O2 -Wall -mips1  conftest.c >&5
configure:7873: $? = 0
configure:7887: mips-buildroot-linux-gnu-gcc -mips32r2 -msoft-float -shared conftest.o  -v -Wl,-soname -Wl,conftest -o conftest 2\>\&1 \| grep  -lc  \>/dev/null 2\>\&1
configure:7890: $? = 0
configure:7902: result: no
configure:7910: checking dynamic linker characteristics
configure:8456: result: GNU/Linux ld.so
configure:8460: checking how to hardcode library paths into programs
configure:8485: result: immediate
configure:8499: checking whether stripping libraries is possible
configure:8504: result: yes
configure:9334: checking if libtool supports shared libraries
configure:9336: result: yes
configure:9339: checking whether to build shared libraries
configure:9397: result: yes
configure:9400: checking whether to build static libraries
configure:9404: result: yes
configure:9496: creating libtool
configure:10043: checking for ld used by mips-linux-g++
configure:10110: result: mips-buildroot-linux-gnu-ld
configure:10119: checking if the linker (mips-buildroot-linux-gnu-ld) is GNU ld
configure:10134: result: yes
configure:10185: checking whether the mips-linux-g++ linker (mips-buildroot-linux-gnu-ld) supports shared libraries
configure:11013: result: yes
configure:11031: mips-linux-g++ -c -g -O2  conftest.cc >&5
configure:11034: $? = 0
configure:11130: checking for mips-linux-g++ option to produce PIC
configure:11382: result: -fPIC
configure:11390: checking if mips-linux-g++ PIC flag -fPIC works
configure:11408: mips-linux-g++ -c -g -O2  -fPIC -DPIC conftest.cc >&5
configure:11412: $? = 0
configure:11423: result: yes
configure:11447: checking if mips-linux-g++ supports -c -o file.o
configure:11468: mips-linux-g++ -c -g -O2  -o out/conftest2.o conftest.cc >&5
configure:11472: $? = 0
configure:11492: result: yes
configure:11518: checking whether the mips-linux-g++ linker (mips-buildroot-linux-gnu-ld) supports shared libraries
configure:11543: result: yes
configure:11614: checking dynamic linker characteristics
configure:12160: result: GNU/Linux ld.so
configure:12164: checking how to hardcode library paths into programs
configure:12189: result: immediate
configure:12203: checking whether stripping libraries is possible
configure:12208: result: yes
configure:19468: checking for a BSD-compatible install
configure:19523: result: /usr/bin/install -c
configure:19534: checking whether make sets $(MAKE)
configure:19554: result: yes
configure:19573: checking CFLAGS for gcc -Os
configure:19606: mips-buildroot-linux-gnu-gcc -mips32r2 -msoft-float -c -g -O2 -Wall -mips1 -pedantic  -Os  conftest.c >&5
configure:19612: $? = 0
configure:19616: test -z 
			 || test ! -s conftest.err
configure:19619: $? = 0
configure:19622: test -s conftest.o
configure:19625: $? = 0
configure:19644: result: -Os
configure:19656: : CFLAGS="$CFLAGS $ac_cv_cflags_gcc_option__Os"
configure:19659: $? = 0
configure:19667: checking CFLAGS for maximum warnings
configure:19700: mips-buildroot-linux-gnu-gcc -mips32r2 -msoft-float -c -g -O2 -Wall -mips1 -Os -pedantic  -Wall  conftest.c >&5
configure:19706: $? = 0
configure:19710: test -z 
			 || test ! -s conftest.err
configure:19713: $? = 0
configure:19716: test -s conftest.o
configure:19719: $? = 0
configure:19738: result: -Wall
configure:19746: : CFLAGS does contain $ac_cv_cflags_warn_all
configure:19749: $? = 0
configure:19771: checking for special C compiler options needed for large files
configure:19870: result: no
configure:19876: checking for _FILE_OFFSET_BITS value needed for large files
configure:19907: mips-buildroot-linux-gnu-gcc -mips32r2 -msoft-float -c -g -O2 -Wall -mips1 -Os  conftest.c >&5
conftest.c:41:3: warning: left shift count >= width of type
   int off_t_is_large[(LARGE_OFF_T % 2147483629 == 721
   ^
conftest.c:41:3: warning: left shift count >= width of type
conftest.c:42:10: warning: left shift count >= width of type
          && LARGE_OFF_T % 2147483647 == 1)
          ^
conftest.c:42:10: warning: left shift count >= width of type
conftest.c:41:7: error: variably modified 'off_t_is_large' at file scope
   int off_t_is_large[(LARGE_OFF_T % 2147483629 == 721
       ^
configure:19913: $? = 1
configure: failed program was:
| /* confdefs.h.  */
| 
| #define PACKAGE_NAME "libupnp"
| #define PACKAGE_TARNAME "libupnp"
| #define PACKAGE_VERSION "1.6.18"
| #define PACKAGE_STRING "libupnp 1.6.18"
| #define PACKAGE_BUGREPORT "r3mi@users.sourceforge.net"
| #define PACKAGE "libupnp"
| #define VERSION "1.6.18"
| #define UPNP_VERSION_STRING "1.6.18"
| #define UPNP_VERSION_MAJOR 1
| #define UPNP_VERSION_MINOR 6
| #define UPNP_VERSION_PATCH 18
| #define NO_DEBUG 1
| #define NDEBUG 1
| #define UPNP_HAVE_CLIENT 1
| #define UPNP_HAVE_DEVICE 1
| #define UPNP_HAVE_WEBSERVER 1
| #define UPNP_HAVE_TOOLS 1
| #define STDC_HEADERS 1
| #define HAVE_SYS_TYPES_H 1
| #define HAVE_SYS_STAT_H 1
| #define HAVE_STDLIB_H 1
| #define HAVE_STRING_H 1
| #define HAVE_MEMORY_H 1
| #define HAVE_STRINGS_H 1
| #define HAVE_INTTYPES_H 1
| #define HAVE_STDINT_H 1
| #define HAVE_UNISTD_H 1
| #define HAVE_DLFCN_H 1
| #ifdef __cplusplus
| extern "C" void exit (int) throw ();
| #endif
| /* end confdefs.h.  */
| #include <sys/types.h>
|  /* Check that off_t can represent 2**63 - 1 correctly.
|     We can't simply define LARGE_OFF_T to be 9223372036854775807,
|     since some C++ compilers masquerading as C compilers
|     incorrectly reject 9223372036854775807.  */
| #define LARGE_OFF_T (((off_t) 1 << 62) - 1 + ((off_t) 1 << 62))
|   int off_t_is_large[(LARGE_OFF_T % 2147483629 == 721
| 		       && LARGE_OFF_T % 2147483647 == 1)
| 		      ? 1 : -1];
| int
| main ()
| {
| 
|   ;
|   return 0;
| }
configure:19960: mips-buildroot-linux-gnu-gcc -mips32r2 -msoft-float -c -g -O2 -Wall -mips1 -Os  conftest.c >&5
configure:19966: $? = 0
configure:19970: test -z 
			 || test ! -s conftest.err
configure:19973: $? = 0
configure:19976: test -s conftest.o
configure:19979: $? = 0
configure:19991: result: 64
configure:20001: checking for _LARGE_FILES value needed for large files
configure:20032: mips-buildroot-linux-gnu-gcc -mips32r2 -msoft-float -c -g -O2 -Wall -mips1 -Os  conftest.c >&5
configure:20038: $? = 0
configure:20042: test -z 
			 || test ! -s conftest.err
configure:20045: $? = 0
configure:20048: test -s conftest.o
configure:20051: $? = 0
configure:20116: result: no
configure:20133: checking for ANSI C header files
configure:20289: result: yes
configure:20328: checking arpa/inet.h usability
configure:20340: mips-buildroot-linux-gnu-gcc -mips32r2 -msoft-float -c -g -O2 -Wall -mips1 -Os  conftest.c >&5
configure:20346: $? = 0
configure:20350: test -z 
			 || test ! -s conftest.err
configure:20353: $? = 0
configure:20356: test -s conftest.o
configure:20359: $? = 0
configure:20369: result: yes
configure:20373: checking arpa/inet.h presence
configure:20383: mips-buildroot-linux-gnu-gcc -mips32r2 -msoft-float -E  conftest.c
configure:20389: $? = 0
configure:20409: result: yes
configure:20444: checking for arpa/inet.h
configure:20451: result: yes
configure:20328: checking fcntl.h usability
configure:20340: mips-buildroot-linux-gnu-gcc -mips32r2 -msoft-float -c -g -O2 -Wall -mips1 -Os  conftest.c >&5
configure:20346: $? = 0
configure:20350: test -z 
			 || test ! -s conftest.err
configure:20353: $? = 0
configure:20356: test -s conftest.o
configure:20359: $? = 0
configure:20369: result: yes
configure:20373: checking fcntl.h presence
configure:20383: mips-buildroot-linux-gnu-gcc -mips32r2 -msoft-float -E  conftest.c
configure:20389: $? = 0
configure:20409: result: yes
configure:20444: checking for fcntl.h
configure:20451: result: yes
configure:20328: checking limits.h usability
configure:20340: mips-buildroot-linux-gnu-gcc -mips32r2 -msoft-float -c -g -O2 -Wall -mips1 -Os  conftest.c >&5
configure:20346: $? = 0
configure:20350: test -z 
			 || test ! -s conftest.err
configure:20353: $? = 0
configure:20356: test -s conftest.o
configure:20359: $? = 0
configure:20369: result: yes
configure:20373: checking limits.h presence
configure:20383: mips-buildroot-linux-gnu-gcc -mips32r2 -msoft-float -E  conftest.c
configure:20389: $? = 0
configure:20409: result: yes
configure:20444: checking for limits.h
configure:20451: result: yes
configure:20328: checking malloc.h usability
configure:20340: mips-buildroot-linux-gnu-gcc -mips32r2 -msoft-float -c -g -O2 -Wall -mips1 -Os  conftest.c >&5
configure:20346: $? = 0
configure:20350: test -z 
			 || test ! -s conftest.err
configure:20353: $? = 0
configure:20356: test -s conftest.o
configure:20359: $? = 0
configure:20369: result: yes
configure:20373: checking malloc.h presence
configure:20383: mips-buildroot-linux-gnu-gcc -mips32r2 -msoft-float -E  conftest.c
configure:20389: $? = 0
configure:20409: result: yes
configure:20444: checking for malloc.h
configure:20451: result: yes
configure:20328: checking netdb.h usability
configure:20340: mips-buildroot-linux-gnu-gcc -mips32r2 -msoft-float -c -g -O2 -Wall -mips1 -Os  conftest.c >&5
configure:20346: $? = 0
configure:20350: test -z 
			 || test ! -s conftest.err
configure:20353: $? = 0
configure:20356: test -s conftest.o
configure:20359: $? = 0
configure:20369: result: yes
configure:20373: checking netdb.h presence
configure:20383: mips-buildroot-linux-gnu-gcc -mips32r2 -msoft-float -E  conftest.c
configure:20389: $? = 0
configure:20409: result: yes
configure:20444: checking for netdb.h
configure:20451: result: yes
configure:20328: checking netinet/in.h usability
configure:20340: mips-buildroot-linux-gnu-gcc -mips32r2 -msoft-float -c -g -O2 -Wall -mips1 -Os  conftest.c >&5
configure:20346: $? = 0
configure:20350: test -z 
			 || test ! -s conftest.err
configure:20353: $? = 0
configure:20356: test -s conftest.o
configure:20359: $? = 0
configure:20369: result: yes
configure:20373: checking netinet/in.h presence
configure:20383: mips-buildroot-linux-gnu-gcc -mips32r2 -msoft-float -E  conftest.c
configure:20389: $? = 0
configure:20409: result: yes
configure:20444: checking for netinet/in.h
configure:20451: result: yes
configure:20319: checking for stdlib.h
configure:20324: result: yes
configure:20319: checking for string.h
configure:20324: result: yes
configure:20328: checking sys/ioctl.h usability
configure:20340: mips-buildroot-linux-gnu-gcc -mips32r2 -msoft-float -c -g -O2 -Wall -mips1 -Os  conftest.c >&5
configure:20346: $? = 0
configure:20350: test -z 
			 || test ! -s conftest.err
configure:20353: $? = 0
configure:20356: test -s conftest.o
configure:20359: $? = 0
configure:20369: result: yes
configure:20373: checking sys/ioctl.h presence
configure:20383: mips-buildroot-linux-gnu-gcc -mips32r2 -msoft-float -E  conftest.c
configure:20389: $? = 0
configure:20409: result: yes
configure:20444: checking for sys/ioctl.h
configure:20451: result: yes
configure:20328: checking sys/socket.h usability
configure:20340: mips-buildroot-linux-gnu-gcc -mips32r2 -msoft-float -c -g -O2 -Wall -mips1 -Os  conftest.c >&5
configure:20346: $? = 0
configure:20350: test -z 
			 || test ! -s conftest.err
configure:20353: $? = 0
configure:20356: test -s conftest.o
configure:20359: $? = 0
configure:20369: result: yes
configure:20373: checking sys/socket.h presence
configure:20383: mips-buildroot-linux-gnu-gcc -mips32r2 -msoft-float -E  conftest.c
configure:20389: $? = 0
configure:20409: result: yes
configure:20444: checking for sys/socket.h
configure:20451: result: yes
configure:20328: checking sys/time.h usability
configure:20340: mips-buildroot-linux-gnu-gcc -mips32r2 -msoft-float -c -g -O2 -Wall -mips1 -Os  conftest.c >&5
configure:20346: $? = 0
configure:20350: test -z 
			 || test ! -s conftest.err
configure:20353: $? = 0
configure:20356: test -s conftest.o
configure:20359: $? = 0
configure:20369: result: yes
configure:20373: checking sys/time.h presence
configure:20383: mips-buildroot-linux-gnu-gcc -mips32r2 -msoft-float -E  conftest.c
configure:20389: $? = 0
configure:20409: result: yes
configure:20444: checking for sys/time.h
configure:20451: result: yes
configure:20328: checking sys/timeb.h usability
configure:20340: mips-buildroot-linux-gnu-gcc -mips32r2 -msoft-float -c -g -O2 -Wall -mips1 -Os  conftest.c >&5
configure:20346: $? = 0
configure:20350: test -z 
			 || test ! -s conftest.err
configure:20353: $? = 0
configure:20356: test -s conftest.o
configure:20359: $? = 0
configure:20369: result: yes
configure:20373: checking sys/timeb.h presence
configure:20383: mips-buildroot-linux-gnu-gcc -mips32r2 -msoft-float -E  conftest.c
configure:20389: $? = 0
configure:20409: result: yes
configure:20444: checking for sys/timeb.h
configure:20451: result: yes
configure:20328: checking syslog.h usability
configure:20340: mips-buildroot-linux-gnu-gcc -mips32r2 -msoft-float -c -g -O2 -Wall -mips1 -Os  conftest.c >&5
configure:20346: $? = 0
configure:20350: test -z 
			 || test ! -s conftest.err
configure:20353: $? = 0
configure:20356: test -s conftest.o
configure:20359: $? = 0
configure:20369: result: yes
configure:20373: checking syslog.h presence
configure:20383: mips-buildroot-linux-gnu-gcc -mips32r2 -msoft-float -E  conftest.c
configure:20389: $? = 0
configure:20409: result: yes
configure:20444: checking for syslog.h
configure:20451: result: yes
configure:20319: checking for unistd.h
configure:20324: result: yes
configure:20473: checking for an ANSI C-conforming const
configure:20540: mips-buildroot-linux-gnu-gcc -mips32r2 -msoft-float -c -g -O2 -Wall -mips1 -Os  conftest.c >&5
conftest.c: In function 'main':
conftest.c:78:17: warning: unused variable 's' [-Wunused-variable]
     char const *s = 0 ? (char *) 0 : (char const *) 0;
                 ^
conftest.c:98:15: warning: unused variable 'foo' [-Wunused-variable]
     const int foo = 10;
               ^
conftest.c:65:29: warning: unused variable 'zero' [-Wunused-variable]
   static struct point const zero = {0,0};
                             ^
conftest.c:59:17: warning: unused variable 'x' [-Wunused-variable]
   const charset x;
                 ^
conftest.c:80:7: warning: 't' is used uninitialized in this function [-Wuninitialized]
     *t++ = 0;
       ^
conftest.c:95:23: warning: 'b' is used uninitialized in this function [-Wuninitialized]
     struct s *b; b->j = 5;
                       ^
configure:20546: $? = 0
configure:20550: test -z 
			 || test ! -s conftest.err
configure:20553: $? = 0
configure:20556: test -s conftest.o
configure:20559: $? = 0
configure:20570: result: yes
configure:20580: checking for size_t
configure:20604: mips-buildroot-linux-gnu-gcc -mips32r2 -msoft-float -c -g -O2 -Wall -mips1 -Os  conftest.c >&5
configure:20610: $? = 0
configure:20614: test -z 
			 || test ! -s conftest.err
configure:20617: $? = 0
configure:20620: test -s conftest.o
configure:20623: $? = 0
configure:20634: result: yes
configure:20646: checking for socklen_t
configure:20669: mips-buildroot-linux-gnu-gcc -mips32r2 -msoft-float -c -g -O2 -Wall -mips1 -Os  conftest.c >&5
conftest.c: In function 'main':
conftest.c:56:11: warning: unused variable 'len' [-Wunused-variable]
 socklen_t len = 42; return 0;
           ^
configure:20675: $? = 0
configure:20679: test -z 
			 || test ! -s conftest.err
configure:20682: $? = 0
configure:20685: test -s conftest.o
configure:20688: $? = 0
configure:20700: result: yes
configure:20719: checking for vprintf
configure:20776: mips-buildroot-linux-gnu-gcc -mips32r2 -msoft-float -o conftest -g -O2 -Wall -mips1 -Os   conftest.c  >&5
conftest.c:75:6: warning: conflicting types for built-in function 'vprintf'
 char vprintf ();
      ^
configure:20782: $? = 0
configure:20786: test -z 
			 || test ! -s conftest.err
configure:20789: $? = 0
configure:20792: test -s conftest
configure:20795: $? = 0
configure:20807: result: yes
configure:20814: checking for _doprnt
configure:20871: mips-buildroot-linux-gnu-gcc -mips32r2 -msoft-float -o conftest -g -O2 -Wall -mips1 -Os   conftest.c  >&5
/tmp/ccCRH2Bw.o: In function `main':
/opt/tclinux_phoenix/apps/private/WSC_UPNP/libupnp-1.3.1/conftest.c:92: undefined reference to `_doprnt'
/tmp/ccCRH2Bw.o:(.data.rel+0x0): undefined reference to `_doprnt'
collect2: error: ld returned 1 exit status
configure:20877: $? = 1
configure: failed program was:
| /* confdefs.h.  */
| 
| #define PACKAGE_NAME "libupnp"
| #define PACKAGE_TARNAME "libupnp"
| #define PACKAGE_VERSION "1.6.18"
| #define PACKAGE_STRING "libupnp 1.6.18"
| #define PACKAGE_BUGREPORT "r3mi@users.sourceforge.net"
| #define PACKAGE "libupnp"
| #define VERSION "1.6.18"
| #define UPNP_VERSION_STRING "1.6.18"
| #define UPNP_VERSION_MAJOR 1
| #define UPNP_VERSION_MINOR 6
| #define UPNP_VERSION_PATCH 18
| #define NO_DEBUG 1
| #define NDEBUG 1
| #define UPNP_HAVE_CLIENT 1
| #define UPNP_HAVE_DEVICE 1
| #define UPNP_HAVE_WEBSERVER 1
| #define UPNP_HAVE_TOOLS 1
| #define STDC_HEADERS 1
| #define HAVE_SYS_TYPES_H 1
| #define HAVE_SYS_STAT_H 1
| #define HAVE_STDLIB_H 1
| #define HAVE_STRING_H 1
| #define HAVE_MEMORY_H 1
| #define HAVE_STRINGS_H 1
| #define HAVE_INTTYPES_H 1
| #define HAVE_STDINT_H 1
| #define HAVE_UNISTD_H 1
| #define HAVE_DLFCN_H 1
| #ifdef __cplusplus
| extern "C" void exit (int) throw ();
| #endif
| #define _FILE_OFFSET_BITS 64
| #define STDC_HEADERS 1
| #define HAVE_ARPA_INET_H 1
| #define HAVE_FCNTL_H 1
| #define HAVE_LIMITS_H 1
| #define HAVE_MALLOC_H 1
| #define HAVE_NETDB_H 1
| #define HAVE_NETINET_IN_H 1
| #define HAVE_STDLIB_H 1
| #define HAVE_STRING_H 1
| #define HAVE_SYS_IOCTL_H 1
| #define HAVE_SYS_SOCKET_H 1
| #define HAVE_SYS_TIME_H 1
| #define HAVE_SYS_TIMEB_H 1
| #define HAVE_SYSLOG_H 1
| #define HAVE_UNISTD_H 1
| #define HAVE_VPRINTF 1
| /* end confdefs.h.  */
| /* Define _doprnt to an innocuous variant, in case <limits.h> declares _doprnt.
|    For example, HP-UX 11i <limits.h> declares gettimeofday.  */
| #define _doprnt innocuous__doprnt
| 
| /* System header to define __stub macros and hopefully few prototypes,
|     which can conflict with char _doprnt (); below.
|     Prefer <limits.h> to <assert.h> if __STDC__ is defined, since
|     <limits.h> exists even on freestanding compilers.  */
| 
| #ifdef __STDC__
| # include <limits.h>
| #else
| # include <assert.h>
| #endif
| 
| #undef _doprnt
| 
| /* Override any gcc2 internal prototype to avoid an error.  */
| #ifdef __cplusplus
| extern "C"
| {
| #endif
| /* We use char because int might match the return type of a gcc2
|    builtin and then its argument prototype would still apply.  */
| char _doprnt ();
| /* The GNU C library defines this for functions which it implements
|     to always fail with ENOSYS.  Some functions are actually named
|     something starting with __ and the normal name is an alias.  */
| #if defined (__stub__doprnt) || defined (__stub____doprnt)
| choke me
| #else
| char (*f) () = _doprnt;
| #endif
| #ifdef __cplusplus
| }
| #endif
| 
| int
| main ()
| {
| return f != _doprnt;
|   ;
|   return 0;
| }
configure:20902: result: no
configure:20916: checking for _LARGEFILE_SOURCE value needed for large files
configure:20939: mips-buildroot-linux-gnu-gcc -mips32r2 -msoft-float -c -g -O2 -Wall -mips1 -Os  conftest.c >&5
conftest.c: In function 'main':
conftest.c:56:8: warning: the address of 'fseeko' will always evaluate as 'true' [-Waddress]
 return !fseeko;
        ^
configure:20945: $? = 0
configure:20949: test -z 
			 || test ! -s conftest.err
configure:20952: $? = 0
configure:20955: test -s conftest.o
configure:20958: $? = 0
configure:21015: result: no
configure:21029: checking for fseeko
configure:21050: mips-buildroot-linux-gnu-gcc -mips32r2 -msoft-float -o conftest -g -O2 -Wall -mips1 -Os   conftest.c  >&5
conftest.c: In function 'main':
conftest.c:56:8: warning: the address of 'fseeko' will always evaluate as 'true' [-Waddress]
 return fseeko && fseeko (stdin, 0, 0);
        ^
configure:21056: $? = 0
configure:21060: test -z 
			 || test ! -s conftest.err
configure:21063: $? = 0
configure:21066: test -s conftest
configure:21069: $? = 0
configure:21081: result: yes
configure:21289: checking for the pthreads library -lpthreads
configure:21327: mips-buildroot-linux-gnu-gcc -mips32r2 -msoft-float -o conftest -g -O2 -Wall -mips1 -Os    conftest.c -lpthreads  >&5
conftest.c: In function 'main':
conftest.c:58:22: warning: null argument where non-null required (argument 1) [-Wnonnull]
                      pthread_attr_init(0); pthread_cleanup_push(0, 0);
                      ^
conftest.c:59:22: warning: null argument where non-null required (argument 1) [-Wnonnull]
                      pthread_create(0,0,0,0); pthread_cleanup_pop(0);
                      ^
conftest.c:59:22: warning: null argument where non-null required (argument 3) [-Wnonnull]
conftest.c:57:15: warning: 'th' is used uninitialized in this function [-Wuninitialized]
 pthread_t th; pthread_join(th, 0);
               ^
/opt/trendchip/mips-linux-glibc-4.9.3/usr/lib/gcc/mips-buildroot-linux-gnu/4.9.3/../../../../mips-buildroot-linux-gnu/bin/ld: cannot find -lpthreads
collect2: error: ld returned 1 exit status
configure:21333: $? = 1
configure: failed program was:
| /* confdefs.h.  */
| 
| #define PACKAGE_NAME "libupnp"
| #define PACKAGE_TARNAME "libupnp"
| #define PACKAGE_VERSION "1.6.18"
| #define PACKAGE_STRING "libupnp 1.6.18"
| #define PACKAGE_BUGREPORT "r3mi@users.sourceforge.net"
| #define PACKAGE "libupnp"
| #define VERSION "1.6.18"
| #define UPNP_VERSION_STRING "1.6.18"
| #define UPNP_VERSION_MAJOR 1
| #define UPNP_VERSION_MINOR 6
| #define UPNP_VERSION_PATCH 18
| #define NO_DEBUG 1
| #define NDEBUG 1
| #define UPNP_HAVE_CLIENT 1
| #define UPNP_HAVE_DEVICE 1
| #define UPNP_HAVE_WEBSERVER 1
| #define UPNP_HAVE_TOOLS 1
| #define STDC_HEADERS 1
| #define HAVE_SYS_TYPES_H 1
| #define HAVE_SYS_STAT_H 1
| #define HAVE_STDLIB_H 1
| #define HAVE_STRING_H 1
| #define HAVE_MEMORY_H 1
| #define HAVE_STRINGS_H 1
| #define HAVE_INTTYPES_H 1
| #define HAVE_STDINT_H 1
| #define HAVE_UNISTD_H 1
| #define HAVE_DLFCN_H 1
| #ifdef __cplusplus
| extern "C" void exit (int) throw ();
| #endif
| #define _FILE_OFFSET_BITS 64
| #define STDC_HEADERS 1
| #define HAVE_ARPA_INET_H 1
| #define HAVE_FCNTL_H 1
| #define HAVE_LIMITS_H 1
| #define HAVE_MALLOC_H 1
| #define HAVE_NETDB_H 1
| #define HAVE_NETINET_IN_H 1
| #define HAVE_STDLIB_H 1
| #define HAVE_STRING_H 1
| #define HAVE_SYS_IOCTL_H 1
| #define HAVE_SYS_SOCKET_H 1
| #define HAVE_SYS_TIME_H 1
| #define HAVE_SYS_TIMEB_H 1
| #define HAVE_SYSLOG_H 1
| #define HAVE_UNISTD_H 1
| #define HAVE_VPRINTF 1
| #define HAVE_FSEEKO 1
| /* end confdefs.h.  */
| #include <pthread.h>
| int
| main ()
| {
| pthread_t th; pthread_join(th, 0);
|                      pthread_attr_init(0); pthread_cleanup_push(0, 0);
|                      pthread_create(0,0,0,0); pthread_cleanup_pop(0);
|   ;
|   return 0;
| }
configure:21360: result: no
configure:21236: checking whether pthreads work without any flags
configure:21327: mips-buildroot-linux-gnu-gcc -mips32r2 -msoft-float -o conftest -g -O2 -Wall -mips1 -Os    conftest.c   >&5
conftest.c: In function 'main':
conftest.c:58:22: warning: null argument where non-null required (argument 1) [-Wnonnull]
                      pthread_attr_init(0); pthread_cleanup_push(0, 0);
                      ^
conftest.c:59:22: warning: null argument where non-null required (argument 1) [-Wnonnull]
                      pthread_create(0,0,0,0); pthread_cleanup_pop(0);
                      ^
conftest.c:59:22: warning: null argument where non-null required (argument 3) [-Wnonnull]
conftest.c:57:15: warning: 'th' is used uninitialized in this function [-Wuninitialized]
 pthread_t th; pthread_join(th, 0);
               ^
/tmp/ccgno2jF.o: In function `main':
/opt/tclinux_phoenix/apps/private/WSC_UPNP/libupnp-1.3.1/conftest.c:57: undefined reference to `pthread_join'
/opt/tclinux_phoenix/apps/private/WSC_UPNP/libupnp-1.3.1/conftest.c:58: undefined reference to `__pthread_register_cancel'
/opt/tclinux_phoenix/apps/private/WSC_UPNP/libupnp-1.3.1/conftest.c:59: undefined reference to `pthread_create'
/opt/tclinux_phoenix/apps/private/WSC_UPNP/libupnp-1.3.1/conftest.c:59: undefined reference to `__pthread_unregister_cancel'
collect2: error: ld returned 1 exit status
configure:21333: $? = 1
configure: failed program was:
| /* confdefs.h.  */
| 
| #define PACKAGE_NAME "libupnp"
| #define PACKAGE_TARNAME "libupnp"
| #define PACKAGE_VERSION "1.6.18"
| #define PACKAGE_STRING "libupnp 1.6.18"
| #define PACKAGE_BUGREPORT "r3mi@users.sourceforge.net"
| #define PACKAGE "libupnp"
| #define VERSION "1.6.18"
| #define UPNP_VERSION_STRING "1.6.18"
| #define UPNP_VERSION_MAJOR 1
| #define UPNP_VERSION_MINOR 6
| #define UPNP_VERSION_PATCH 18
| #define NO_DEBUG 1
| #define NDEBUG 1
| #define UPNP_HAVE_CLIENT 1
| #define UPNP_HAVE_DEVICE 1
| #define UPNP_HAVE_WEBSERVER 1
| #define UPNP_HAVE_TOOLS 1
| #define STDC_HEADERS 1
| #define HAVE_SYS_TYPES_H 1
| #define HAVE_SYS_STAT_H 1
| #define HAVE_STDLIB_H 1
| #define HAVE_STRING_H 1
| #define HAVE_MEMORY_H 1
| #define HAVE_STRINGS_H 1
| #define HAVE_INTTYPES_H 1
| #define HAVE_STDINT_H 1
| #define HAVE_UNISTD_H 1
| #define HAVE_DLFCN_H 1
| #ifdef __cplusplus
| extern "C" void exit (int) throw ();
| #endif
| #define _FILE_OFFSET_BITS 64
| #define STDC_HEADERS 1
| #define HAVE_ARPA_INET_H 1
| #define HAVE_FCNTL_H 1
| #define HAVE_LIMITS_H 1
| #define HAVE_MALLOC_H 1
| #define HAVE_NETDB_H 1
| #define HAVE_NETINET_IN_H 1
| #define HAVE_STDLIB_H 1
| #define HAVE_STRING_H 1
| #define HAVE_SYS_IOCTL_H 1
| #define HAVE_SYS_SOCKET_H 1
| #define HAVE_SYS_TIME_H 1
| #define HAVE_SYS_TIMEB_H 1
| #define HAVE_SYSLOG_H 1
| #define HAVE_UNISTD_H 1
| #define HAVE_VPRINTF 1
| #define HAVE_FSEEKO 1
| /* end confdefs.h.  */
| #include <pthread.h>
| int
| main ()
| {
| pthread_t th; pthread_join(th, 0);
|                      pthread_attr_init(0); pthread_cleanup_push(0, 0);
|                      pthread_create(0,0,0,0); pthread_cleanup_pop(0);
|   ;
|   return 0;
| }
configure:21360: result: no
configure:21241: checking whether pthreads work with -Kthread
configure:21327: mips-buildroot-linux-gnu-gcc -mips32r2 -msoft-float -o conftest -g -O2 -Wall -mips1 -Os -Kthread   conftest.c   >&5
mips-buildroot-linux-gnu-gcc: error: unrecognized command line option '-Kthread'
configure:21333: $? = 1
configure: failed program was:
| /* confdefs.h.  */
| 
| #define PACKAGE_NAME "libupnp"
| #define PACKAGE_TARNAME "libupnp"
| #define PACKAGE_VERSION "1.6.18"
| #define PACKAGE_STRING "libupnp 1.6.18"
| #define PACKAGE_BUGREPORT "r3mi@users.sourceforge.net"
| #define PACKAGE "libupnp"
| #define VERSION "1.6.18"
| #define UPNP_VERSION_STRING "1.6.18"
| #define UPNP_VERSION_MAJOR 1
| #define UPNP_VERSION_MINOR 6
| #define UPNP_VERSION_PATCH 18
| #define NO_DEBUG 1
| #define NDEBUG 1
| #define UPNP_HAVE_CLIENT 1
| #define UPNP_HAVE_DEVICE 1
| #define UPNP_HAVE_WEBSERVER 1
| #define UPNP_HAVE_TOOLS 1
| #define STDC_HEADERS 1
| #define HAVE_SYS_TYPES_H 1
| #define HAVE_SYS_STAT_H 1
| #define HAVE_STDLIB_H 1
| #define HAVE_STRING_H 1
| #define HAVE_MEMORY_H 1
| #define HAVE_STRINGS_H 1
| #define HAVE_INTTYPES_H 1
| #define HAVE_STDINT_H 1
| #define HAVE_UNISTD_H 1
| #define HAVE_DLFCN_H 1
| #ifdef __cplusplus
| extern "C" void exit (int) throw ();
| #endif
| #define _FILE_OFFSET_BITS 64
| #define STDC_HEADERS 1
| #define HAVE_ARPA_INET_H 1
| #define HAVE_FCNTL_H 1
| #define HAVE_LIMITS_H 1
| #define HAVE_MALLOC_H 1
| #define HAVE_NETDB_H 1
| #define HAVE_NETINET_IN_H 1
| #define HAVE_STDLIB_H 1
| #define HAVE_STRING_H 1
| #define HAVE_SYS_IOCTL_H 1
| #define HAVE_SYS_SOCKET_H 1
| #define HAVE_SYS_TIME_H 1
| #define HAVE_SYS_TIMEB_H 1
| #define HAVE_SYSLOG_H 1
| #define HAVE_UNISTD_H 1
| #define HAVE_VPRINTF 1
| #define HAVE_FSEEKO 1
| /* end confdefs.h.  */
| #include <pthread.h>
| int
| main ()
| {
| pthread_t th; pthread_join(th, 0);
|                      pthread_attr_init(0); pthread_cleanup_push(0, 0);
|                      pthread_create(0,0,0,0); pthread_cleanup_pop(0);
|   ;
|   return 0;
| }
configure:21360: result: no
configure:21241: checking whether pthreads work with -kthread
configure:21327: mips-buildroot-linux-gnu-gcc -mips32r2 -msoft-float -o conftest -g -O2 -Wall -mips1 -Os -kthread   conftest.c   >&5
mips-buildroot-linux-gnu-gcc: error: unrecognized command line option '-kthread'
configure:21333: $? = 1
configure: failed program was:
| /* confdefs.h.  */
| 
| #define PACKAGE_NAME "libupnp"
| #define PACKAGE_TARNAME "libupnp"
| #define PACKAGE_VERSION "1.6.18"
| #define PACKAGE_STRING "libupnp 1.6.18"
| #define PACKAGE_BUGREPORT "r3mi@users.sourceforge.net"
| #define PACKAGE "libupnp"
| #define VERSION "1.6.18"
| #define UPNP_VERSION_STRING "1.6.18"
| #define UPNP_VERSION_MAJOR 1
| #define UPNP_VERSION_MINOR 6
| #define UPNP_VERSION_PATCH 18
| #define NO_DEBUG 1
| #define NDEBUG 1
| #define UPNP_HAVE_CLIENT 1
| #define UPNP_HAVE_DEVICE 1
| #define UPNP_HAVE_WEBSERVER 1
| #define UPNP_HAVE_TOOLS 1
| #define STDC_HEADERS 1
| #define HAVE_SYS_TYPES_H 1
| #define HAVE_SYS_STAT_H 1
| #define HAVE_STDLIB_H 1
| #define HAVE_STRING_H 1
| #define HAVE_MEMORY_H 1
| #define HAVE_STRINGS_H 1
| #define HAVE_INTTYPES_H 1
| #define HAVE_STDINT_H 1
| #define HAVE_UNISTD_H 1
| #define HAVE_DLFCN_H 1
| #ifdef __cplusplus
| extern "C" void exit (int) throw ();
| #endif
| #define _FILE_OFFSET_BITS 64
| #define STDC_HEADERS 1
| #define HAVE_ARPA_INET_H 1
| #define HAVE_FCNTL_H 1
| #define HAVE_LIMITS_H 1
| #define HAVE_MALLOC_H 1
| #define HAVE_NETDB_H 1
| #define HAVE_NETINET_IN_H 1
| #define HAVE_STDLIB_H 1
| #define HAVE_STRING_H 1
| #define HAVE_SYS_IOCTL_H 1
| #define HAVE_SYS_SOCKET_H 1
| #define HAVE_SYS_TIME_H 1
| #define HAVE_SYS_TIMEB_H 1
| #define HAVE_SYSLOG_H 1
| #define HAVE_UNISTD_H 1
| #define HAVE_VPRINTF 1
| #define HAVE_FSEEKO 1
| /* end confdefs.h.  */
| #include <pthread.h>
| int
| main ()
| {
| pthread_t th; pthread_join(th, 0);
|                      pthread_attr_init(0); pthread_cleanup_push(0, 0);
|                      pthread_create(0,0,0,0); pthread_cleanup_pop(0);
|   ;
|   return 0;
| }
configure:21360: result: no
configure:21289: checking for the pthreads library -llthread
configure:21327: mips-buildroot-linux-gnu-gcc -mips32r2 -msoft-float -o conftest -g -O2 -Wall -mips1 -Os    conftest.c -llthread  >&5
conftest.c: In function 'main':
conftest.c:58:22: warning: null argument where non-null required (argument 1) [-Wnonnull]
                      pthread_attr_init(0); pthread_cleanup_push(0, 0);
                      ^
conftest.c:59:22: warning: null argument where non-null required (argument 1) [-Wnonnull]
                      pthread_create(0,0,0,0); pthread_cleanup_pop(0);
                      ^
conftest.c:59:22: warning: null argument where non-null required (argument 3) [-Wnonnull]
conftest.c:57:15: warning: 'th' is used uninitialized in this function [-Wuninitialized]
 pthread_t th; pthread_join(th, 0);
               ^
/opt/trendchip/mips-linux-glibc-4.9.3/usr/lib/gcc/mips-buildroot-linux-gnu/4.9.3/../../../../mips-buildroot-linux-gnu/bin/ld: cannot find -llthread
collect2: error: ld returned 1 exit status
configure:21333: $? = 1
configure: failed program was:
| /* confdefs.h.  */
| 
| #define PACKAGE_NAME "libupnp"
| #define PACKAGE_TARNAME "libupnp"
| #define PACKAGE_VERSION "1.6.18"
| #define PACKAGE_STRING "libupnp 1.6.18"
| #define PACKAGE_BUGREPORT "r3mi@users.sourceforge.net"
| #define PACKAGE "libupnp"
| #define VERSION "1.6.18"
| #define UPNP_VERSION_STRING "1.6.18"
| #define UPNP_VERSION_MAJOR 1
| #define UPNP_VERSION_MINOR 6
| #define UPNP_VERSION_PATCH 18
| #define NO_DEBUG 1
| #define NDEBUG 1
| #define UPNP_HAVE_CLIENT 1
| #define UPNP_HAVE_DEVICE 1
| #define UPNP_HAVE_WEBSERVER 1
| #define UPNP_HAVE_TOOLS 1
| #define STDC_HEADERS 1
| #define HAVE_SYS_TYPES_H 1
| #define HAVE_SYS_STAT_H 1
| #define HAVE_STDLIB_H 1
| #define HAVE_STRING_H 1
| #define HAVE_MEMORY_H 1
| #define HAVE_STRINGS_H 1
| #define HAVE_INTTYPES_H 1
| #define HAVE_STDINT_H 1
| #define HAVE_UNISTD_H 1
| #define HAVE_DLFCN_H 1
| #ifdef __cplusplus
| extern "C" void exit (int) throw ();
| #endif
| #define _FILE_OFFSET_BITS 64
| #define STDC_HEADERS 1
| #define HAVE_ARPA_INET_H 1
| #define HAVE_FCNTL_H 1
| #define HAVE_LIMITS_H 1
| #define HAVE_MALLOC_H 1
| #define HAVE_NETDB_H 1
| #define HAVE_NETINET_IN_H 1
| #define HAVE_STDLIB_H 1
| #define HAVE_STRING_H 1
| #define HAVE_SYS_IOCTL_H 1
| #define HAVE_SYS_SOCKET_H 1
| #define HAVE_SYS_TIME_H 1
| #define HAVE_SYS_TIMEB_H 1
| #define HAVE_SYSLOG_H 1
| #define HAVE_UNISTD_H 1
| #define HAVE_VPRINTF 1
| #define HAVE_FSEEKO 1
| /* end confdefs.h.  */
| #include <pthread.h>
| int
| main ()
| {
| pthread_t th; pthread_join(th, 0);
|                      pthread_attr_init(0); pthread_cleanup_push(0, 0);
|                      pthread_create(0,0,0,0); pthread_cleanup_pop(0);
|   ;
|   return 0;
| }
configure:21360: result: no
configure:21241: checking whether pthreads work with -pthread
configure:21327: mips-buildroot-linux-gnu-gcc -mips32r2 -msoft-float -o conftest -g -O2 -Wall -mips1 -Os -pthread   conftest.c   >&5
conftest.c: In function 'main':
conftest.c:58:22: warning: null argument where non-null required (argument 1) [-Wnonnull]
                      pthread_attr_init(0); pthread_cleanup_push(0, 0);
                      ^
conftest.c:59:22: warning: null argument where non-null required (argument 1) [-Wnonnull]
                      pthread_create(0,0,0,0); pthread_cleanup_pop(0);
                      ^
conftest.c:59:22: warning: null argument where non-null required (argument 3) [-Wnonnull]
conftest.c:57:15: warning: 'th' is used uninitialized in this function [-Wuninitialized]
 pthread_t th; pthread_join(th, 0);
               ^
configure:21333: $? = 0
configure:21337: test -z 
			 || test ! -s conftest.err
configure:21340: $? = 0
configure:21343: test -s conftest
configure:21346: $? = 0
configure:21360: result: yes
configure:21379: checking for joinable pthread attribute
configure:21399: mips-buildroot-linux-gnu-gcc -mips32r2 -msoft-float -o conftest -g -O2 -Wall -mips1 -Os -pthread   conftest.c   >&5
configure:21405: $? = 0
configure:21409: test -z 
			 || test ! -s conftest.err
configure:21412: $? = 0
configure:21415: test -s conftest
configure:21418: $? = 0
configure:21429: result: PTHREAD_CREATE_JOINABLE
configure:21439: checking if more special flags are required for pthreads
configure:21446: result: no
configure:21458: checking for cc_r
configure:21485: result: mips-buildroot-linux-gnu-gcc -mips32r2 -msoft-float
configure:21686: creating ./config.status

## ---------------------- ##
## Running config.status. ##
## ---------------------- ##

This file was extended by libupnp config.status 1.3.1, which was
generated by GNU Autoconf 2.59.  Invocation command line was

  CONFIG_FILES    = 
  CONFIG_HEADERS  = 
  CONFIG_LINKS    = 
  CONFIG_COMMANDS = 
  $ ./config.status 

on debian

config.status:738: creating Makefile
config.status:738: creating ixml/Makefile
config.status:738: creating ixml/doc/Makefile
config.status:738: creating threadutil/Makefile
config.status:738: creating upnp/Makefile
config.status:738: creating upnp/doc/Makefile
config.status:738: creating libupnp.pc
config.status:842: creating autoconfig.h
config.status:1026: autoconfig.h is unchanged
config.status:842: creating upnp/inc/upnpconfig.h
config.status:1026: upnp/inc/upnpconfig.h is unchanged
config.status:1206: executing depfiles commands

## ---------------- ##
## Cache variables. ##
## ---------------- ##

ac_cv_build=i686-pc-linux-gnu
ac_cv_build_alias=i686-pc-linux-gnu
ac_cv_c_compiler_gnu=yes
ac_cv_c_const=yes
ac_cv_cflags_gcc_option__Os=-Os
ac_cv_cflags_warn_all=-Wall
ac_cv_cxx_compiler_gnu=yes
ac_cv_env_CC_set=set
ac_cv_env_CC_value='mips-buildroot-linux-gnu-gcc -mips32r2 -msoft-float'
ac_cv_env_CFLAGS_set=set
ac_cv_env_CFLAGS_value='-g -O2 -Wall -mips1'
ac_cv_env_CPPFLAGS_set=
ac_cv_env_CPPFLAGS_value=
ac_cv_env_CPP_set=
ac_cv_env_CPP_value=
ac_cv_env_CXXCPP_set=
ac_cv_env_CXXCPP_value=
ac_cv_env_CXXFLAGS_set=
ac_cv_env_CXXFLAGS_value=
ac_cv_env_CXX_set=
ac_cv_env_CXX_value=
ac_cv_env_F77_set=
ac_cv_env_F77_value=
ac_cv_env_FFLAGS_set=
ac_cv_env_FFLAGS_value=
ac_cv_env_LDFLAGS_set=
ac_cv_env_LDFLAGS_value=
ac_cv_env_build_alias_set=
ac_cv_env_build_alias_value=
ac_cv_env_host_alias_set=set
ac_cv_env_host_alias_value=mips-linux
ac_cv_env_target_alias_set=
ac_cv_env_target_alias_value=
ac_cv_exeext=
ac_cv_f77_compiler_gnu=no
ac_cv_func__doprnt=no
ac_cv_func_fseeko=yes
ac_cv_func_vprintf=yes
ac_cv_header_arpa_inet_h=yes
ac_cv_header_dlfcn_h=yes
ac_cv_header_fcntl_h=yes
ac_cv_header_inttypes_h=yes
ac_cv_header_limits_h=yes
ac_cv_header_malloc_h=yes
ac_cv_header_memory_h=yes
ac_cv_header_netdb_h=yes
ac_cv_header_netinet_in_h=yes
ac_cv_header_stdc=yes
ac_cv_header_stdint_h=yes
ac_cv_header_stdlib_h=yes
ac_cv_header_string_h=yes
ac_cv_header_strings_h=yes
ac_cv_header_sys_ioctl_h=yes
ac_cv_header_sys_socket_h=yes
ac_cv_header_sys_stat_h=yes
ac_cv_header_sys_time_h=yes
ac_cv_header_sys_timeb_h=yes
ac_cv_header_sys_types_h=yes
ac_cv_header_syslog_h=yes
ac_cv_header_unistd_h=yes
ac_cv_host=mips-unknown-linux-gnu
ac_cv_host_alias=mips-linux
ac_cv_objext=o
ac_cv_path_install='/usr/bin/install -c'
ac_cv_prog_AR=mips-buildroot-linux-gnu-ar
ac_cv_prog_AWK=gawk
ac_cv_prog_CC='mips-buildroot-linux-gnu-gcc -mips32r2 -msoft-float'
ac_cv_prog_CPP='mips-buildroot-linux-gnu-gcc -mips32r2 -msoft-float -E'
ac_cv_prog_CXX=mips-linux-g++
ac_cv_prog_CXXCPP='mips-linux-g++ -E'
ac_cv_prog_PTHREAD_CC='mips-buildroot-linux-gnu-gcc -mips32r2 -msoft-float'
ac_cv_prog_RANLIB=mips-linux-ranlib
ac_cv_prog_STRIP=mips-buildroot-linux-gnu-strip
ac_cv_prog_cc_g=yes
ac_cv_prog_cc_mips_buildroot_linux_gnu_gcc_c_o=yes
ac_cv_prog_cc_stdc=
ac_cv_prog_cxx_g=yes
ac_cv_prog_egrep='grep -E'
ac_cv_prog_f77_g=no
ac_cv_prog_make_make_set=yes
ac_cv_sys_file_offset_bits=64
ac_cv_sys_large_files=no
ac_cv_sys_largefile_CC=no
ac_cv_sys_largefile_source=no
ac_cv_type_size_t=yes
ac_cv_type_socklen_t=yes
am_cv_CC_dependencies_compiler_type=gcc3
am_cv_CXX_dependencies_compiler_type=gcc3
lt_cv_deplibs_check_method=pass_all
lt_cv_file_magic_cmd='$MAGIC_CMD'
lt_cv_file_magic_test_file='/lib/libc.so* /lib/libc-*.so'
lt_cv_ld_reload_flag=-r
lt_cv_objdir=.libs
lt_cv_path_LD=mips-buildroot-linux-gnu-ld
lt_cv_path_LDCXX=mips-buildroot-linux-gnu-ld
lt_cv_path_NM='/opt/trendchip/mips-linux-glibc-4.9.3/usr/bin/mips-linux-nm -B'
lt_cv_path_SED=/bin/sed
lt_cv_prog_compiler_c_o=yes
lt_cv_prog_compiler_c_o_CXX=yes
lt_cv_prog_compiler_rtti_exceptions=no
lt_cv_prog_gnu_ld=yes
lt_cv_prog_gnu_ldcxx=yes
lt_cv_sys_global_symbol_pipe='sed -n -e '\''s/^.*[ 	]\([ABCDGIRSTW][ABCDGIRSTW]*\)[ 	][ 	]*\(\)\([_A-Za-z][_A-Za-z0-9]*\)$/\1 \2\3 \3/p'\'''
lt_cv_sys_global_symbol_to_c_name_address='sed -n -e '\''s/^: \([^ ]*\) $/  {\"\1\", (lt_ptr) 0},/p'\'' -e '\''s/^[BCDEGRST] \([^ ]*\) \([^ ]*\)$/  {"\2", (lt_ptr) \&\2},/p'\'''
lt_cv_sys_global_symbol_to_cdecl='sed -n -e '\''s/^. .* \(.*\)$/extern int \1;/p'\'''
lt_cv_sys_max_cmd_len=32768
lt_lt_cv_prog_compiler_c_o='"yes"'
lt_lt_cv_prog_compiler_c_o_CXX='"yes"'
lt_lt_cv_sys_global_symbol_pipe='"sed -n -e '\''s/^.*[ 	]\\([ABCDGIRSTW][ABCDGIRSTW]*\\)[ 	][ 	]*\\(\\)\\([_A-Za-z][_A-Za-z0-9]*\\)\$/\\1 \\2\\3 \\3/p'\''"'
lt_lt_cv_sys_global_symbol_to_c_name_address='"sed -n -e '\''s/^: \\([^ ]*\\) \$/  {\\\"\\1\\\", (lt_ptr) 0},/p'\'' -e '\''s/^[BCDEGRST] \\([^ ]*\\) \\([^ ]*\\)\$/  {\"\\2\", (lt_ptr) \\&\\2},/p'\''"'
lt_lt_cv_sys_global_symbol_to_cdecl='"sed -n -e '\''s/^. .* \\(.*\\)\$/extern int \\1;/p'\''"'

## ----------------- ##
## Output variables. ##
## ----------------- ##

ACLOCAL='${SHELL} /opt/tclinux_phoenix/apps/private/WSC_UPNP/libupnp-1.3.1/config.aux/missing --run aclocal-1.9'
AMDEPBACKSLASH='\'
AMDEP_FALSE='#'
AMDEP_TRUE=''
AMTAR='${SHELL} /opt/tclinux_phoenix/apps/private/WSC_UPNP/libupnp-1.3.1/config.aux/missing --run tar'
AR='mips-buildroot-linux-gnu-ar'
AUTOCONF='${SHELL} /opt/tclinux_phoenix/apps/private/WSC_UPNP/libupnp-1.3.1/config.aux/missing --run autoconf'
AUTOHEADER='${SHELL} /opt/tclinux_phoenix/apps/private/WSC_UPNP/libupnp-1.3.1/config.aux/missing --run autoheader'
AUTOMAKE='${SHELL} /opt/tclinux_phoenix/apps/private/WSC_UPNP/libupnp-1.3.1/config.aux/missing --run automake-1.9'
AWK='gawk'
CC='mips-buildroot-linux-gnu-gcc -mips32r2 -msoft-float'
CCDEPMODE='depmode=gcc3'
CFLAGS='-g -O2 -Wall -mips1 -Os'
CPP='mips-buildroot-linux-gnu-gcc -mips32r2 -msoft-float -E'
CPPFLAGS=''
CXX='mips-linux-g++'
CXXCPP='mips-linux-g++ -E'
CXXDEPMODE='depmode=gcc3'
CXXFLAGS='-g -O2'
CYGPATH_W='echo'
DEFS='-DHAVE_CONFIG_H'
DEPDIR='.deps'
ECHO='echo'
ECHO_C=''
ECHO_N='-n'
ECHO_T=''
EGREP='grep -E'
ENABLE_CLIENT_FALSE='#'
ENABLE_CLIENT_TRUE=''
ENABLE_DEBUG_FALSE=''
ENABLE_DEBUG_TRUE='#'
ENABLE_DEVICE_FALSE='#'
ENABLE_DEVICE_TRUE=''
ENABLE_TOOLS_FALSE='#'
ENABLE_TOOLS_TRUE=''
ENABLE_WEBSERVER_FALSE='#'
ENABLE_WEBSERVER_TRUE=''
EXEEXT=''
F77=''
FFLAGS=''
INSTALL_DATA='${INSTALL} -m 644'
INSTALL_PROGRAM='${INSTALL}'
INSTALL_SCRIPT='${INSTALL}'
INSTALL_STRIP_PROGRAM='${SHELL} $(install_sh) -c -s'
LDFLAGS=''
LIBOBJS=''
LIBS=''
LIBTOOL='$(SHELL) $(top_builddir)/libtool'
LN_S='ln -s'
LTLIBOBJS=''
LT_VERSION_IXML='2:0:0'
LT_VERSION_THREADUTIL='2:0:0'
LT_VERSION_UPNP='2:1:0'
MAKEINFO='${SHELL} /opt/tclinux_phoenix/apps/private/WSC_UPNP/libupnp-1.3.1/config.aux/missing --run makeinfo'
OBJEXT='o'
PACKAGE='libupnp'
PACKAGE_BUGREPORT='r3mi@users.sourceforge.net'
PACKAGE_NAME='libupnp'
PACKAGE_STRING='libupnp 1.6.18'
PACKAGE_TARNAME='libupnp'
PACKAGE_VERSION='1.6.18'
PATH_SEPARATOR=':'
PTHREAD_CC='mips-buildroot-linux-gnu-gcc -mips32r2 -msoft-float'
PTHREAD_CFLAGS='-pthread'
PTHREAD_LIBS=''
RANLIB='mips-linux-ranlib'
SET_MAKE=''
SHELL='/bin/bash'
STRIP='mips-buildroot-linux-gnu-strip'
VERSION='1.6.18'
ac_ct_AR=''
ac_ct_CC=''
ac_ct_CXX=''
ac_ct_F77=''
ac_ct_RANLIB=''
ac_ct_STRIP=''
acx_pthread_config=''
am__fastdepCC_FALSE='#'
am__fastdepCC_TRUE=''
am__fastdepCXX_FALSE='#'
am__fastdepCXX_TRUE=''
am__include='include'
am__leading_dot='.'
am__quote=''
am__tar='${AMTAR} chof - "$$tardir"'
am__untar='${AMTAR} xf -'
bindir='${exec_prefix}/bin'
build='i686-pc-linux-gnu'
build_alias=''
build_cpu='i686'
build_os='linux-gnu'
build_vendor='pc'
datadir='${prefix}/share'
exec_prefix='${prefix}'
host='mips-unknown-linux-gnu'
host_alias='mips-linux'
host_cpu='mips'
host_os='linux-gnu'
host_vendor='unknown'
includedir='${prefix}/include'
infodir='${prefix}/info'
install_sh='/opt/tclinux_phoenix/apps/private/WSC_UPNP/libupnp-1.3.1/config.aux/install-sh'
libdir='${exec_prefix}/lib'
libexecdir='${exec_prefix}/libexec'
localstatedir='${prefix}/var'
mandir='${prefix}/man'
mkdir_p='mkdir -p --'
oldincludedir='/usr/include'
prefix='/usr/local'
program_transform_name='s,x,x,'
sbindir='${exec_prefix}/sbin'
sharedstatedir='${prefix}/com'
sysconfdir='${prefix}/etc'
target_alias=''

## ----------- ##
## confdefs.h. ##
## ----------- ##

#define HAVE_ARPA_INET_H 1
#define HAVE_DLFCN_H 1
#define HAVE_FCNTL_H 1
#define HAVE_FSEEKO 1
#define HAVE_INTTYPES_H 1
#define HAVE_LIMITS_H 1
#define HAVE_MALLOC_H 1
#define HAVE_MEMORY_H 1
#define HAVE_NETDB_H 1
#define HAVE_NETINET_IN_H 1
#define HAVE_PTHREAD 1
#define HAVE_STDINT_H 1
#define HAVE_STDLIB_H 1
#define HAVE_STDLIB_H 1
#define HAVE_STRINGS_H 1
#define HAVE_STRING_H 1
#define HAVE_STRING_H 1
#define HAVE_SYSLOG_H 1
#define HAVE_SYS_IOCTL_H 1
#define HAVE_SYS_SOCKET_H 1
#define HAVE_SYS_STAT_H 1
#define HAVE_SYS_TIMEB_H 1
#define HAVE_SYS_TIME_H 1
#define HAVE_SYS_TYPES_H 1
#define HAVE_UNISTD_H 1
#define HAVE_UNISTD_H 1
#define HAVE_VPRINTF 1
#define NDEBUG 1
#define NO_DEBUG 1
#define PACKAGE "libupnp"
#define PACKAGE_BUGREPORT "r3mi@users.sourceforge.net"
#define PACKAGE_NAME "libupnp"
#define PACKAGE_STRING "libupnp 1.6.18"
#define PACKAGE_TARNAME "libupnp"
#define PACKAGE_VERSION "1.6.18"
#define STDC_HEADERS 1
#define STDC_HEADERS 1
#define UPNP_HAVE_CLIENT 1
#define UPNP_HAVE_DEVICE 1
#define UPNP_HAVE_TOOLS 1
#define UPNP_HAVE_WEBSERVER 1
#define UPNP_VERSION_MAJOR 1
#define UPNP_VERSION_MINOR 6
#define UPNP_VERSION_PATCH 18
#define UPNP_VERSION_STRING "1.6.18"
#define VERSION "1.6.18"
#define _FILE_OFFSET_BITS 64
#endif
#ifdef __cplusplus
extern "C" void exit (int) throw ();

configure: exit 0
