This file contains any messages produced by compilers while
running configure, to aid debugging if configure makes a mistake.

It was created by GNU Autoconf configure 2.65, which was
generated by GNU Autoconf 2.65.  Invocation command line was

  $ ./configure --prefix=/usr/local

## --------- ##
## Platform. ##
## --------- ##

hostname = debian
uname -m = i686
uname -r = 3.2.0-4-686-pae
uname -s = Linux
uname -v = #1 SMP Debian 3.2.68-1+deb7u6

/usr/bin/uname -p = unknown
/bin/uname -X     = unknown

/bin/arch              = unknown
/usr/bin/arch -k       = unknown
/usr/convex/getsysinfo = unknown
/usr/bin/hostinfo      = unknown
/bin/machine           = unknown
/usr/bin/oslevel       = unknown
/bin/universe          = unknown

PATH: /usr/local/sbin
PATH: /usr/local/bin
PATH: /usr/sbin
PATH: /usr/bin
PATH: /sbin
PATH: /bin


## ----------- ##
## Core tests. ##
## ----------- ##

configure:1750: checking for a BSD-compatible install
configure:1818: result: /usr/bin/install -c
configure:1829: checking whether build environment is sane
configure:1879: result: yes
configure:2020: checking for a thread-safe mkdir -p
configure:2059: result: /bin/mkdir -p
configure:2072: checking for gawk
configure:2088: found /usr/bin/gawk
configure:2099: result: gawk
configure:2110: checking whether make sets $(MAKE)
configure:2132: result: yes
configure:2236: checking whether /bin/sh -n is known to work
configure:2255: result: no
configure:2259: checking for characters that cannot appear in file names
configure:2279: result: none
configure:2285: checking whether directories can have trailing spaces
configure:2299: result: yes
configure:2310: checking for expr
configure:2328: found /usr/bin/expr
configure:2340: result: /usr/bin/expr
configure:2359: checking for GNU M4 that supports accurate traces
configure:2401: result: /usr/local/bin/m4
configure:2404: checking whether /usr/local/bin/m4 accepts --gnu
configure:2414: result: yes
configure:2431: checking how m4 supports trace files
configure:2441: result: --debugfile
configure:2465: checking for perl
configure:2483: found /usr/bin/perl
configure:2496: result: /usr/bin/perl
configure:2515: checking whether /usr/bin/perl Fcntl::flock is implemented
configure:2529: result: yes
configure:2547: checking for emacs
configure:2577: result: no
configure:2547: checking for xemacs
configure:2577: result: no
configure:2630: checking for emacs
configure:2657: result: no
configure:2681: checking where .elc files should go
configure:2710: result: ${datadir}/emacs/site-lisp
configure:2723: checking for grep that handles long lines and -e
configure:2781: result: /bin/grep
configure:2786: checking for egrep
configure:2848: result: /bin/grep -E
configure:2853: checking for a sed that does not truncate output
configure:2917: result: /bin/sed
configure:2927: checking whether make is case sensitive
configure:2942: result: yes
configure:3109: creating ./config.status

## ---------------------- ##
## Running config.status. ##
## ---------------------- ##

This file was extended by GNU Autoconf config.status 2.65, which was
generated by GNU Autoconf 2.65.  Invocation command line was

  CONFIG_FILES    = 
  CONFIG_HEADERS  = 
  CONFIG_LINKS    = 
  CONFIG_COMMANDS = 
  $ ./config.status 

on debian

config.status:792: creating tests/Makefile
config.status:792: creating tests/atlocal
config.status:792: creating man/Makefile
config.status:792: creating lib/emacs/Makefile
config.status:792: creating Makefile
config.status:792: creating doc/Makefile
config.status:792: creating lib/Makefile
config.status:792: creating lib/Autom4te/Makefile
config.status:792: creating lib/autoscan/Makefile
config.status:792: creating lib/m4sugar/Makefile
config.status:792: creating lib/autoconf/Makefile
config.status:792: creating lib/autotest/Makefile
config.status:792: creating bin/Makefile
config.status:986: executing tests/atconfig commands

## ---------------- ##
## Cache variables. ##
## ---------------- ##

ac_cv_dir_trailing_space=yes
ac_cv_env_EMACSLOADPATH_set=
ac_cv_env_EMACSLOADPATH_value=
ac_cv_env_EMACS_set=
ac_cv_env_EMACS_value=
ac_cv_env_M4_set=
ac_cv_env_M4_value=
ac_cv_env_build_alias_set=
ac_cv_env_build_alias_value=
ac_cv_env_host_alias_set=
ac_cv_env_host_alias_value=
ac_cv_env_target_alias_set=
ac_cv_env_target_alias_value=
ac_cv_path_EGREP='/bin/grep -E'
ac_cv_path_EXPR=/usr/bin/expr
ac_cv_path_GREP=/bin/grep
ac_cv_path_M4=/usr/local/bin/m4
ac_cv_path_PERL=/usr/bin/perl
ac_cv_path_SED=/bin/sed
ac_cv_path_install='/usr/bin/install -c'
ac_cv_path_mkdir=/bin/mkdir
ac_cv_perl_flock_implemented=yes
ac_cv_prog_AWK=gawk
ac_cv_prog_EMACS=no
ac_cv_prog_gnu_m4_debugfile=--debugfile
ac_cv_prog_gnu_m4_gnu=yes
ac_cv_prog_make_make_case=yes
ac_cv_prog_make_make_set=yes
ac_cv_sh_n_works=no
ac_cv_unsupported_fs_chars=
am_cv_lispdir='${datadir}/emacs/site-lisp'

## ----------------- ##
## Output variables. ##
## ----------------- ##

ACLOCAL='${SHELL} /opt/autoconf-2.65/build-aux/missing --run aclocal-1.11'
AMTAR='${SHELL} /opt/autoconf-2.65/build-aux/missing --run tar'
AUTOCONF='${SHELL} /opt/autoconf-2.65/build-aux/missing --run autoconf'
AUTOHEADER='${SHELL} /opt/autoconf-2.65/build-aux/missing --run autoheader'
AUTOMAKE='${SHELL} /opt/autoconf-2.65/build-aux/missing --run automake-1.11'
AWK='gawk'
CYGPATH_W='echo'
DEFS='-DPACKAGE_NAME=\"GNU\ Autoconf\" -DPACKAGE_TARNAME=\"autoconf\" -DPACKAGE_VERSION=\"2.65\" -DPACKAGE_STRING=\"GNU\ Autoconf\ 2.65\" -DPACKAGE_BUGREPORT=\"bug-autoconf@gnu.org\" -DPACKAGE_URL=\"http://www.gnu.org/software/autoconf/\" -DPACKAGE=\"autoconf\" -DVERSION=\"2.65\"'
ECHO_C=''
ECHO_N='-n'
ECHO_T=''
EGREP='/bin/grep -E'
EMACS='no'
EMACSLOADPATH=''
EXPR='/usr/bin/expr'
GREP='/bin/grep'
HELP2MAN='${SHELL} /opt/autoconf-2.65/build-aux/missing --run help2man'
INSTALL_DATA='${INSTALL} -m 644'
INSTALL_PROGRAM='${INSTALL}'
INSTALL_SCRIPT='${INSTALL}'
INSTALL_STRIP_PROGRAM='$(install_sh) -c -s'
LIBOBJS=''
LIBS=''
LTLIBOBJS=''
M4='/usr/local/bin/m4'
M4_DEBUGFILE='--debugfile'
M4_GNU='--gnu'
MAKEINFO='${SHELL} /opt/autoconf-2.65/build-aux/missing --run makeinfo'
MAKE_CASE_SENSITIVE_FALSE='#'
MAKE_CASE_SENSITIVE_TRUE=''
MKDIR_P='/bin/mkdir -p'
PACKAGE='autoconf'
PACKAGE_BUGREPORT='bug-autoconf@gnu.org'
PACKAGE_NAME='GNU Autoconf'
PACKAGE_STRING='GNU Autoconf 2.65'
PACKAGE_TARNAME='autoconf'
PACKAGE_URL='http://www.gnu.org/software/autoconf/'
PACKAGE_VERSION='2.65'
PATH_SEPARATOR=':'
PERL='/usr/bin/perl'
PERL_FLOCK='yes'
SED='/bin/sed'
SET_MAKE=''
SHELL='/bin/bash'
STRIP=''
TEST_EMACS='no'
VERSION='2.65'
ac_cv_dir_trailing_space='yes'
ac_cv_sh_n_works='no'
ac_cv_unsupported_fs_chars=''
am__isrc=''
am__leading_dot='.'
am__tar='${AMTAR} chof - "$$tardir"'
am__untar='${AMTAR} xf -'
bindir='${exec_prefix}/bin'
build_alias=''
datadir='${datarootdir}'
datarootdir='${prefix}/share'
docdir='${datarootdir}/doc/${PACKAGE_TARNAME}'
dvidir='${docdir}'
exec_prefix='${prefix}'
host_alias=''
htmldir='${docdir}'
includedir='${prefix}/include'
infodir='${datarootdir}/info'
install_sh='${SHELL} /opt/autoconf-2.65/build-aux/install-sh'
libdir='${exec_prefix}/lib'
libexecdir='${exec_prefix}/libexec'
lispdir='${datadir}/emacs/site-lisp'
localedir='${datarootdir}/locale'
localstatedir='${prefix}/var'
mandir='${datarootdir}/man'
mkdir_p='/bin/mkdir -p'
oldincludedir='/usr/include'
pdfdir='${docdir}'
prefix='/usr/local'
program_transform_name='s,x,x,'
psdir='${docdir}'
sbindir='${exec_prefix}/sbin'
sharedstatedir='${prefix}/com'
sysconfdir='${prefix}/etc'
target_alias=''

## ----------- ##
## confdefs.h. ##
## ----------- ##

/* confdefs.h */
#define PACKAGE_NAME "GNU Autoconf"
#define PACKAGE_TARNAME "autoconf"
#define PACKAGE_VERSION "2.65"
#define PACKAGE_STRING "GNU Autoconf 2.65"
#define PACKAGE_BUGREPORT "bug-autoconf@gnu.org"
#define PACKAGE_URL "http://www.gnu.org/software/autoconf/"
#define PACKAGE "autoconf"
#define VERSION "2.65"

configure: exit 0
