This file contains any messages produced by compilers while
running configure, to aid debugging if configure makes a mistake.

It was created by configure, which was
generated by GNU Autoconf 2.63.  Invocation command line was

  $ ./configure --disable-option-checking --prefix=/proj/mtk11339/TO_RD/libiconv-1.13.1/output --enable-shared --host=mips-linux host_alias=mips-linux --cache-file=/dev/null --srcdir=.

## --------- ##
## Platform. ##
## --------- ##

hostname = mbjsbblt06
uname -m = i686
uname -r = 2.6.9-89.ELsmp
uname -s = Linux
uname -v = #1 SMP Mon Apr 20 10:34:33 EDT 2009

/usr/bin/uname -p = unknown
/bin/uname -X     = unknown

/bin/arch              = i686
/usr/bin/arch -k       = unknown
/usr/convex/getsysinfo = unknown
/usr/bin/hostinfo      = unknown
/bin/machine           = unknown
/usr/bin/oslevel       = unknown
/bin/universe          = unknown

PATH: /mtktools/LSF/8/8.0/linux2.6-glibc2.3-x86/etc
PATH: /mtktools/LSF/8/8.0/linux2.6-glibc2.3-x86/bin
PATH: /mtkoss/android_sdk/5.1/x86_64/platform-tools
PATH: /mtkeda/ado/bin/rhel-4.8-i686
PATH: /opt/trendchip/mips-linux-3.4.6/bin
PATH: /opt/trendchip/mips-linux-uclibc/usr/bin
PATH: /opt/CodeSourcery/mips-4.2/bin
PATH: /mtkeda/perforce/linux26x86_2010.2
PATH: /mtkeda/perforce/linux26x86_2010.2/p4v/bin
PATH: /mtkeda/perforce/linux26x86_2014.1
PATH: /mtkeda/perforce/linux26x86_2014.1/p4v/bin
PATH: /mtkoss/lzop/1.03-rhel-4.8/i686
PATH: /mtkoss/cmake/2.8.3-linux/i686/bin
PATH: /mtkoss/ccache/3.1.4-rhel-4.8/i686/bin
PATH: /mtkoss/gcc/3.4.6/i686/bin
PATH: /mtkoss/python/2.6/i686/bin
PATH: /mtkoss/jdk/1.6.0_02/bin
PATH: /mtkeda/perforce/linux26x86_2010.2
PATH: /mtkeda/perforce/linux26x86_2010.2/p4v/bin
PATH: /mtkeda/perforce/linux26x86_2014.1
PATH: /mtkeda/perforce/linux26x86_2014.1/p4v/bin
PATH: /mtkeda/LSF/7.04/7.0/linux2.6-glibc2.3-x86/etc
PATH: /mtkeda/LSF/7.04/7.0/linux2.6-glibc2.3-x86/bin
PATH: /usr/lib/qt-3.3/bin
PATH: /usr/kerberos/bin
PATH: /usr/local/bin
PATH: /bin
PATH: /usr/bin
PATH: /usr/X11R6/bin
PATH: /mtkeda/ado/bin/rhel-4.8-i686
PATH: /mtkeda/IT/bin
PATH: /mtkeda/IT/sbin
PATH: /mtkeda/CI/MtkCheckStyle
PATH: /mtkeda/CI/MtkCheckStyle/MtkCheckStyle
PATH: /mtkeda/apb
PATH: /mtkeda/CI/MtkCheckStyle
PATH: /mtkeda/Utility/LM_daemon/Synopsys/11.6/Linux/amd64/bin
PATH: /proj/mtk11339/bin


## ----------- ##
## Core tests. ##
## ----------- ##

configure:2011: checking whether make sets $(MAKE)
configure:2033: result: yes
configure:2054: checking for mips-linux-gcc
configure:2070: found /opt/trendchip/mips-linux-3.4.6/bin/mips-linux-gcc
configure:2081: result: mips-linux-gcc
configure:2353: checking for C compiler version
configure:2361: mips-linux-gcc --version >&5
mips-linux-gcc (GCC) 3.4.6
Copyright (C) 2006 Free Software Foundation, Inc.
This is free software; see the source for copying conditions.  There is NO
warranty; not even for MERCHANTABILITY or FITNESS FOR A PARTICULAR PURPOSE.

configure:2365: $? = 0
configure:2372: mips-linux-gcc -v >&5
Reading specs from /mtkeda/bbn/trendchip/mips-linux-3.4.6/bin/../lib/gcc/mips-linux/3.4.6/specs
Configured with: /home/socsw_local/lino/toolchain/tc3162/new/gcc-3.4.6/configure --prefix=/opt/trendchip/mips-linux-3.4.6 --build=i386-pc-linux --host=i386-pc-linux --target=mips-linux --enable-languages=c,c++ --enable-shared --disable-__cxa_atexit --enable-target-optspace --disable-nls --enable-gofast --with-gnu-ld --with-gnu-as --disable-libssp --with-float=soft
Thread model: posix
gcc version 3.4.6
configure:2376: $? = 0
configure:2383: mips-linux-gcc -V >&5
mips-linux-gcc: `-V' option must have argument
configure:2387: $? = 1
configure:2410: checking for C compiler default output file name
configure:2432: mips-linux-gcc    conftest.c  >&5
configure:2436: $? = 0
configure:2474: result: a.out
configure:2493: checking whether the C compiler works
configure:2503: ./a.out
./configure: line 2505: ./a.out: cannot execute binary file
configure:2507: $? = 126
configure:2526: result: yes
configure:2533: checking whether we are cross compiling
configure:2535: result: yes
configure:2538: checking for suffix of executables
configure:2545: mips-linux-gcc -o conftest    conftest.c  >&5
configure:2549: $? = 0
configure:2575: result: 
configure:2581: checking for suffix of object files
configure:2607: mips-linux-gcc -c   conftest.c >&5
configure:2611: $? = 0
configure:2636: result: o
configure:2640: checking whether we are using the GNU C compiler
configure:2669: mips-linux-gcc -c   conftest.c >&5
configure:2676: $? = 0
configure:2693: result: yes
configure:2702: checking whether mips-linux-gcc accepts -g
configure:2732: mips-linux-gcc -c -g  conftest.c >&5
configure:2739: $? = 0
configure:2840: result: yes
configure:2857: checking for mips-linux-gcc option to accept ISO C89
configure:2931: mips-linux-gcc  -c -g -O2  conftest.c >&5
configure:2938: $? = 0
configure:2961: result: none needed
configure:2984: checking how to run the C preprocessor
configure:3024: mips-linux-gcc -E  conftest.c
configure:3031: $? = 0
configure:3062: mips-linux-gcc -E  conftest.c
conftest.c:8:28: ac_nonexistent.h: No such file or directory
configure:3069: $? = 1
configure: failed program was:
| /* confdefs.h.  */
| #define PACKAGE_NAME ""
| #define PACKAGE_TARNAME ""
| #define PACKAGE_VERSION ""
| #define PACKAGE_STRING ""
| #define PACKAGE_BUGREPORT ""
| /* end confdefs.h.  */
| #include <ac_nonexistent.h>
configure:3102: result: mips-linux-gcc -E
configure:3131: mips-linux-gcc -E  conftest.c
configure:3138: $? = 0
configure:3169: mips-linux-gcc -E  conftest.c
conftest.c:8:28: ac_nonexistent.h: No such file or directory
configure:3176: $? = 1
configure: failed program was:
| /* confdefs.h.  */
| #define PACKAGE_NAME ""
| #define PACKAGE_TARNAME ""
| #define PACKAGE_VERSION ""
| #define PACKAGE_STRING ""
| #define PACKAGE_BUGREPORT ""
| /* end confdefs.h.  */
| #include <ac_nonexistent.h>
configure:3229: checking for a BSD-compatible install
configure:3297: result: /usr/bin/install -c
configure:3316: checking build system type
configure:3334: result: i686-pc-linux-gnu
configure:3356: checking host system type
configure:3371: result: mips-unknown-linux-gnu
configure:3396: checking whether to activate relocatable installation
configure:3411: result: no
configure:3447: checking whether ln -s works
configure:3451: result: yes
configure:3462: checking for grep that handles long lines and -e
configure:3522: result: /bin/grep
configure:3527: checking for egrep
configure:3591: result: /bin/grep -E
configure:3596: checking for ANSI C header files
configure:3626: mips-linux-gcc -c -g -O2  conftest.c >&5
configure:3633: $? = 0
configure:3764: result: yes
configure:3788: checking for sys/types.h
configure:3809: mips-linux-gcc -c -g -O2  conftest.c >&5
configure:3816: $? = 0
configure:3833: result: yes
configure:3788: checking for sys/stat.h
configure:3809: mips-linux-gcc -c -g -O2  conftest.c >&5
configure:3816: $? = 0
configure:3833: result: yes
configure:3788: checking for stdlib.h
configure:3809: mips-linux-gcc -c -g -O2  conftest.c >&5
configure:3816: $? = 0
configure:3833: result: yes
configure:3788: checking for string.h
configure:3809: mips-linux-gcc -c -g -O2  conftest.c >&5
configure:3816: $? = 0
configure:3833: result: yes
configure:3788: checking for memory.h
configure:3809: mips-linux-gcc -c -g -O2  conftest.c >&5
configure:3816: $? = 0
configure:3833: result: yes
configure:3788: checking for strings.h
configure:3809: mips-linux-gcc -c -g -O2  conftest.c >&5
configure:3816: $? = 0
configure:3833: result: yes
configure:3788: checking for inttypes.h
configure:3809: mips-linux-gcc -c -g -O2  conftest.c >&5
configure:3816: $? = 0
configure:3833: result: yes
configure:3788: checking for stdint.h
configure:3809: mips-linux-gcc -c -g -O2  conftest.c >&5
configure:3816: $? = 0
configure:3833: result: yes
configure:3788: checking for unistd.h
configure:3809: mips-linux-gcc -c -g -O2  conftest.c >&5
configure:3816: $? = 0
configure:3833: result: yes
configure:3860: checking minix/config.h usability
configure:3877: mips-linux-gcc -c -g -O2  conftest.c >&5
conftest.c:52:26: minix/config.h: No such file or directory
configure:3884: $? = 1
configure: failed program was:
| /* confdefs.h.  */
| #define PACKAGE_NAME ""
| #define PACKAGE_TARNAME ""
| #define PACKAGE_VERSION ""
| #define PACKAGE_STRING ""
| #define PACKAGE_BUGREPORT ""
| #define INSTALLPREFIX "/proj/mtk11339/TO_RD/libiconv-1.13.1/output"
| #define STDC_HEADERS 1
| #define HAVE_SYS_TYPES_H 1
| #define HAVE_SYS_STAT_H 1
| #define HAVE_STDLIB_H 1
| #define HAVE_STRING_H 1
| #define HAVE_MEMORY_H 1
| #define HAVE_STRINGS_H 1
| #define HAVE_INTTYPES_H 1
| #define HAVE_STDINT_H 1
| #define HAVE_UNISTD_H 1
| /* end confdefs.h.  */
| #include <stdio.h>
| #ifdef HAVE_SYS_TYPES_H
| # include <sys/types.h>
| #endif
| #ifdef HAVE_SYS_STAT_H
| # include <sys/stat.h>
| #endif
| #ifdef STDC_HEADERS
| # include <stdlib.h>
| # include <stddef.h>
| #else
| # ifdef HAVE_STDLIB_H
| #  include <stdlib.h>
| # endif
| #endif
| #ifdef HAVE_STRING_H
| # if !defined STDC_HEADERS && defined HAVE_MEMORY_H
| #  include <memory.h>
| # endif
| # include <string.h>
| #endif
| #ifdef HAVE_STRINGS_H
| # include <strings.h>
| #endif
| #ifdef HAVE_INTTYPES_H
| # include <inttypes.h>
| #endif
| #ifdef HAVE_STDINT_H
| # include <stdint.h>
| #endif
| #ifdef HAVE_UNISTD_H
| # include <unistd.h>
| #endif
| #include <minix/config.h>
configure:3898: result: no
configure:3902: checking minix/config.h presence
configure:3917: mips-linux-gcc -E  conftest.c
conftest.c:19:26: minix/config.h: No such file or directory
configure:3924: $? = 1
configure: failed program was:
| /* confdefs.h.  */
| #define PACKAGE_NAME ""
| #define PACKAGE_TARNAME ""
| #define PACKAGE_VERSION ""
| #define PACKAGE_STRING ""
| #define PACKAGE_BUGREPORT ""
| #define INSTALLPREFIX "/proj/mtk11339/TO_RD/libiconv-1.13.1/output"
| #define STDC_HEADERS 1
| #define HAVE_SYS_TYPES_H 1
| #define HAVE_SYS_STAT_H 1
| #define HAVE_STDLIB_H 1
| #define HAVE_STRING_H 1
| #define HAVE_MEMORY_H 1
| #define HAVE_STRINGS_H 1
| #define HAVE_INTTYPES_H 1
| #define HAVE_STDINT_H 1
| #define HAVE_UNISTD_H 1
| /* end confdefs.h.  */
| #include <minix/config.h>
configure:3938: result: no
configure:3966: checking for minix/config.h
configure:3973: result: no
configure:4014: checking whether it is safe to define __EXTENSIONS__
configure:4042: mips-linux-gcc -c -g -O2  conftest.c >&5
configure:4049: $? = 0
configure:4064: result: yes
configure:4121: checking for a sed that does not truncate output
configure:4187: result: /bin/sed
configure:4205: checking for fgrep
configure:4269: result: /bin/grep -F
configure:4304: checking for ld used by mips-linux-gcc
configure:4371: result: /mtkeda/bbn/trendchip/mips-linux-3.4.6/mips-linux/bin/ld
configure:4380: checking if the linker (/mtkeda/bbn/trendchip/mips-linux-3.4.6/mips-linux/bin/ld) is GNU ld
configure:4395: result: yes
configure:4407: checking for BSD- or MS-compatible name lister (nm)
configure:4456: result: /opt/trendchip/mips-linux-3.4.6/bin/mips-linux-nm -B
configure:4574: checking the name lister (/opt/trendchip/mips-linux-3.4.6/bin/mips-linux-nm -B) interface
configure:4581: mips-linux-gcc -c -g -O2  conftest.c >&5
configure:4584: /opt/trendchip/mips-linux-3.4.6/bin/mips-linux-nm -B "conftest.o"
configure:4587: output
00000000 B some_variable
configure:4594: result: BSD nm
configure:4598: checking the maximum length of command line arguments
configure:4718: result: 98304
configure:4735: checking whether the shell understands some XSI constructs
configure:4745: result: yes
configure:4749: checking whether the shell understands "+="
configure:4755: result: no
configure:4790: checking for /mtkeda/bbn/trendchip/mips-linux-3.4.6/mips-linux/bin/ld option to reload object files
configure:4797: result: -r
configure:4826: checking for mips-linux-objdump
configure:4842: found /opt/trendchip/mips-linux-3.4.6/bin/mips-linux-objdump
configure:4853: result: mips-linux-objdump
configure:4922: checking how to recognize dependent libraries
configure:5118: result: pass_all
configure:5138: checking for mips-linux-ar
configure:5154: found /opt/trendchip/mips-linux-3.4.6/bin/mips-linux-ar
configure:5165: result: mips-linux-ar
configure:5243: checking for mips-linux-strip
configure:5259: found /opt/trendchip/mips-linux-3.4.6/bin/mips-linux-strip
configure:5270: result: mips-linux-strip
configure:5342: checking for mips-linux-ranlib
configure:5358: found /opt/trendchip/mips-linux-3.4.6/bin/mips-linux-ranlib
configure:5369: result: mips-linux-ranlib
configure:5499: checking command to parse /opt/trendchip/mips-linux-3.4.6/bin/mips-linux-nm -B output from mips-linux-gcc object
configure:5617: mips-linux-gcc -c -g -O2  conftest.c >&5
configure:5620: $? = 0
configure:5624: /opt/trendchip/mips-linux-3.4.6/bin/mips-linux-nm -B conftest.o \| sed -n -e 's/^.*[	 ]\([ABCDGIRSTW][ABCDGIRSTW]*\)[	 ][	 ]*\([_A-Za-z][_A-Za-z0-9]*\)$/\1 \2 \2/p' \> conftest.nm
configure:5627: $? = 0
configure:5681: mips-linux-gcc -o conftest -g -O2   conftest.c conftstm.o >&5
configure:5684: $? = 0
configure:5722: result: ok
configure:6587: checking for dlfcn.h
configure:6608: mips-linux-gcc -c -g -O2  conftest.c >&5
configure:6615: $? = 0
configure:6632: result: yes
configure:7116: checking for objdir
configure:7131: result: .libs
configure:7427: checking if mips-linux-gcc supports -fno-rtti -fno-exceptions
configure:7445: mips-linux-gcc -c -g -O2  -fno-rtti -fno-exceptions conftest.c >&5
cc1: warning: command line option "-fno-rtti" is valid for C++/ObjC++ but not for C
configure:7449: $? = 0
configure:7462: result: no
configure:7482: checking for mips-linux-gcc option to produce PIC
configure:7754: result: -fPIC -DPIC
configure:7766: checking if mips-linux-gcc PIC flag -fPIC -DPIC works
configure:7784: mips-linux-gcc -c -g -O2  -fPIC -DPIC -DPIC conftest.c >&5
configure:7788: $? = 0
configure:7801: result: yes
configure:7825: checking if mips-linux-gcc static flag -static works
configure:7853: result: yes
configure:7868: checking if mips-linux-gcc supports -c -o file.o
configure:7889: mips-linux-gcc -c -g -O2  -o out/conftest2.o conftest.c >&5
configure:7893: $? = 0
configure:7915: result: yes
configure:7923: checking if mips-linux-gcc supports -c -o file.o
configure:7970: result: yes
configure:8003: checking whether the mips-linux-gcc linker (/mtkeda/bbn/trendchip/mips-linux-3.4.6/mips-linux/bin/ld) supports shared libraries
configure:9077: result: yes
configure:9114: checking whether -lc should be explicitly linked in
configure:9119: mips-linux-gcc -c -g -O2  conftest.c >&5
configure:9122: $? = 0
configure:9137: mips-linux-gcc -shared conftest.o  -v -Wl,-soname -Wl,conftest -o conftest 2\>\&1 \| /bin/grep  -lc  \>/dev/null 2\>\&1
configure:9140: $? = 0
configure:9152: result: no
configure:9316: checking dynamic linker characteristics
configure:9759: mips-linux-gcc -o conftest -g -O2   -Wl,-rpath -Wl,/foo conftest.c  >&5
configure:9766: $? = 0
configure:9999: result: GNU/Linux ld.so
configure:10101: checking how to hardcode library paths into programs
configure:10126: result: immediate
configure:10959: checking whether stripping libraries is possible
configure:10964: result: yes
configure:10999: checking if libtool supports shared libraries
configure:11001: result: yes
configure:11004: checking whether to build shared libraries
configure:11025: result: yes
configure:11028: checking whether to build static libraries
configure:11032: result: no
configure:11072: checking for simple visibility declarations
configure:11104: mips-linux-gcc -c -g -O2 -fvisibility=hidden  conftest.c >&5
cc1: error: unrecognized command line option "-fvisibility=hidden"
configure:11111: $? = 1
configure: failed program was:
| /* confdefs.h.  */
| #define PACKAGE_NAME ""
| #define PACKAGE_TARNAME ""
| #define PACKAGE_VERSION ""
| #define PACKAGE_STRING ""
| #define PACKAGE_BUGREPORT ""
| #define INSTALLPREFIX "/proj/mtk11339/TO_RD/libiconv-1.13.1/output"
| #define STDC_HEADERS 1
| #define HAVE_SYS_TYPES_H 1
| #define HAVE_SYS_STAT_H 1
| #define HAVE_STDLIB_H 1
| #define HAVE_STRING_H 1
| #define HAVE_MEMORY_H 1
| #define HAVE_STRINGS_H 1
| #define HAVE_INTTYPES_H 1
| #define HAVE_STDINT_H 1
| #define HAVE_UNISTD_H 1
| #define __EXTENSIONS__ 1
| #define _ALL_SOURCE 1
| #define _GNU_SOURCE 1
| #define _POSIX_PTHREAD_SEMANTICS 1
| #define _TANDEM_SOURCE 1
| #define HAVE_DLFCN_H 1
| #define LT_OBJDIR ".libs/"
| /* end confdefs.h.  */
| extern __attribute__((__visibility__("hidden"))) int hiddenvar;
|          extern __attribute__((__visibility__("default"))) int exportedvar;
|          extern __attribute__((__visibility__("hidden"))) int hiddenfunc (void);
|          extern __attribute__((__visibility__("default"))) int exportedfunc (void);
| int
| main ()
| {
| 
|   ;
|   return 0;
| }
configure:11128: result: no
configure:11293: creating ./config.status

## ---------------------- ##
## Running config.status. ##
## ---------------------- ##

This file was extended by config.status, which was
generated by GNU Autoconf 2.63.  Invocation command line was

  CONFIG_FILES    = 
  CONFIG_HEADERS  = 
  CONFIG_LINKS    = 
  CONFIG_COMMANDS = 
  $ ./config.status 

on mbjsbblt06

config.status:881: creating Makefile
config.status:1086: executing libtool commands

## ---------------- ##
## Cache variables. ##
## ---------------- ##

ac_cv_build=i686-pc-linux-gnu
ac_cv_c_compiler_gnu=yes
ac_cv_env_CC_set=
ac_cv_env_CC_value=
ac_cv_env_CFLAGS_set=
ac_cv_env_CFLAGS_value=
ac_cv_env_CPPFLAGS_set=
ac_cv_env_CPPFLAGS_value=
ac_cv_env_CPP_set=
ac_cv_env_CPP_value=
ac_cv_env_LDFLAGS_set=
ac_cv_env_LDFLAGS_value=
ac_cv_env_LIBS_set=
ac_cv_env_LIBS_value=
ac_cv_env_build_alias_set=
ac_cv_env_build_alias_value=
ac_cv_env_host_alias_set=set
ac_cv_env_host_alias_value=mips-linux
ac_cv_env_target_alias_set=
ac_cv_env_target_alias_value=
ac_cv_header_dlfcn_h=yes
ac_cv_header_inttypes_h=yes
ac_cv_header_memory_h=yes
ac_cv_header_minix_config_h=no
ac_cv_header_stdc=yes
ac_cv_header_stdint_h=yes
ac_cv_header_stdlib_h=yes
ac_cv_header_string_h=yes
ac_cv_header_strings_h=yes
ac_cv_header_sys_stat_h=yes
ac_cv_header_sys_types_h=yes
ac_cv_header_unistd_h=yes
ac_cv_host=mips-unknown-linux-gnu
ac_cv_objext=o
ac_cv_path_EGREP='/bin/grep -E'
ac_cv_path_FGREP='/bin/grep -F'
ac_cv_path_GREP=/bin/grep
ac_cv_path_SED=/bin/sed
ac_cv_path_install='/usr/bin/install -c'
ac_cv_prog_AR=mips-linux-ar
ac_cv_prog_CC=mips-linux-gcc
ac_cv_prog_CPP='mips-linux-gcc -E'
ac_cv_prog_OBJDUMP=mips-linux-objdump
ac_cv_prog_RANLIB=mips-linux-ranlib
ac_cv_prog_STRIP=mips-linux-strip
ac_cv_prog_cc_c89=
ac_cv_prog_cc_g=yes
ac_cv_prog_make_make_set=yes
ac_cv_safe_to_define___extensions__=yes
gl_cv_cc_visibility=no
lt_cv_deplibs_check_method=pass_all
lt_cv_file_magic_cmd='$MAGIC_CMD'
lt_cv_file_magic_test_file=
lt_cv_ld_reload_flag=-r
lt_cv_nm_interface='BSD nm'
lt_cv_objdir=.libs
lt_cv_path_LD=/mtkeda/bbn/trendchip/mips-linux-3.4.6/mips-linux/bin/ld
lt_cv_path_NM='/opt/trendchip/mips-linux-3.4.6/bin/mips-linux-nm -B'
lt_cv_prog_compiler_c_o=yes
lt_cv_prog_compiler_pic_works=yes
lt_cv_prog_compiler_rtti_exceptions=no
lt_cv_prog_compiler_static_works=yes
lt_cv_prog_gnu_ld=yes
lt_cv_sys_global_symbol_pipe='sed -n -e '\''s/^.*[	 ]\([ABCDGIRSTW][ABCDGIRSTW]*\)[	 ][	 ]*\([_A-Za-z][_A-Za-z0-9]*\)$/\1 \2 \2/p'\'''
lt_cv_sys_global_symbol_to_c_name_address='sed -n -e '\''s/^: \([^ ]*\) $/  {\"\1\", (void *) 0},/p'\'' -e '\''s/^[ABCDGIRSTW]* \([^ ]*\) \([^ ]*\)$/  {"\2", (void *) \&\2},/p'\'''
lt_cv_sys_global_symbol_to_c_name_address_lib_prefix='sed -n -e '\''s/^: \([^ ]*\) $/  {\"\1\", (void *) 0},/p'\'' -e '\''s/^[ABCDGIRSTW]* \([^ ]*\) \(lib[^ ]*\)$/  {"\2", (void *) \&\2},/p'\'' -e '\''s/^[ABCDGIRSTW]* \([^ ]*\) \([^ ]*\)$/  {"lib\2", (void *) \&\2},/p'\'''
lt_cv_sys_global_symbol_to_cdecl='sed -n -e '\''s/^T .* \(.*\)$/extern int \1();/p'\'' -e '\''s/^[ABCDGIRSTW]* .* \(.*\)$/extern char \1;/p'\'''
lt_cv_sys_max_cmd_len=98304

## ----------------- ##
## Output variables. ##
## ----------------- ##

AR='mips-linux-ar'
AS='as'
CC='mips-linux-gcc'
CFLAGS='-g -O2'
CFLAG_VISIBILITY=''
CPP='mips-linux-gcc -E'
CPPFLAGS=''
DEFS='-DPACKAGE_NAME=\"\" -DPACKAGE_TARNAME=\"\" -DPACKAGE_VERSION=\"\" -DPACKAGE_STRING=\"\" -DPACKAGE_BUGREPORT=\"\" -DINSTALLPREFIX=\"/proj/mtk11339/TO_RD/libiconv-1.13.1/output\" -DSTDC_HEADERS=1 -DHAVE_SYS_TYPES_H=1 -DHAVE_SYS_STAT_H=1 -DHAVE_STDLIB_H=1 -DHAVE_STRING_H=1 -DHAVE_MEMORY_H=1 -DHAVE_STRINGS_H=1 -DHAVE_INTTYPES_H=1 -DHAVE_STDINT_H=1 -DHAVE_UNISTD_H=1 -D__EXTENSIONS__=1 -D_ALL_SOURCE=1 -D_GNU_SOURCE=1 -D_POSIX_PTHREAD_SEMANTICS=1 -D_TANDEM_SOURCE=1 -DHAVE_DLFCN_H=1 -DLT_OBJDIR=\".libs/\" -DHAVE_VISIBILITY=0'
DLLTOOL='dlltool'
DSYMUTIL=''
DUMPBIN=''
ECHO_C=''
ECHO_N='-n'
ECHO_T=''
EGREP='/bin/grep -E'
EXEEXT=''
FGREP='/bin/grep -F'
GREP='/bin/grep'
HAVE_VISIBILITY='0'
INSTALL_DATA='${INSTALL} -m 644'
INSTALL_PROGRAM='${INSTALL}'
INSTALL_SCRIPT='${INSTALL}'
LD='/mtkeda/bbn/trendchip/mips-linux-3.4.6/mips-linux/bin/ld'
LDFLAGS=''
LIBOBJS=''
LIBS=''
LIBTOOL='/bin/sh $(top_builddir)/libtool'
LIPO=''
LN_S='ln -s'
LTLIBOBJS=''
NM='/opt/trendchip/mips-linux-3.4.6/bin/mips-linux-nm -B'
NMEDIT=''
OBJDUMP='mips-linux-objdump'
OBJEXT='o'
OTOOL64=''
OTOOL=''
PACKAGE=''
PACKAGE_BUGREPORT=''
PACKAGE_NAME=''
PACKAGE_STRING=''
PACKAGE_TARNAME=''
PACKAGE_VERSION=''
PATH_SEPARATOR=':'
PLUGLIB='preloadable_libiconv.so'
RANLIB='mips-linux-ranlib'
RELOCATABLE='no'
SED='/bin/sed'
SET_MAKE=''
SHELL='/bin/sh'
STRIP='mips-linux-strip'
VERSION=''
ac_ct_CC=''
ac_ct_DUMPBIN=''
bindir='${exec_prefix}/bin'
build='i686-pc-linux-gnu'
build_alias=''
build_cpu='i686'
build_os='linux-gnu'
build_vendor='pc'
datadir='${datarootdir}'
datarootdir='${prefix}/share'
docdir='${datarootdir}/doc/${PACKAGE}'
dvidir='${docdir}'
exec_prefix='${prefix}'
host='mips-unknown-linux-gnu'
host_alias='mips-linux'
host_cpu='mips'
host_os='linux-gnu'
host_vendor='unknown'
htmldir='${docdir}'
includedir='${prefix}/include'
infodir='${datarootdir}/info'
libdir='${exec_prefix}/lib'
libexecdir='${exec_prefix}/libexec'
localedir='${datarootdir}/locale'
localstatedir='${prefix}/var'
lt_ECHO='echo'
mandir='${datarootdir}/man'
oldincludedir='/usr/include'
pdfdir='${docdir}'
prefix='/proj/mtk11339/TO_RD/libiconv-1.13.1/output'
program_transform_name='s,x,x,'
psdir='${docdir}'
sbindir='${exec_prefix}/sbin'
sharedstatedir='${prefix}/com'
sysconfdir='${prefix}/etc'
target_alias=''

## ----------- ##
## confdefs.h. ##
## ----------- ##

#define PACKAGE_NAME ""
#define PACKAGE_TARNAME ""
#define PACKAGE_VERSION ""
#define PACKAGE_STRING ""
#define PACKAGE_BUGREPORT ""
#define INSTALLPREFIX "/proj/mtk11339/TO_RD/libiconv-1.13.1/output"
#define STDC_HEADERS 1
#define HAVE_SYS_TYPES_H 1
#define HAVE_SYS_STAT_H 1
#define HAVE_STDLIB_H 1
#define HAVE_STRING_H 1
#define HAVE_MEMORY_H 1
#define HAVE_STRINGS_H 1
#define HAVE_INTTYPES_H 1
#define HAVE_STDINT_H 1
#define HAVE_UNISTD_H 1
#define __EXTENSIONS__ 1
#define _ALL_SOURCE 1
#define _GNU_SOURCE 1
#define _POSIX_PTHREAD_SEMANTICS 1
#define _TANDEM_SOURCE 1
#define HAVE_DLFCN_H 1
#define LT_OBJDIR ".libs/"
#define HAVE_VISIBILITY 0

configure: exit 0
